#
# There is insufficient memory for the Java Runtime Environment to continue.
# Native memory allocation (mmap) failed to map 128974848 bytes for G1 virtual space
# Possible reasons:
#   The system is out of physical RAM or swap space
#   The process is running with CompressedOops enabled, and the Java Heap may be blocking the growth of the native heap
# Possible solutions:
#   Reduce memory load on the system
#   Increase physical memory or swap space
#   Check if swap backing store is full
#   Decrease Java heap size (-Xmx/-Xms)
#   Decrease number of Java threads
#   Decrease Java thread stack sizes (-Xss)
#   Set larger code cache with -XX:ReservedCodeCacheSize=
#   JVM is running with Unscaled Compressed Oops mode in which the Java heap is
#     placed in the first 4GB address space. The Java Heap base address is the
#     maximum limit for the native heap growth. Please use -XX:HeapBaseMinAddress
#     to set the Java Heap base and to place the Java Heap above 4GB virtual address.
# This output file may be truncated or incomplete.
#
#  Out of Memory Error (os_windows.cpp:3548), pid=14464, tid=9828
#
# JRE version: OpenJDK Runtime Environment Temurin-17.0.5+8 (17.0.5+8) (build 17.0.5+8)
# Java VM: OpenJDK 64-Bit Server VM Temurin-17.0.5+8 (17.0.5+8, mixed mode, emulated-client, tiered, compressed oops, compressed class ptrs, g1 gc, windows-amd64)
# No core dump will be written. Minidumps are not enabled by default on client versions of Windows
#

---------------  S U M M A R Y ------------

Command Line: -Dsts.lsp.client=vscode -Dsts.log.file=/dev/null -XX:TieredStopAtLevel=1 -Xlog:jni+resolve=off -Dspring.config.location=file:c:\Users\User\.vscode\extensions\pivotal.vscode-spring-boot-1.40.0\language-server\BOOT-INF\classes\application.properties org.springframework.ide.vscode.boot.app.BootLanguageServerBootApp

Host: Intel(R) Core(TM) i5-7200U CPU @ 2.50GHz, 4 cores, 7G,  Windows 10 , 64 bit Build 19041 (10.0.19041.2251)
Time: Tue Dec  6 11:30:16 2022 Hora oficial do Brasil elapsed time: 5.701825 seconds (0d 0h 0m 5s)

---------------  T H R E A D  ---------------

Current thread (0x00000211b173e550):  VMThread "VM Thread" [stack: 0x00000080f5600000,0x00000080f5700000] [id=9828]

Stack: [0x00000080f5600000,0x00000080f5700000]
Native frames: (J=compiled Java code, j=interpreted, Vv=VM code, C=native code)
V  [jvm.dll+0x676b3a]
V  [jvm.dll+0x831444]
V  [jvm.dll+0x832bee]
V  [jvm.dll+0x833253]
V  [jvm.dll+0x244ce5]
V  [jvm.dll+0x673a49]
V  [jvm.dll+0x66811a]
V  [jvm.dll+0x303ceb]
V  [jvm.dll+0x30b1e6]
V  [jvm.dll+0x35adbe]
V  [jvm.dll+0x35afef]
V  [jvm.dll+0x2dab88]
V  [jvm.dll+0x2d8e3c]
V  [jvm.dll+0x2d840c]
V  [jvm.dll+0x31c31b]
V  [jvm.dll+0x8376fb]
V  [jvm.dll+0x838434]
V  [jvm.dll+0x83894c]
V  [jvm.dll+0x838d24]
V  [jvm.dll+0x838df0]
V  [jvm.dll+0x7e17ea]
V  [jvm.dll+0x6759e5]
C  [ucrtbase.dll+0x21bb2]
C  [KERNEL32.DLL+0x174b4]
C  [ntdll.dll+0x526a1]

VM_Operation (0x00000080f6dfe9d0): G1CollectForAllocation, mode: safepoint, requested by thread 0x00000211b40fc020


---------------  P R O C E S S  ---------------

Threads class SMR info:
_java_thread_list=0x00000211b5dc7dd0, length=31, elements={
0x00000211b1755750, 0x00000211b1756360, 0x00000211b177b810, 0x00000211b2129080,
0x00000211b2129550, 0x00000211b2129a20, 0x00000211b2131400, 0x00000211b213b930,
0x00000211b227aeb0, 0x00000211b16d8690, 0x00000211b234e520, 0x00000211b2354bc0,
0x00000211b3c6b030, 0x00000211b4065400, 0x00000211b40658d0, 0x00000211a4bbcc40,
0x00000211b3b6d8d0, 0x00000211b3fc34a0, 0x00000211b3fc3970, 0x00000211b40fc020,
0x00000211b41df800, 0x00000211b4236a00, 0x00000211b4236060, 0x00000211b4239550,
0x00000211b4238bb0, 0x00000211b42386e0, 0x00000211b4236ed0, 0x00000211b42373a0,
0x00000211b4239a20, 0x00000211b4237870, 0x00000211b4239080
}

Java Threads: ( => current thread )
  0x00000211b1755750 JavaThread "Reference Handler" daemon [_thread_blocked, id=12460, stack(0x00000080f5700000,0x00000080f5800000)]
  0x00000211b1756360 JavaThread "Finalizer" daemon [_thread_blocked, id=4076, stack(0x00000080f5800000,0x00000080f5900000)]
  0x00000211b177b810 JavaThread "Signal Dispatcher" daemon [_thread_blocked, id=12216, stack(0x00000080f5900000,0x00000080f5a00000)]
  0x00000211b2129080 JavaThread "Attach Listener" daemon [_thread_blocked, id=13036, stack(0x00000080f5a00000,0x00000080f5b00000)]
  0x00000211b2129550 JavaThread "Service Thread" daemon [_thread_blocked, id=3012, stack(0x00000080f5b00000,0x00000080f5c00000)]
  0x00000211b2129a20 JavaThread "Monitor Deflation Thread" daemon [_thread_blocked, id=12208, stack(0x00000080f5c00000,0x00000080f5d00000)]
  0x00000211b2131400 JavaThread "C1 CompilerThread0" daemon [_thread_blocked, id=11752, stack(0x00000080f5d00000,0x00000080f5e00000)]
  0x00000211b213b930 JavaThread "Sweeper thread" daemon [_thread_blocked, id=6900, stack(0x00000080f5e00000,0x00000080f5f00000)]
  0x00000211b227aeb0 JavaThread "C1 CompilerThread1" daemon [_thread_blocked, id=12488, stack(0x00000080f5f00000,0x00000080f6000000)]
  0x00000211b16d8690 JavaThread "C1 CompilerThread2" daemon [_thread_blocked, id=10452, stack(0x00000080f6000000,0x00000080f6100000)]
  0x00000211b234e520 JavaThread "Notification Thread" daemon [_thread_blocked, id=15176, stack(0x00000080f6100000,0x00000080f6200000)]
  0x00000211b2354bc0 JavaThread "Common-Cleaner" daemon [_thread_blocked, id=12320, stack(0x00000080f6300000,0x00000080f6400000)]
  0x00000211b3c6b030 JavaThread "boundedElastic-evictor-1" daemon [_thread_blocked, id=14808, stack(0x00000080f6700000,0x00000080f6800000)]
  0x00000211b4065400 JavaThread "pool-9-thread-1" [_thread_blocked, id=4696, stack(0x00000080f6800000,0x00000080f6900000)]
  0x00000211b40658d0 JavaThread "LanguageServerApp-lifecycle" [_thread_blocked, id=14948, stack(0x00000080f6900000,0x00000080f6a00000)]
  0x00000211a4bbcc40 JavaThread "DestroyJavaVM" [_thread_blocked, id=1252, stack(0x00000080f5000000,0x00000080f5100000)]
  0x00000211b3b6d8d0 JavaThread "pool-10-thread-1" [_thread_in_native, id=17156, stack(0x00000080f6a00000,0x00000080f6b00000)]
  0x00000211b3fc34a0 JavaThread "Simple-Language-Server main thread" daemon [_thread_blocked, id=16548, stack(0x00000080f6b00000,0x00000080f6c00000)]
  0x00000211b3fc3970 JavaThread "ForkJoinPool.commonPool-worker-1" daemon [_thread_blocked, id=12336, stack(0x00000080f6c00000,0x00000080f6d00000)]
  0x00000211b40fc020 JavaThread "ClassGraph-worker-0" daemon [_thread_blocked, id=16428, stack(0x00000080f6d00000,0x00000080f6e00000)]
  0x00000211b41df800 JavaThread "ClassGraph-worker-1" daemon [_thread_blocked, id=13788, stack(0x00000080f6e00000,0x00000080f6f00000)]
  0x00000211b4236a00 JavaThread "ClassGraph-worker-2" daemon [_thread_blocked, id=15764, stack(0x00000080f6f00000,0x00000080f7000000)]
  0x00000211b4236060 JavaThread "ClassGraph-worker-3" daemon [_thread_blocked, id=11420, stack(0x00000080f7000000,0x00000080f7100000)]
  0x00000211b4239550 JavaThread "ClassGraph-worker-4" daemon [_thread_blocked, id=14476, stack(0x00000080f7100000,0x00000080f7200000)]
  0x00000211b4238bb0 JavaThread "ClassGraph-worker-5" daemon [_thread_blocked, id=9948, stack(0x00000080f7200000,0x00000080f7300000)]
  0x00000211b42386e0 JavaThread "ClassGraph-worker-6" daemon [_thread_blocked, id=11092, stack(0x00000080f7300000,0x00000080f7400000)]
  0x00000211b4236ed0 JavaThread "ClassGraph-worker-7" daemon [_thread_blocked, id=10516, stack(0x00000080f7400000,0x00000080f7500000)]
  0x00000211b42373a0 JavaThread "parallel-1" daemon [_thread_blocked, id=2016, stack(0x00000080f7500000,0x00000080f7600000)]
  0x00000211b4239a20 JavaThread "pool-5-thread-1" [_thread_blocked, id=3828, stack(0x00000080f7800000,0x00000080f7900000)]
  0x00000211b4237870 JavaThread "parallel-2" daemon [_thread_blocked, id=3648, stack(0x00000080f7900000,0x00000080f7a00000)]
  0x00000211b4239080 JavaThread "Project-Reconciler-1" daemon [_thread_blocked, id=16132, stack(0x00000080f7a00000,0x00000080f7b00000)]

Other Threads:
=>0x00000211b173e550 VMThread "VM Thread" [stack: 0x00000080f5600000,0x00000080f5700000] [id=9828]
  0x00000211a4c3a4f0 WatcherThread [stack: 0x00000080f6200000,0x00000080f6300000] [id=15216]
  0x00000211a4c17060 GCTaskThread "GC Thread#0" [stack: 0x00000080f5100000,0x00000080f5200000] [id=8536]
  0x00000211b2b8f730 GCTaskThread "GC Thread#1" [stack: 0x00000080f6400000,0x00000080f6500000] [id=7148]
  0x00000211b2ba45e0 GCTaskThread "GC Thread#2" [stack: 0x00000080f6500000,0x00000080f6600000] [id=15520]
  0x00000211b2cb33d0 GCTaskThread "GC Thread#3" [stack: 0x00000080f6600000,0x00000080f6700000] [id=13200]
  0x00000211a4c28bd0 ConcurrentGCThread "G1 Main Marker" [stack: 0x00000080f5200000,0x00000080f5300000] [id=2088]
  0x00000211a4c29c90 ConcurrentGCThread "G1 Conc#0" [stack: 0x00000080f5300000,0x00000080f5400000] [id=9692]
  0x00000211b15a40c0 ConcurrentGCThread "G1 Refine#0" [stack: 0x00000080f5400000,0x00000080f5500000] [id=10360]
  0x00000211b41dfcd0 ConcurrentGCThread "G1 Refine#1" [stack: 0x00000080f7600000,0x00000080f7700000] [id=1452]
  0x00000211b4259620 ConcurrentGCThread "G1 Refine#2" [stack: 0x00000080f7700000,0x00000080f7800000] [id=13448]
  0x00000211b15a7620 ConcurrentGCThread "G1 Service" [stack: 0x00000080f5500000,0x00000080f5600000] [id=12612]

Threads with active compile tasks:

VM state: at safepoint (normal execution)

VM Mutex/Monitor currently owned by a thread:  ([mutex/lock_event])
[0x00000211a4bb79f0] Threads_lock - owner thread: 0x00000211b173e550
[0x00000211a4bb8260] Heap_lock - owner thread: 0x00000211b40fc020

Heap address: 0x0000000081e00000, size: 2018 MB, Compressed Oops mode: 32-bit

CDS archive(s) not mapped
Compressed class space mapped at: 0x0000000100000000-0x0000000140000000, reserved size: 1073741824
Narrow klass base: 0x0000000000000000, Narrow klass shift: 3, Narrow klass range: 0x140000000

GC Precious Log:
 CPUs: 4 total, 4 available
 Memory: 8067M
 Large Page Support: Disabled
 NUMA Support: Disabled
 Compressed Oops: Enabled (32-bit)
 Heap Region Size: 1M
 Heap Min Capacity: 8M
 Heap Initial Capacity: 128M
 Heap Max Capacity: 2018M
 Pre-touch: Disabled
 Parallel Workers: 4
 Concurrent Workers: 1
 Concurrent Refinement Workers: 4
 Periodic GC: Disabled

Heap:
 garbage-first heap   total 131072K, used 60659K [0x0000000081e00000, 0x0000000100000000)
  region size 1024K, 1 young (1024K), 1 survivors (1024K)
 Metaspace       used 38673K, committed 39040K, reserved 1089536K
  class space    used 4893K, committed 5056K, reserved 1048576K

Heap Regions: E=young(eden), S=young(survivor), O=old, HS=humongous(starts), HC=humongous(continues), CS=collection set, F=free, OA=open archive, CA=closed archive, TAMS=top-at-mark-start (previous, next)
|   0|0x0000000081e00000, 0x0000000081f00000, 0x0000000081f00000|100%| O|  |TAMS 0x0000000081f00000, 0x0000000081e00000| Untracked 
|   1|0x0000000081f00000, 0x0000000082000000, 0x0000000082000000|100%| O|  |TAMS 0x0000000082000000, 0x0000000081f00000| Untracked 
|   2|0x0000000082000000, 0x0000000082100000, 0x0000000082100000|100%| O|  |TAMS 0x0000000082100000, 0x0000000082000000| Untracked 
|   3|0x0000000082100000, 0x0000000082200000, 0x0000000082200000|100%| O|  |TAMS 0x0000000082200000, 0x0000000082100000| Untracked 
|   4|0x0000000082200000, 0x0000000082300000, 0x0000000082300000|100%| O|  |TAMS 0x0000000082300000, 0x0000000082200000| Untracked 
|   5|0x0000000082300000, 0x0000000082400000, 0x0000000082400000|100%| O|  |TAMS 0x0000000082400000, 0x0000000082300000| Untracked 
|   6|0x0000000082400000, 0x0000000082500000, 0x0000000082500000|100%| O|  |TAMS 0x0000000082500000, 0x0000000082400000| Untracked 
|   7|0x0000000082500000, 0x0000000082600000, 0x0000000082600000|100%| O|  |TAMS 0x0000000082500000, 0x0000000082500000| Untracked 
|   8|0x0000000082600000, 0x0000000082700000, 0x0000000082700000|100%| O|  |TAMS 0x0000000082700000, 0x0000000082600000| Untracked 
|   9|0x0000000082700000, 0x0000000082800000, 0x0000000082800000|100%| O|  |TAMS 0x0000000082800000, 0x0000000082700000| Untracked 
|  10|0x0000000082800000, 0x0000000082900000, 0x0000000082900000|100%| O|  |TAMS 0x0000000082900000, 0x0000000082800000| Untracked 
|  11|0x0000000082900000, 0x0000000082a00000, 0x0000000082a00000|100%| O|  |TAMS 0x0000000082a00000, 0x0000000082900000| Untracked 
|  12|0x0000000082a00000, 0x0000000082b00000, 0x0000000082b00000|100%| O|  |TAMS 0x0000000082b00000, 0x0000000082a00000| Untracked 
|  13|0x0000000082b00000, 0x0000000082c00000, 0x0000000082c00000|100%| O|  |TAMS 0x0000000082c00000, 0x0000000082b00000| Untracked 
|  14|0x0000000082c00000, 0x0000000082d00000, 0x0000000082d00000|100%| O|  |TAMS 0x0000000082d00000, 0x0000000082c00000| Untracked 
|  15|0x0000000082d00000, 0x0000000082e00000, 0x0000000082e00000|100%| O|  |TAMS 0x0000000082e00000, 0x0000000082d00000| Untracked 
|  16|0x0000000082e00000, 0x0000000082f00000, 0x0000000082f00000|100%| O|  |TAMS 0x0000000082f00000, 0x0000000082e00000| Untracked 
|  17|0x0000000082f00000, 0x0000000082f00000, 0x0000000083000000|  0%| F|  |TAMS 0x0000000082f00000, 0x0000000082f00000| Untracked 
|  18|0x0000000083000000, 0x0000000083100000, 0x0000000083100000|100%| O|  |TAMS 0x0000000083100000, 0x0000000083000000| Untracked 
|  19|0x0000000083100000, 0x0000000083200000, 0x0000000083200000|100%| O|  |TAMS 0x0000000083200000, 0x0000000083100000| Untracked 
|  20|0x0000000083200000, 0x0000000083300000, 0x0000000083300000|100%| O|  |TAMS 0x0000000083300000, 0x0000000083200000| Untracked 
|  21|0x0000000083300000, 0x0000000083400000, 0x0000000083400000|100%| O|  |TAMS 0x0000000083400000, 0x0000000083300000| Untracked 
|  22|0x0000000083400000, 0x0000000083500000, 0x0000000083500000|100%| O|  |TAMS 0x0000000083500000, 0x0000000083400000| Untracked 
|  23|0x0000000083500000, 0x0000000083600000, 0x0000000083600000|100%| O|  |TAMS 0x0000000083600000, 0x0000000083500000| Untracked 
|  24|0x0000000083600000, 0x0000000083700000, 0x0000000083700000|100%| O|  |TAMS 0x0000000083700000, 0x0000000083600000| Untracked 
|  25|0x0000000083700000, 0x0000000083800000, 0x0000000083800000|100%| O|  |TAMS 0x0000000083800000, 0x0000000083700000| Untracked 
|  26|0x0000000083800000, 0x0000000083900000, 0x0000000083900000|100%| O|  |TAMS 0x0000000083900000, 0x0000000083800000| Untracked 
|  27|0x0000000083900000, 0x0000000083a00000, 0x0000000083a00000|100%| O|  |TAMS 0x0000000083a00000, 0x0000000083900000| Untracked 
|  28|0x0000000083a00000, 0x0000000083b00000, 0x0000000083b00000|100%| O|  |TAMS 0x0000000083b00000, 0x0000000083a00000| Untracked 
|  29|0x0000000083b00000, 0x0000000083c00000, 0x0000000083c00000|100%| O|  |TAMS 0x0000000083c00000, 0x0000000083b00000| Untracked 
|  30|0x0000000083c00000, 0x0000000083d00000, 0x0000000083d00000|100%| O|  |TAMS 0x0000000083d00000, 0x0000000083c00000| Untracked 
|  31|0x0000000083d00000, 0x0000000083e00000, 0x0000000083e00000|100%| O|  |TAMS 0x0000000083e00000, 0x0000000083d00000| Untracked 
|  32|0x0000000083e00000, 0x0000000083f00000, 0x0000000083f00000|100%| O|  |TAMS 0x0000000083f00000, 0x0000000083e00000| Untracked 
|  33|0x0000000083f00000, 0x0000000084000000, 0x0000000084000000|100%| O|  |TAMS 0x0000000084000000, 0x0000000083f00000| Untracked 
|  34|0x0000000084000000, 0x0000000084100000, 0x0000000084100000|100%| O|  |TAMS 0x0000000084100000, 0x0000000084000000| Untracked 
|  35|0x0000000084100000, 0x0000000084200000, 0x0000000084200000|100%| O|  |TAMS 0x0000000084200000, 0x0000000084100000| Untracked 
|  36|0x0000000084200000, 0x0000000084300000, 0x0000000084300000|100%| O|  |TAMS 0x0000000084300000, 0x0000000084200000| Untracked 
|  37|0x0000000084300000, 0x0000000084400000, 0x0000000084400000|100%| O|  |TAMS 0x0000000084400000, 0x0000000084300000| Untracked 
|  38|0x0000000084400000, 0x0000000084500000, 0x0000000084500000|100%| O|  |TAMS 0x0000000084444e00, 0x0000000084400000| Untracked 
|  39|0x0000000084500000, 0x0000000084600000, 0x0000000084600000|100%| O|  |TAMS 0x0000000084500000, 0x0000000084500000| Untracked 
|  40|0x0000000084600000, 0x0000000084700000, 0x0000000084700000|100%| O|  |TAMS 0x0000000084600000, 0x0000000084600000| Untracked 
|  41|0x0000000084700000, 0x0000000084800000, 0x0000000084800000|100%| O|  |TAMS 0x0000000084700000, 0x0000000084700000| Untracked 
|  42|0x0000000084800000, 0x0000000084900000, 0x0000000084900000|100%| O|  |TAMS 0x0000000084800000, 0x0000000084800000| Untracked 
|  43|0x0000000084900000, 0x0000000084a00000, 0x0000000084a00000|100%| O|  |TAMS 0x0000000084900000, 0x0000000084900000| Untracked 
|  44|0x0000000084a00000, 0x0000000084b00000, 0x0000000084b00000|100%| O|  |TAMS 0x0000000084a00000, 0x0000000084a00000| Untracked 
|  45|0x0000000084b00000, 0x0000000084c00000, 0x0000000084c00000|100%| O|  |TAMS 0x0000000084b00000, 0x0000000084b00000| Untracked 
|  46|0x0000000084c00000, 0x0000000084d00000, 0x0000000084d00000|100%| O|  |TAMS 0x0000000084c00000, 0x0000000084c00000| Untracked 
|  47|0x0000000084d00000, 0x0000000084e00000, 0x0000000084e00000|100%| O|  |TAMS 0x0000000084d00000, 0x0000000084d00000| Untracked 
|  48|0x0000000084e00000, 0x0000000084f00000, 0x0000000084f00000|100%|HS|  |TAMS 0x0000000084e00000, 0x0000000084e00000| Complete 
|  49|0x0000000084f00000, 0x0000000085000000, 0x0000000085000000|100%| O|  |TAMS 0x0000000084f00000, 0x0000000084f00000| Untracked 
|  50|0x0000000085000000, 0x0000000085100000, 0x0000000085100000|100%| O|  |TAMS 0x0000000085000000, 0x0000000085000000| Untracked 
|  51|0x0000000085100000, 0x0000000085200000, 0x0000000085200000|100%| O|  |TAMS 0x0000000085100000, 0x0000000085100000| Untracked 
|  52|0x0000000085200000, 0x0000000085300000, 0x0000000085300000|100%| O|  |TAMS 0x0000000085200000, 0x0000000085200000| Untracked 
|  53|0x0000000085300000, 0x0000000085400000, 0x0000000085400000|100%| O|  |TAMS 0x0000000085300000, 0x0000000085300000| Untracked 
|  54|0x0000000085400000, 0x0000000085500000, 0x0000000085500000|100%| O|  |TAMS 0x0000000085400000, 0x0000000085400000| Untracked 
|  55|0x0000000085500000, 0x0000000085600000, 0x0000000085600000|100%| O|  |TAMS 0x0000000085500000, 0x0000000085500000| Untracked 
|  56|0x0000000085600000, 0x0000000085700000, 0x0000000085700000|100%| O|  |TAMS 0x0000000085600000, 0x0000000085600000| Untracked 
|  57|0x0000000085700000, 0x0000000085800000, 0x0000000085800000|100%| O|  |TAMS 0x0000000085700000, 0x0000000085700000| Untracked 
|  58|0x0000000085800000, 0x0000000085900000, 0x0000000085900000|100%| O|  |TAMS 0x0000000085800000, 0x0000000085800000| Untracked 
|  59|0x0000000085900000, 0x000000008598ba00, 0x0000000085a00000| 54%| O|  |TAMS 0x0000000085900000, 0x0000000085900000| Untracked 
|  60|0x0000000085a00000, 0x0000000085a00000, 0x0000000085b00000|  0%| F|  |TAMS 0x0000000085a00000, 0x0000000085a00000| Untracked 
|  61|0x0000000085b00000, 0x0000000085b00000, 0x0000000085c00000|  0%| F|  |TAMS 0x0000000085b00000, 0x0000000085b00000| Untracked 
|  62|0x0000000085c00000, 0x0000000085c00000, 0x0000000085d00000|  0%| F|  |TAMS 0x0000000085c00000, 0x0000000085c00000| Untracked 
|  63|0x0000000085d00000, 0x0000000085d00000, 0x0000000085e00000|  0%| F|  |TAMS 0x0000000085d00000, 0x0000000085d00000| Untracked 
|  64|0x0000000085e00000, 0x0000000085e00000, 0x0000000085f00000|  0%| F|  |TAMS 0x0000000085e00000, 0x0000000085e00000| Untracked 
|  65|0x0000000085f00000, 0x0000000085f00000, 0x0000000086000000|  0%| F|  |TAMS 0x0000000085f00000, 0x0000000085f00000| Untracked 
|  66|0x0000000086000000, 0x0000000086000000, 0x0000000086100000|  0%| F|  |TAMS 0x0000000086000000, 0x0000000086000000| Untracked 
|  67|0x0000000086100000, 0x0000000086100000, 0x0000000086200000|  0%| F|  |TAMS 0x0000000086100000, 0x0000000086100000| Untracked 
|  68|0x0000000086200000, 0x0000000086200000, 0x0000000086300000|  0%| F|  |TAMS 0x0000000086200000, 0x0000000086200000| Untracked 
|  69|0x0000000086300000, 0x0000000086300000, 0x0000000086400000|  0%| F|  |TAMS 0x0000000086300000, 0x0000000086300000| Untracked 
|  70|0x0000000086400000, 0x0000000086400000, 0x0000000086500000|  0%| F|  |TAMS 0x0000000086400000, 0x0000000086400000| Untracked 
|  71|0x0000000086500000, 0x0000000086500000, 0x0000000086600000|  0%| F|  |TAMS 0x0000000086500000, 0x0000000086500000| Untracked 
|  72|0x0000000086600000, 0x0000000086600000, 0x0000000086700000|  0%| F|  |TAMS 0x0000000086600000, 0x0000000086600000| Untracked 
|  73|0x0000000086700000, 0x0000000086700000, 0x0000000086800000|  0%| F|  |TAMS 0x0000000086700000, 0x0000000086700000| Untracked 
|  74|0x0000000086800000, 0x0000000086800000, 0x0000000086900000|  0%| F|  |TAMS 0x0000000086800000, 0x0000000086800000| Untracked 
|  75|0x0000000086900000, 0x0000000086900000, 0x0000000086a00000|  0%| F|  |TAMS 0x0000000086900000, 0x0000000086900000| Untracked 
|  76|0x0000000086a00000, 0x0000000086a00000, 0x0000000086b00000|  0%| F|  |TAMS 0x0000000086a00000, 0x0000000086a00000| Untracked 
|  77|0x0000000086b00000, 0x0000000086b00000, 0x0000000086c00000|  0%| F|  |TAMS 0x0000000086b00000, 0x0000000086b00000| Untracked 
|  78|0x0000000086c00000, 0x0000000086c00000, 0x0000000086d00000|  0%| F|  |TAMS 0x0000000086c00000, 0x0000000086c00000| Untracked 
|  79|0x0000000086d00000, 0x0000000086d00000, 0x0000000086e00000|  0%| F|  |TAMS 0x0000000086d00000, 0x0000000086d00000| Untracked 
|  80|0x0000000086e00000, 0x0000000086e00000, 0x0000000086f00000|  0%| F|  |TAMS 0x0000000086e00000, 0x0000000086e00000| Untracked 
|  81|0x0000000086f00000, 0x0000000086f00000, 0x0000000087000000|  0%| F|  |TAMS 0x0000000086f00000, 0x0000000086f00000| Untracked 
|  82|0x0000000087000000, 0x0000000087000000, 0x0000000087100000|  0%| F|  |TAMS 0x0000000087000000, 0x0000000087000000| Untracked 
|  83|0x0000000087100000, 0x0000000087100000, 0x0000000087200000|  0%| F|  |TAMS 0x0000000087100000, 0x0000000087100000| Untracked 
|  84|0x0000000087200000, 0x0000000087200000, 0x0000000087300000|  0%| F|  |TAMS 0x0000000087200000, 0x0000000087200000| Untracked 
|  85|0x0000000087300000, 0x0000000087300000, 0x0000000087400000|  0%| F|  |TAMS 0x0000000087300000, 0x0000000087300000| Untracked 
|  86|0x0000000087400000, 0x0000000087400000, 0x0000000087500000|  0%| F|  |TAMS 0x0000000087400000, 0x0000000087400000| Untracked 
|  87|0x0000000087500000, 0x0000000087500000, 0x0000000087600000|  0%| F|  |TAMS 0x0000000087500000, 0x0000000087500000| Untracked 
|  88|0x0000000087600000, 0x0000000087600000, 0x0000000087700000|  0%| F|  |TAMS 0x0000000087600000, 0x0000000087600000| Untracked 
|  89|0x0000000087700000, 0x0000000087700000, 0x0000000087800000|  0%| F|  |TAMS 0x0000000087700000, 0x0000000087700000| Untracked 
|  90|0x0000000087800000, 0x0000000087800000, 0x0000000087900000|  0%| F|  |TAMS 0x0000000087800000, 0x0000000087800000| Untracked 
|  91|0x0000000087900000, 0x0000000087900000, 0x0000000087a00000|  0%| F|  |TAMS 0x0000000087900000, 0x0000000087900000| Untracked 
|  92|0x0000000087a00000, 0x0000000087a00000, 0x0000000087b00000|  0%| F|  |TAMS 0x0000000087a00000, 0x0000000087a00000| Untracked 
|  93|0x0000000087b00000, 0x0000000087b00000, 0x0000000087c00000|  0%| F|  |TAMS 0x0000000087b00000, 0x0000000087b00000| Untracked 
|  94|0x0000000087c00000, 0x0000000087c00000, 0x0000000087d00000|  0%| F|  |TAMS 0x0000000087c00000, 0x0000000087c00000| Untracked 
|  95|0x0000000087d00000, 0x0000000087d00000, 0x0000000087e00000|  0%| F|  |TAMS 0x0000000087d00000, 0x0000000087d00000| Untracked 
|  96|0x0000000087e00000, 0x0000000087e00000, 0x0000000087f00000|  0%| F|  |TAMS 0x0000000087e00000, 0x0000000087e00000| Untracked 
|  97|0x0000000087f00000, 0x0000000087f00000, 0x0000000088000000|  0%| F|  |TAMS 0x0000000087f00000, 0x0000000087f00000| Untracked 
|  98|0x0000000088000000, 0x0000000088000000, 0x0000000088100000|  0%| F|  |TAMS 0x0000000088000000, 0x0000000088000000| Untracked 
|  99|0x0000000088100000, 0x0000000088100000, 0x0000000088200000|  0%| F|  |TAMS 0x0000000088100000, 0x0000000088100000| Untracked 
| 100|0x0000000088200000, 0x0000000088200000, 0x0000000088300000|  0%| F|  |TAMS 0x0000000088200000, 0x0000000088200000| Untracked 
| 101|0x0000000088300000, 0x0000000088300000, 0x0000000088400000|  0%| F|  |TAMS 0x0000000088300000, 0x0000000088300000| Untracked 
| 102|0x0000000088400000, 0x0000000088400000, 0x0000000088500000|  0%| F|  |TAMS 0x0000000088400000, 0x0000000088400000| Untracked 
| 103|0x0000000088500000, 0x0000000088500000, 0x0000000088600000|  0%| F|  |TAMS 0x0000000088500000, 0x0000000088500000| Untracked 
| 104|0x0000000088600000, 0x0000000088600000, 0x0000000088700000|  0%| F|  |TAMS 0x0000000088600000, 0x0000000088600000| Untracked 
| 105|0x0000000088700000, 0x0000000088700000, 0x0000000088800000|  0%| F|  |TAMS 0x0000000088700000, 0x0000000088700000| Untracked 
| 106|0x0000000088800000, 0x0000000088800000, 0x0000000088900000|  0%| F|  |TAMS 0x0000000088800000, 0x0000000088800000| Untracked 
| 107|0x0000000088900000, 0x0000000088900000, 0x0000000088a00000|  0%| F|  |TAMS 0x0000000088900000, 0x0000000088900000| Untracked 
| 108|0x0000000088a00000, 0x0000000088a00000, 0x0000000088b00000|  0%| F|  |TAMS 0x0000000088a00000, 0x0000000088a00000| Untracked 
| 109|0x0000000088b00000, 0x0000000088b00000, 0x0000000088c00000|  0%| F|  |TAMS 0x0000000088b00000, 0x0000000088b00000| Untracked 
| 110|0x0000000088c00000, 0x0000000088c00000, 0x0000000088d00000|  0%| F|  |TAMS 0x0000000088c00000, 0x0000000088c00000| Untracked 
| 111|0x0000000088d00000, 0x0000000088d00000, 0x0000000088e00000|  0%| F|  |TAMS 0x0000000088d00000, 0x0000000088d00000| Untracked 
| 112|0x0000000088e00000, 0x0000000088e00000, 0x0000000088f00000|  0%| F|  |TAMS 0x0000000088e00000, 0x0000000088e00000| Untracked 
| 113|0x0000000088f00000, 0x0000000088f00000, 0x0000000089000000|  0%| F|  |TAMS 0x0000000088f00000, 0x0000000088f00000| Untracked 
| 114|0x0000000089000000, 0x0000000089000000, 0x0000000089100000|  0%| F|  |TAMS 0x0000000089000000, 0x0000000089000000| Untracked 
| 115|0x0000000089100000, 0x0000000089100000, 0x0000000089200000|  0%| F|  |TAMS 0x0000000089100000, 0x0000000089100000| Untracked 
| 116|0x0000000089200000, 0x0000000089200000, 0x0000000089300000|  0%| F|  |TAMS 0x0000000089200000, 0x0000000089200000| Untracked 
| 117|0x0000000089300000, 0x0000000089300000, 0x0000000089400000|  0%| F|  |TAMS 0x0000000089300000, 0x0000000089300000| Untracked 
| 118|0x0000000089400000, 0x0000000089400000, 0x0000000089500000|  0%| F|  |TAMS 0x0000000089400000, 0x0000000089400000| Untracked 
| 119|0x0000000089500000, 0x0000000089500000, 0x0000000089600000|  0%| F|  |TAMS 0x0000000089500000, 0x0000000089500000| Untracked 
| 120|0x0000000089600000, 0x0000000089600000, 0x0000000089700000|  0%| F|  |TAMS 0x0000000089600000, 0x0000000089600000| Untracked 
| 121|0x0000000089700000, 0x0000000089700000, 0x0000000089800000|  0%| F|  |TAMS 0x0000000089700000, 0x0000000089700000| Untracked 
| 122|0x0000000089800000, 0x0000000089800000, 0x0000000089900000|  0%| F|  |TAMS 0x0000000089800000, 0x0000000089800000| Untracked 
| 123|0x0000000089900000, 0x0000000089900000, 0x0000000089a00000|  0%| F|  |TAMS 0x0000000089900000, 0x0000000089900000| Untracked 
| 124|0x0000000089a00000, 0x0000000089a00000, 0x0000000089b00000|  0%| F|  |TAMS 0x0000000089a00000, 0x0000000089a00000| Untracked 
| 125|0x0000000089b00000, 0x0000000089b00000, 0x0000000089c00000|  0%| F|  |TAMS 0x0000000089b00000, 0x0000000089b00000| Untracked 
| 126|0x0000000089c00000, 0x0000000089cb1200, 0x0000000089d00000| 69%| S|CS|TAMS 0x0000000089c00000, 0x0000000089c00000| Complete 
| 127|0x0000000089d00000, 0x0000000089d00000, 0x0000000089e00000|  0%| F|  |TAMS 0x0000000089d00000, 0x0000000089d00000| Untracked 

Card table byte_map: [0x00000211aac40000,0x00000211ab040000] _byte_map_base: 0x00000211aa831000

Marking Bits (Prev, Next): (CMBitMap*) 0x00000211a4c17580, (CMBitMap*) 0x00000211a4c175c0
 Prev Bits: [0x00000211ab440000, 0x00000211ad3c8000)
 Next Bits: [0x00000211ad3d0000, 0x00000211af358000)

Polling page: 0x00000211a29c0000

Metaspace:

Usage:
  Non-class:     32.99 MB used.
      Class:      4.78 MB used.
       Both:     37.77 MB used.

Virtual space:
  Non-class space:       40.00 MB reserved,      33.19 MB ( 83%) committed,  5 nodes.
      Class space:        1.00 GB reserved,       4.94 MB ( <1%) committed,  1 nodes.
             Both:        1.04 GB reserved,      38.12 MB (  4%) committed. 

Chunk freelists:
   Non-Class:  2.02 MB
       Class:  3.08 MB
        Both:  5.09 MB

MaxMetaspaceSize: unlimited
CompressedClassSpaceSize: 1.00 GB
Initial GC threshold: 21.00 MB
Current GC threshold: 62.12 MB
CDS: off
MetaspaceReclaimPolicy: balanced
 - commit_granule_bytes: 65536.
 - commit_granule_words: 8192.
 - virtual_space_node_default_size: 1048576.
 - enlarge_chunks_in_place: 1.
 - new_chunks_are_fully_committed: 0.
 - uncommit_free_chunks: 1.
 - use_allocation_guard: 0.
 - handle_deallocations: 1.


Internal statistics:

num_allocs_failed_limit: 8.
num_arena_births: 380.
num_arena_deaths: 0.
num_vsnodes_births: 6.
num_vsnodes_deaths: 0.
num_space_committed: 610.
num_space_uncommitted: 0.
num_chunks_returned_to_freelist: 8.
num_chunks_taken_from_freelist: 1511.
num_chunk_merges: 8.
num_chunk_splits: 1038.
num_chunks_enlarged: 802.
num_purges: 0.
num_inconsistent_stats: 0.

CodeCache: size=49152Kb used=8675Kb max_used=8675Kb free=40477Kb
 bounds [0x00000211a7840000, 0x00000211a80c0000, 0x00000211aa840000]
 total_blobs=4434 nmethods=3901 adapters=457
 compilation: enabled
              stopped_count=0, restarted_count=0
 full_count=0

Compilation events (20 events):
Event: 5.632 Thread 0x00000211b2131400 3893       1       java.lang.invoke.SimpleMethodHandle::speciesData (4 bytes)
Event: 5.632 Thread 0x00000211b2131400 nmethod 3893 0x00000211a80b4210 code [0x00000211a80b43a0, 0x00000211a80b4478]
Event: 5.632 Thread 0x00000211b2131400 3894       1       java.lang.invoke.SimpleMethodHandle::copyWithExtendL (7 bytes)
Event: 5.632 Thread 0x00000211b2131400 nmethod 3894 0x00000211a80b4510 code [0x00000211a80b46a0, 0x00000211a80b4848]
Event: 5.632 Thread 0x00000211b2131400 3895       1       java.lang.invoke.BoundMethodHandle::bindSingle (7 bytes)
Event: 5.632 Thread 0x00000211b16d8690 nmethod 3890 0x00000211a80b4910 code [0x00000211a80b4b80, 0x00000211a80b52b8]
Event: 5.632 Thread 0x00000211b2131400 nmethod 3895 0x00000211a80b5690 code [0x00000211a80b5820, 0x00000211a80b59a8]
Event: 5.633 Thread 0x00000211b227aeb0 nmethod 3891 0x00000211a80b5a90 code [0x00000211a80b5d40, 0x00000211a80b68a8]
Event: 5.633 Thread 0x00000211b16d8690 3896       1       java.util.HashMap::putAll (7 bytes)
Event: 5.633 Thread 0x00000211b16d8690 nmethod 3896 0x00000211a80b6f90 code [0x00000211a80b7120, 0x00000211a80b7208]
Event: 5.634 Thread 0x00000211b16d8690 3897       1       java.util.concurrent.ConcurrentHashMap::entrySet (25 bytes)
Event: 5.634 Thread 0x00000211b227aeb0 3898       1       java.util.concurrent.ConcurrentHashMap$EntrySetView::iterator (34 bytes)
Event: 5.635 Thread 0x00000211b2131400 3899       1       java.util.concurrent.ConcurrentHashMap$EntryIterator::<init> (12 bytes)
Event: 5.635 Thread 0x00000211b16d8690 nmethod 3897 0x00000211a80b7290 code [0x00000211a80b7420, 0x00000211a80b7618]
Event: 5.635 Thread 0x00000211b227aeb0 nmethod 3898 0x00000211a80b7690 code [0x00000211a80b7840, 0x00000211a80b7a58]
Event: 5.635 Thread 0x00000211b2131400 nmethod 3899 0x00000211a80b7b90 code [0x00000211a80b7d40, 0x00000211a80b7e98]
Event: 5.636 Thread 0x00000211b227aeb0 3900       1       nonapi.io.github.classgraph.utils.JarUtils::classfilePathToClassName (56 bytes)
Event: 5.636 Thread 0x00000211b16d8690 3901       1       io.github.classgraph.Scanner$ClassfileScanWorkUnit::<init> (20 bytes)
Event: 5.636 Thread 0x00000211b16d8690 nmethod 3901 0x00000211a80b7f90 code [0x00000211a80b8120, 0x00000211a80b8298]
Event: 5.636 Thread 0x00000211b227aeb0 nmethod 3900 0x00000211a80b8310 code [0x00000211a80b8520, 0x00000211a80b8968]

GC Heap History (20 events):
Event: 4.591 GC heap after
{Heap after GC invocations=9 (full 0):
 garbage-first heap   total 61440K, used 21412K [0x0000000081e00000, 0x0000000100000000)
  region size 1024K, 4 young (4096K), 4 survivors (4096K)
 Metaspace       used 35405K, committed 35712K, reserved 1081344K
  class space    used 4580K, committed 4736K, reserved 1048576K
}
Event: 4.700 GC heap before
{Heap before GC invocations=9 (full 0):
 garbage-first heap   total 61440K, used 42916K [0x0000000081e00000, 0x0000000100000000)
  region size 1024K, 26 young (26624K), 4 survivors (4096K)
 Metaspace       used 35774K, committed 36032K, reserved 1081344K
  class space    used 4603K, committed 4736K, reserved 1048576K
}
Event: 4.706 GC heap after
{Heap after GC invocations=10 (full 0):
 garbage-first heap   total 61440K, used 25859K [0x0000000081e00000, 0x0000000100000000)
  region size 1024K, 4 young (4096K), 4 survivors (4096K)
 Metaspace       used 35774K, committed 36032K, reserved 1081344K
  class space    used 4603K, committed 4736K, reserved 1048576K
}
Event: 4.730 GC heap before
{Heap before GC invocations=10 (full 0):
 garbage-first heap   total 61440K, used 28931K [0x0000000081e00000, 0x0000000100000000)
  region size 1024K, 8 young (8192K), 4 survivors (4096K)
 Metaspace       used 35915K, committed 36160K, reserved 1081344K
  class space    used 4610K, committed 4736K, reserved 1048576K
}
Event: 4.733 GC heap after
{Heap after GC invocations=11 (full 0):
 garbage-first heap   total 61440K, used 27345K [0x0000000081e00000, 0x0000000100000000)
  region size 1024K, 2 young (2048K), 2 survivors (2048K)
 Metaspace       used 35915K, committed 36160K, reserved 1081344K
  class space    used 4610K, committed 4736K, reserved 1048576K
}
Event: 4.877 GC heap before
{Heap before GC invocations=12 (full 0):
 garbage-first heap   total 63488K, used 43729K [0x0000000081e00000, 0x0000000100000000)
  region size 1024K, 19 young (19456K), 2 survivors (2048K)
 Metaspace       used 36644K, committed 36992K, reserved 1081344K
  class space    used 4696K, committed 4864K, reserved 1048576K
}
Event: 4.881 GC heap after
{Heap after GC invocations=13 (full 0):
 garbage-first heap   total 63488K, used 30165K [0x0000000081e00000, 0x0000000100000000)
  region size 1024K, 3 young (3072K), 3 survivors (3072K)
 Metaspace       used 36644K, committed 36992K, reserved 1081344K
  class space    used 4696K, committed 4864K, reserved 1048576K
}
Event: 4.991 GC heap before
{Heap before GC invocations=13 (full 0):
 garbage-first heap   total 63488K, used 45525K [0x0000000081e00000, 0x0000000100000000)
  region size 1024K, 19 young (19456K), 3 survivors (3072K)
 Metaspace       used 36813K, committed 37184K, reserved 1081344K
  class space    used 4707K, committed 4864K, reserved 1048576K
}
Event: 4.996 GC heap after
{Heap after GC invocations=14 (full 0):
 garbage-first heap   total 84992K, used 33074K [0x0000000081e00000, 0x0000000100000000)
  region size 1024K, 3 young (3072K), 3 survivors (3072K)
 Metaspace       used 36813K, committed 37184K, reserved 1081344K
  class space    used 4707K, committed 4864K, reserved 1048576K
}
Event: 5.116 GC heap before
{Heap before GC invocations=15 (full 0):
 garbage-first heap   total 84992K, used 60722K [0x0000000081e00000, 0x0000000100000000)
  region size 1024K, 30 young (30720K), 3 survivors (3072K)
 Metaspace       used 37609K, committed 37888K, reserved 1089536K
  class space    used 4741K, committed 4864K, reserved 1048576K
}
Event: 5.123 GC heap after
{Heap after GC invocations=16 (full 0):
 garbage-first heap   total 84992K, used 37717K [0x0000000081e00000, 0x0000000100000000)
  region size 1024K, 4 young (4096K), 4 survivors (4096K)
 Metaspace       used 37609K, committed 37888K, reserved 1089536K
  class space    used 4741K, committed 4864K, reserved 1048576K
}
Event: 5.126 GC heap before
{Heap before GC invocations=16 (full 0):
 garbage-first heap   total 84992K, used 37717K [0x0000000081e00000, 0x0000000100000000)
  region size 1024K, 5 young (5120K), 4 survivors (4096K)
 Metaspace       used 37609K, committed 37888K, reserved 1089536K
  class space    used 4741K, committed 4864K, reserved 1048576K
}
Event: 5.130 GC heap after
{Heap after GC invocations=17 (full 0):
 garbage-first heap   total 84992K, used 38884K [0x0000000081e00000, 0x0000000100000000)
  region size 1024K, 1 young (1024K), 1 survivors (1024K)
 Metaspace       used 37609K, committed 37888K, reserved 1089536K
  class space    used 4741K, committed 4864K, reserved 1048576K
}
Event: 5.188 GC heap before
{Heap before GC invocations=17 (full 0):
 garbage-first heap   total 84992K, used 63460K [0x0000000081e00000, 0x0000000100000000)
  region size 1024K, 25 young (25600K), 1 survivors (1024K)
 Metaspace       used 37645K, committed 37952K, reserved 1089536K
  class space    used 4749K, committed 4864K, reserved 1048576K
}
Event: 5.195 GC heap after
{Heap after GC invocations=18 (full 0):
 garbage-first heap   total 84992K, used 45523K [0x0000000081e00000, 0x0000000100000000)
  region size 1024K, 4 young (4096K), 4 survivors (4096K)
 Metaspace       used 37645K, committed 37952K, reserved 1089536K
  class space    used 4749K, committed 4864K, reserved 1048576K
}
Event: 5.285 GC heap before
{Heap before GC invocations=18 (full 0):
 garbage-first heap   total 107520K, used 63955K [0x0000000081e00000, 0x0000000100000000)
  region size 1024K, 22 young (22528K), 4 survivors (4096K)
 Metaspace       used 38002K, committed 38400K, reserved 1089536K
  class space    used 4783K, committed 4992K, reserved 1048576K
}
Event: 5.295 GC heap after
{Heap after GC invocations=19 (full 0):
 garbage-first heap   total 107520K, used 51624K [0x0000000081e00000, 0x0000000100000000)
  region size 1024K, 3 young (3072K), 3 survivors (3072K)
 Metaspace       used 38002K, committed 38400K, reserved 1089536K
  class space    used 4783K, committed 4992K, reserved 1048576K
}
Event: 5.677 GC heap before
{Heap before GC invocations=20 (full 0):
 garbage-first heap   total 107520K, used 78248K [0x0000000081e00000, 0x0000000100000000)
  region size 1024K, 29 young (29696K), 3 survivors (3072K)
 Metaspace       used 38673K, committed 39040K, reserved 1089536K
  class space    used 4893K, committed 5056K, reserved 1048576K
}
Event: 5.687 GC heap after
{Heap after GC invocations=21 (full 0):
 garbage-first heap   total 107520K, used 59943K [0x0000000081e00000, 0x0000000100000000)
  region size 1024K, 4 young (4096K), 4 survivors (4096K)
 Metaspace       used 38673K, committed 39040K, reserved 1089536K
  class space    used 4893K, committed 5056K, reserved 1048576K
}
Event: 5.690 GC heap before
{Heap before GC invocations=21 (full 0):
 garbage-first heap   total 107520K, used 59943K [0x0000000081e00000, 0x0000000100000000)
  region size 1024K, 5 young (5120K), 4 survivors (4096K)
 Metaspace       used 38673K, committed 39040K, reserved 1089536K
  class space    used 4893K, committed 5056K, reserved 1048576K
}

Dll operation events (8 events):
Event: 0.012 Loaded shared library c:\Users\User\.vscode\extensions\redhat.java-1.13.0-win32-x64\jre\17.0.5-win32-x86_64\bin\java.dll
Event: 0.238 Loaded shared library C:\Users\User\.vscode\extensions\redhat.java-1.13.0-win32-x64\jre\17.0.5-win32-x86_64\bin\net.dll
Event: 0.240 Loaded shared library C:\Users\User\.vscode\extensions\redhat.java-1.13.0-win32-x64\jre\17.0.5-win32-x86_64\bin\nio.dll
Event: 0.247 Loaded shared library C:\Users\User\.vscode\extensions\redhat.java-1.13.0-win32-x64\jre\17.0.5-win32-x86_64\bin\zip.dll
Event: 0.482 Loaded shared library c:\Users\User\.vscode\extensions\redhat.java-1.13.0-win32-x64\jre\17.0.5-win32-x86_64\bin\verify.dll
Event: 0.498 Loaded shared library C:\Users\User\.vscode\extensions\redhat.java-1.13.0-win32-x64\jre\17.0.5-win32-x86_64\bin\jimage.dll
Event: 2.570 Loaded shared library C:\Users\User\.vscode\extensions\redhat.java-1.13.0-win32-x64\jre\17.0.5-win32-x86_64\bin\management.dll
Event: 2.575 Loaded shared library C:\Users\User\.vscode\extensions\redhat.java-1.13.0-win32-x64\jre\17.0.5-win32-x86_64\bin\management_ext.dll

Deoptimization events (10 events):
Event: 2.843 Thread 0x00000211a4bbcc40 DEOPT PACKING pc=0x00000211a7d1ad99 sp=0x00000080f50fd5c0
Event: 2.843 Thread 0x00000211a4bbcc40 DEOPT UNPACKING pc=0x00000211a7892b43 sp=0x00000080f50fcaa0 mode 3
Event: 4.372 Thread 0x00000211b3fc34a0 DEOPT PACKING pc=0x00000211a7f42f35 sp=0x00000080f6bfe040
Event: 4.372 Thread 0x00000211b3fc34a0 DEOPT UNPACKING pc=0x00000211a7892b43 sp=0x00000080f6bfd568 mode 3
Event: 4.462 Thread 0x00000211b3fc3970 DEOPT PACKING pc=0x00000211a7f596ab sp=0x00000080f6cfe5f0
Event: 4.462 Thread 0x00000211b3fc3970 DEOPT UNPACKING pc=0x00000211a7892b43 sp=0x00000080f6cfdb38 mode 3
Event: 4.523 Thread 0x00000211b3b6d8d0 DEOPT PACKING pc=0x00000211a7d19101 sp=0x00000080f6afd6d0
Event: 4.523 Thread 0x00000211b3b6d8d0 DEOPT UNPACKING pc=0x00000211a7892b43 sp=0x00000080f6afcb60 mode 3
Event: 5.211 Thread 0x00000211b4236ed0 DEOPT PACKING pc=0x00000211a7d16d17 sp=0x00000080f74fed70
Event: 5.211 Thread 0x00000211b4236ed0 DEOPT UNPACKING pc=0x00000211a7892b43 sp=0x00000080f74fe1c8 mode 3

Classes unloaded (0 events):
No events

Classes redefined (0 events):
No events

Internal exceptions (20 events):
Event: 4.503 Thread 0x00000211b41df800 Exception <a 'sun/nio/fs/WindowsException'{0x0000000084be8318}> (0x0000000084be8318) 
thrown [s\src\hotspot\share\prims\jni.cpp, line 516]
Event: 4.503 Thread 0x00000211b41df800 Exception <a 'sun/nio/fs/WindowsException'{0x0000000084be86f0}> (0x0000000084be86f0) 
thrown [s\src\hotspot\share\prims\jni.cpp, line 516]
Event: 4.503 Thread 0x00000211b41df800 Exception <a 'sun/nio/fs/WindowsException'{0x0000000084be90d8}> (0x0000000084be90d8) 
thrown [s\src\hotspot\share\prims\jni.cpp, line 516]
Event: 4.503 Thread 0x00000211b41df800 Exception <a 'sun/nio/fs/WindowsException'{0x0000000084be9478}> (0x0000000084be9478) 
thrown [s\src\hotspot\share\prims\jni.cpp, line 516]
Event: 4.503 Thread 0x00000211b41df800 Exception <a 'sun/nio/fs/WindowsException'{0x0000000084be9e70}> (0x0000000084be9e70) 
thrown [s\src\hotspot\share\prims\jni.cpp, line 516]
Event: 4.503 Thread 0x00000211b41df800 Exception <a 'sun/nio/fs/WindowsException'{0x0000000084bea228}> (0x0000000084bea228) 
thrown [s\src\hotspot\share\prims\jni.cpp, line 516]
Event: 4.503 Thread 0x00000211b41df800 Exception <a 'sun/nio/fs/WindowsException'{0x0000000084beac10}> (0x0000000084beac10) 
thrown [s\src\hotspot\share\prims\jni.cpp, line 516]
Event: 4.504 Thread 0x00000211b41df800 Exception <a 'sun/nio/fs/WindowsException'{0x0000000084beafb8}> (0x0000000084beafb8) 
thrown [s\src\hotspot\share\prims\jni.cpp, line 516]
Event: 4.504 Thread 0x00000211b41df800 Exception <a 'sun/nio/fs/WindowsException'{0x0000000084beb9b0}> (0x0000000084beb9b0) 
thrown [s\src\hotspot\share\prims\jni.cpp, line 516]
Event: 4.504 Thread 0x00000211b41df800 Exception <a 'sun/nio/fs/WindowsException'{0x0000000084bebd68}> (0x0000000084bebd68) 
thrown [s\src\hotspot\share\prims\jni.cpp, line 516]
Event: 4.504 Thread 0x00000211b41df800 Exception <a 'sun/nio/fs/WindowsException'{0x0000000084bec778}> (0x0000000084bec778) 
thrown [s\src\hotspot\share\prims\jni.cpp, line 516]
Event: 4.504 Thread 0x00000211b41df800 Exception <a 'sun/nio/fs/WindowsException'{0x0000000084becb50}> (0x0000000084becb50) 
thrown [s\src\hotspot\share\prims\jni.cpp, line 516]
Event: 4.504 Thread 0x00000211b41df800 Exception <a 'sun/nio/fs/WindowsException'{0x0000000084bed578}> (0x0000000084bed578) 
thrown [s\src\hotspot\share\prims\jni.cpp, line 516]
Event: 4.504 Thread 0x00000211b41df800 Exception <a 'sun/nio/fs/WindowsException'{0x0000000084bed968}> (0x0000000084bed968) 
thrown [s\src\hotspot\share\prims\jni.cpp, line 516]
Event: 4.504 Thread 0x00000211b41df800 Exception <a 'sun/nio/fs/WindowsException'{0x0000000084bee388}> (0x0000000084bee388) 
thrown [s\src\hotspot\share\prims\jni.cpp, line 516]
Event: 4.505 Thread 0x00000211b41df800 Exception <a 'sun/nio/fs/WindowsException'{0x0000000084bee770}> (0x0000000084bee770) 
thrown [s\src\hotspot\share\prims\jni.cpp, line 516]
Event: 5.317 Thread 0x00000211b3fc34a0 Exception <a 'java/lang/NoSuchMethodError'{0x0000000089ded7e8}: 'java.lang.Object java.lang.invoke.Invokers$Holder.invoke_MT(java.lang.Object, java.lang.Object, java.lang.Object)'> (0x0000000089ded7e8) 
thrown [s\src\hotspot\share\interpreter\linkResolver.cpp, line 759]
Event: 5.500 Thread 0x00000211b3fc34a0 Exception <a 'java/lang/NoSuchMethodError'{0x0000000087846dc8}: 'java.lang.Object java.lang.invoke.DirectMethodHandle$Holder.newInvokeSpecial(java.lang.Object, java.lang.Object, int)'> (0x0000000087846dc8) 
thrown [s\src\hotspot\share\interpreter\linkResolver.cpp, line 759]
Event: 5.535 Thread 0x00000211b4239a20 Exception <a 'java/lang/NoSuchMethodError'{0x00000000877322e8}: 'java.lang.Object java.lang.invoke.Invokers$Holder.linkToTargetMethod(java.lang.Object, long, java.lang.Object)'> (0x00000000877322e8) 
thrown [s\src\hotspot\share\interpreter\linkResolver.cpp, line 759]
Event: 5.570 Thread 0x00000211b4239a20 Exception <a 'sun/nio/fs/WindowsException'{0x0000000087629668}> (0x0000000087629668) 
thrown [s\src\hotspot\share\prims\jni.cpp, line 516]

VM Operations (20 events):
Event: 5.130 Executing VM operation: G1CollectForAllocation done
Event: 5.134 Executing VM operation: HandshakeAllThreads
Event: 5.134 Executing VM operation: HandshakeAllThreads done
Event: 5.188 Executing VM operation: G1CollectForAllocation
Event: 5.198 Executing VM operation: G1CollectForAllocation done
Event: 5.273 Executing VM operation: G1Concurrent
Event: 5.277 Executing VM operation: G1Concurrent done
Event: 5.285 Executing VM operation: G1CollectForAllocation
Event: 5.296 Executing VM operation: G1CollectForAllocation done
Event: 5.303 Executing VM operation: HandshakeAllThreads
Event: 5.303 Executing VM operation: HandshakeAllThreads done
Event: 5.306 Executing VM operation: HandshakeAllThreads
Event: 5.306 Executing VM operation: HandshakeAllThreads done
Event: 5.324 Executing VM operation: G1Concurrent
Event: 5.324 Executing VM operation: G1Concurrent done
Event: 5.385 Executing VM operation: HandshakeAllThreads
Event: 5.385 Executing VM operation: HandshakeAllThreads done
Event: 5.677 Executing VM operation: G1CollectForAllocation
Event: 5.687 Executing VM operation: G1CollectForAllocation done
Event: 5.689 Executing VM operation: G1CollectForAllocation

Events (20 events):
Event: 5.426 loading class java/nio/channels/Channels$ReadableByteChannelImpl done
Event: 5.426 loading class java/nio/channels/NonWritableChannelException
Event: 5.426 loading class java/nio/channels/NonWritableChannelException done
Event: 5.489 loading class java/util/WeakHashMap$EntrySet
Event: 5.491 loading class java/util/WeakHashMap$EntrySet done
Event: 5.491 loading class java/util/WeakHashMap$EntryIterator
Event: 5.491 loading class java/util/WeakHashMap$HashIterator
Event: 5.491 loading class java/util/WeakHashMap$HashIterator done
Event: 5.491 loading class java/util/WeakHashMap$EntryIterator done
Event: 5.505 Thread 0x00000211b4239a20 Thread added: 0x00000211b4239a20
Event: 5.512 Thread 0x00000211b4237870 Thread added: 0x00000211b4237870
Event: 5.544 loading class sun/security/provider/MD5
Event: 5.544 loading class sun/security/provider/MD5 done
Event: 5.545 loading class sun/security/provider/ByteArrayAccess$LE
Event: 5.545 loading class sun/security/provider/ByteArrayAccess$LE done
Event: 5.625 Thread 0x00000211b4239080 Thread added: 0x00000211b4239080
Event: 5.629 loading class java/nio/file/FileTreeIterator
Event: 5.629 loading class java/nio/file/FileTreeIterator done
Event: 5.630 loading class java/util/stream/ForEachOps$ForEachOp$OfRef
Event: 5.630 loading class java/util/stream/ForEachOps$ForEachOp$OfRef done


Dynamic libraries:
0x00007ff709d40000 - 0x00007ff709d4e000 	c:\Users\User\.vscode\extensions\redhat.java-1.13.0-win32-x64\jre\17.0.5-win32-x86_64\bin\java.exe
0x00007ffcf5230000 - 0x00007ffcf5428000 	C:\Windows\SYSTEM32\ntdll.dll
0x00007ffccd5e0000 - 0x00007ffccd5f7000 	C:\Program Files\AVG\Antivirus\aswhook.dll
0x00007ffcf3620000 - 0x00007ffcf36df000 	C:\Windows\System32\KERNEL32.DLL
0x00007ffcf2cc0000 - 0x00007ffcf2f92000 	C:\Windows\System32\KERNELBASE.dll
0x00007ffcf2a60000 - 0x00007ffcf2b60000 	C:\Windows\System32\ucrtbase.dll
0x00007ffcd6e80000 - 0x00007ffcd6e97000 	c:\Users\User\.vscode\extensions\redhat.java-1.13.0-win32-x64\jre\17.0.5-win32-x86_64\bin\jli.dll
0x00007ffcd58e0000 - 0x00007ffcd58f9000 	c:\Users\User\.vscode\extensions\redhat.java-1.13.0-win32-x64\jre\17.0.5-win32-x86_64\bin\VCRUNTIME140.dll
0x00007ffcf3fe0000 - 0x00007ffcf417d000 	C:\Windows\System32\USER32.dll
0x00007ffcf2930000 - 0x00007ffcf2952000 	C:\Windows\System32\win32u.dll
0x00007ffcdd050000 - 0x00007ffcdd2ea000 	C:\Windows\WinSxS\amd64_microsoft.windows.common-controls_6595b64144ccf1df_6.0.19041.1110_none_60b5254171f9507e\COMCTL32.dll
0x00007ffcf3590000 - 0x00007ffcf35bb000 	C:\Windows\System32\GDI32.dll
0x00007ffcf3bc0000 - 0x00007ffcf3c5e000 	C:\Windows\System32\msvcrt.dll
0x00007ffcf3170000 - 0x00007ffcf327f000 	C:\Windows\System32\gdi32full.dll
0x00007ffcf3040000 - 0x00007ffcf30dd000 	C:\Windows\System32\msvcp_win.dll
0x00007ffcf5190000 - 0x00007ffcf51c2000 	C:\Windows\System32\IMM32.DLL
0x00007ffcd9530000 - 0x00007ffcd953c000 	c:\Users\User\.vscode\extensions\redhat.java-1.13.0-win32-x64\jre\17.0.5-win32-x86_64\bin\vcruntime140_1.dll
0x00007ffcb9af0000 - 0x00007ffcb9b81000 	c:\Users\User\.vscode\extensions\redhat.java-1.13.0-win32-x64\jre\17.0.5-win32-x86_64\bin\msvcp140.dll
0x00007ffc5ffa0000 - 0x00007ffc60be4000 	c:\Users\User\.vscode\extensions\redhat.java-1.13.0-win32-x64\jre\17.0.5-win32-x86_64\bin\server\jvm.dll
0x00007ffcf37a0000 - 0x00007ffcf384e000 	C:\Windows\System32\ADVAPI32.dll
0x00007ffcf32e0000 - 0x00007ffcf337c000 	C:\Windows\System32\sechost.dll
0x00007ffcf3460000 - 0x00007ffcf3585000 	C:\Windows\System32\RPCRT4.dll
0x00007ffcd8c40000 - 0x00007ffcd8c67000 	C:\Windows\SYSTEM32\WINMM.dll
0x00007ffce0a00000 - 0x00007ffce0a09000 	C:\Windows\SYSTEM32\WSOCK32.dll
0x00007ffcf3f10000 - 0x00007ffcf3f7b000 	C:\Windows\System32\WS2_32.dll
0x00007ffcecec0000 - 0x00007ffcececa000 	C:\Windows\SYSTEM32\VERSION.dll
0x00007ffcf07b0000 - 0x00007ffcf07c2000 	C:\Windows\SYSTEM32\kernel.appcore.dll
0x00007ffcd9470000 - 0x00007ffcd947a000 	c:\Users\User\.vscode\extensions\redhat.java-1.13.0-win32-x64\jre\17.0.5-win32-x86_64\bin\jimage.dll
0x00007ffceb070000 - 0x00007ffceb254000 	C:\Windows\SYSTEM32\DBGHELP.DLL
0x00007ffceafb0000 - 0x00007ffceafdc000 	C:\Windows\SYSTEM32\dbgcore.DLL
0x00007ffcf30e0000 - 0x00007ffcf3162000 	C:\Windows\System32\bcryptPrimitives.dll
0x00007ffcd5700000 - 0x00007ffcd5725000 	c:\Users\User\.vscode\extensions\redhat.java-1.13.0-win32-x64\jre\17.0.5-win32-x86_64\bin\java.dll
0x00007ffcd56e0000 - 0x00007ffcd56f8000 	c:\Users\User\.vscode\extensions\redhat.java-1.13.0-win32-x64\jre\17.0.5-win32-x86_64\bin\zip.dll
0x00007ffcf4a40000 - 0x00007ffcf5183000 	C:\Windows\System32\SHELL32.dll
0x00007ffcf09b0000 - 0x00007ffcf1142000 	C:\Windows\SYSTEM32\windows.storage.dll
0x00007ffcf4680000 - 0x00007ffcf49d4000 	C:\Windows\System32\combase.dll
0x00007ffcf21d0000 - 0x00007ffcf2200000 	C:\Windows\SYSTEM32\Wldp.dll
0x00007ffcf36f0000 - 0x00007ffcf379d000 	C:\Windows\System32\SHCORE.dll
0x00007ffcf35c0000 - 0x00007ffcf3615000 	C:\Windows\System32\shlwapi.dll
0x00007ffcf2870000 - 0x00007ffcf288f000 	C:\Windows\SYSTEM32\profapi.dll
0x00007ffcd5560000 - 0x00007ffcd5579000 	C:\Users\User\.vscode\extensions\redhat.java-1.13.0-win32-x64\jre\17.0.5-win32-x86_64\bin\net.dll
0x00007ffce7150000 - 0x00007ffce725c000 	C:\Windows\SYSTEM32\WINHTTP.dll
0x00007ffcf1fb0000 - 0x00007ffcf201a000 	C:\Windows\system32\mswsock.dll
0x00007ffcd54a0000 - 0x00007ffcd54b5000 	C:\Users\User\.vscode\extensions\redhat.java-1.13.0-win32-x64\jre\17.0.5-win32-x86_64\bin\nio.dll
0x00007ffcd6e50000 - 0x00007ffcd6e60000 	c:\Users\User\.vscode\extensions\redhat.java-1.13.0-win32-x64\jre\17.0.5-win32-x86_64\bin\verify.dll
0x00007ffcd5980000 - 0x00007ffcd5989000 	C:\Users\User\.vscode\extensions\redhat.java-1.13.0-win32-x64\jre\17.0.5-win32-x86_64\bin\management.dll
0x00007ffcd5460000 - 0x00007ffcd546b000 	C:\Users\User\.vscode\extensions\redhat.java-1.13.0-win32-x64\jre\17.0.5-win32-x86_64\bin\management_ext.dll
0x00007ffcf36e0000 - 0x00007ffcf36e8000 	C:\Windows\System32\PSAPI.DLL
0x00007ffcd4770000 - 0x00007ffcd4787000 	C:\Windows\system32\napinsp.dll
0x00007ffcd4750000 - 0x00007ffcd476b000 	C:\Windows\system32\pnrpnsp.dll
0x00007ffcd4550000 - 0x00007ffcd4565000 	C:\Windows\system32\wshbth.dll
0x00007ffcee410000 - 0x00007ffcee42d000 	C:\Windows\system32\NLAapi.dll
0x00007ffcf1cc0000 - 0x00007ffcf1cfb000 	C:\Windows\SYSTEM32\IPHLPAPI.DLL
0x00007ffcf1d00000 - 0x00007ffcf1dca000 	C:\Windows\SYSTEM32\DNSAPI.dll
0x00007ffcf3380000 - 0x00007ffcf3388000 	C:\Windows\System32\NSI.dll
0x00007ffcd45c0000 - 0x00007ffcd45d2000 	C:\Windows\System32\winrnr.dll
0x00000000560c0000 - 0x00000000560e6000 	C:\Program Files\Bonjour\mdnsNSP.dll
0x00007ffce1c40000 - 0x00007ffce1c4a000 	C:\Windows\System32\rasadhlp.dll
0x00007ffcea030000 - 0x00007ffcea0b0000 	C:\Windows\System32\fwpuclnt.dll
0x00007ffcf3010000 - 0x00007ffcf3037000 	C:\Windows\System32\bcrypt.dll
0x00007ffcf2510000 - 0x00007ffcf2528000 	C:\Windows\SYSTEM32\CRYPTSP.dll
0x00007ffcf18f0000 - 0x00007ffcf1924000 	C:\Windows\system32\rsaenh.dll
0x00007ffcf2830000 - 0x00007ffcf285e000 	C:\Windows\SYSTEM32\USERENV.dll
0x00007ffcf2140000 - 0x00007ffcf214c000 	C:\Windows\SYSTEM32\CRYPTBASE.dll
0x00007ffcebac0000 - 0x00007ffcebad7000 	C:\Windows\SYSTEM32\dhcpcsvc6.DLL
0x00007ffcebda0000 - 0x00007ffcebdbd000 	C:\Windows\SYSTEM32\dhcpcsvc.DLL

dbghelp: loaded successfully - version: 4.0.5 - missing functions: none
symbol engine: initialized successfully - sym options: 0x614 - pdb path: .;c:\Users\User\.vscode\extensions\redhat.java-1.13.0-win32-x64\jre\17.0.5-win32-x86_64\bin;C:\Windows\SYSTEM32;C:\Program Files\AVG\Antivirus;C:\Windows\WinSxS\amd64_microsoft.windows.common-controls_6595b64144ccf1df_6.0.19041.1110_none_60b5254171f9507e;c:\Users\User\.vscode\extensions\redhat.java-1.13.0-win32-x64\jre\17.0.5-win32-x86_64\bin\server;C:\Program Files\Bonjour

VM Arguments:
jvm_args: -Dsts.lsp.client=vscode -Dsts.log.file=/dev/null -XX:TieredStopAtLevel=1 -Xlog:jni+resolve=off -Dspring.config.location=file:c:\Users\User\.vscode\extensions\pivotal.vscode-spring-boot-1.40.0\language-server\BOOT-INF\classes\application.properties 
java_command: org.springframework.ide.vscode.boot.app.BootLanguageServerBootApp
java_class_path (initial): c:\Users\User\.vscode\extensions\pivotal.vscode-spring-boot-1.40.0\language-server\BOOT-INF\classes;c:\Users\User\.vscode\extensions\pivotal.vscode-spring-boot-1.40.0\language-server\BOOT-INF\lib\annotations-23.0.0.jar;c:\Users\User\.vscode\extensions\pivotal.vscode-spring-boot-1.40.0\language-server\BOOT-INF\lib\ant-1.10.12.jar;c:\Users\User\.vscode\extensions\pivotal.vscode-spring-boot-1.40.0\language-server\BOOT-INF\lib\ant-launcher-1.10.12.jar;c:\Users\User\.vscode\extensions\pivotal.vscode-spring-boot-1.40.0\language-server\BOOT-INF\lib\antlr-runtime-3.5.2.jar;c:\Users\User\.vscode\extensions\pivotal.vscode-spring-boot-1.40.0\language-server\BOOT-INF\lib\antlr4-4.9.3.jar;c:\Users\User\.vscode\extensions\pivotal.vscode-spring-boot-1.40.0\language-server\BOOT-INF\lib\antlr4-runtime-4.9.3.jar;c:\Users\User\.vscode\extensions\pivotal.vscode-spring-boot-1.40.0\language-server\BOOT-INF\lib\asm-9.3.jar;c:\Users\User\.vscode\extensions\pivotal.vscode-spring-boot-1.40.0\language-server\BOOT-INF\lib\asm-analysis-9.3.jar;c:\Users\User\.vscode\extensions\pivotal.vscode-spring-boot-1.40.0\language-server\BOOT-INF\lib\asm-tree-9.3.jar;c:\Users\User\.vscode\extensions\pivotal.vscode-spring-boot-1.40.0\language-server\BOOT-INF\lib\asm-util-9.3.jar;c:\Users\User\.vscode\extensions\pivotal.vscode-spring-boot-1.40.0\language-server\BOOT-INF\lib\byte-buddy-1.12.13.jar;c:\Users\User\.vscode\extensions\pivotal.vscode-spring-boot-1.40.0\language-server\BOOT-INF\lib\caffeine-2.9.3.jar;c:\Users\User\.vscode\extensions\pivotal.vscode-spring-boot-1.40.0\language-server\BOOT-INF\lib\checker-qual-3.12.0.jar;c:\Users\User\.vscode\extensions\pivotal.vscode-spring-boot-1.40.0\language-server\BOOT-INF\lib\classgraph-4.8.149.jar;c:\Users\User\.vscode\extensions\pivotal.vscode-spring-boot-1.40.0\language-server\BOOT-INF\lib\commons-codec-1.15.jar;c:\Users\User\.vscode\extensions\pivotal.vscode-spring-boot-1.40.0\language-server\BOOT-INF\lib\commons-compress-1.21.jar;
Launcher Type: SUN_STANDARD

[Global flags]
     intx CICompilerCount                          = 3                                         {product} {ergonomic}
     uint ConcGCThreads                            = 1                                         {product} {ergonomic}
     uint G1ConcRefinementThreads                  = 4                                         {product} {ergonomic}
   size_t G1HeapRegionSize                         = 1048576                                   {product} {ergonomic}
    uintx GCDrainStackTargetSize                   = 64                                        {product} {ergonomic}
   size_t InitialHeapSize                          = 134217728                                 {product} {ergonomic}
   size_t MarkStackSize                            = 4194304                                   {product} {ergonomic}
   size_t MaxHeapSize                              = 2116026368                                {product} {ergonomic}
   size_t MaxNewSize                               = 1268776960                                {product} {ergonomic}
   size_t MinHeapDeltaBytes                        = 1048576                                   {product} {ergonomic}
   size_t MinHeapSize                              = 8388608                                   {product} {ergonomic}
    uintx NonProfiledCodeHeapSize                  = 0                                      {pd product} {ergonomic}
     bool ProfileInterpreter                       = false                                  {pd product} {command line}
    uintx ProfiledCodeHeapSize                     = 0                                      {pd product} {ergonomic}
   size_t SoftMaxHeapSize                          = 2116026368                             {manageable} {ergonomic}
     intx TieredStopAtLevel                        = 1                                         {product} {command line}
     bool UseCompressedClassPointers               = true                           {product lp64_product} {ergonomic}
     bool UseCompressedOops                        = true                           {product lp64_product} {ergonomic}
     bool UseG1GC                                  = true                                      {product} {ergonomic}
     bool UseLargePagesIndividualAllocation        = false                                  {pd product} {ergonomic}

Logging:
Log output configuration:
 #0: stdout all=warning,jni+resolve=off uptime,level,tags
 #1: stderr all=off uptime,level,tags

Environment Variables:
PATH=C:\Program Files\Java\jdk1.8.0_202\bin;C:\Program Files\Common Files\Oracle\Java\javapath;C:\Program Files (x86)\Common Files\Oracle\Java\javapath;C:\Python310\Scripts\;C:\Python310\;C:\Program Files\Java\jdk-17.0.1\bin;C:\Windows\system32;C:\Windows;C:\Windows\System32\Wbem;C:\Windows\System32\WindowsPowerShell\v1.0\;C:\Windows\System32\OpenSSH\;C:\Program Files\Java\jdk1.8.0_311\bin;C:\Program Files\Java\jdk-16.0.2;C:\gradle-7.3.1\bin;C:\Program Files\PostgreSQL\10\bin;C:\Program Files\Git\cmd;C:\MinGW\bin;C:\Program Files (x86)\Vim\vim82;C:\Users\User\Downloads\grupo-1-master-Entrega 1\Entrega 1;C:\ProgramData\chocolatey\bin;C:\Program Files\Docker\Docker\resources\bin;C:\ProgramData\DockerDesktop\version-bin;C:\gradle-7.5.1\bin;C:\Program Files\Java\jdk-16.0.2\bin;C:\Users\User\AppData\Roaming\nvm;C:\Program Files\nodejs;C:\Program Files\Java\jdk1.8.0_202\bin;C:\Program Files\MySQL\MySQL Shell 8.0\bin\;C:\Users\User\AppData\Local\Microsoft\WindowsApps;C:\Program Files\JetBrains\IntelliJ IDEA Community Edition 2021.2.3\bin;C:\john\run;C:\Program Files\JetBrains\IntelliJ IDEA 2021.3\bin;C:\Program Files\JetBrains\PyCharm 2021.3\bin;C:\Users\User\AppData\Local\GitHubDesktop\bin;C:\MinGW\bin;C:\Program Files (x86)\Vim\vim82;C:\Users\User\Downloads\grupo-1-master-Entrega 1\Entrega 1;C:\Users\User\AppData\Roaming\cabal\bin;C:\tools\ghc-9.2.3\bin;C:\tools\msys64;C:\ghcup\bin;C:\Users\User\AppData\Roaming\npm;C:\Users\User\AppData\Local\Programs\Microsoft VS Code\bin;C:\Users\User\apache-maven-3.8.6\bin;C:\Program Files\Java\jdk-18.0.2.1\bin;C:\Program Files\Java\jdk-17.0.4.1\bin;C:\gradle-7.5.1\bin;C:\Program Files\JetBrains\PyCharm 2022.2.3\bin;;C:\Program Files\JetBrains\PyCharm Community Edition 2022.2.3\bin;;C:\Program Files\JetBrains\IntelliJ IDEA 2022.2.3\bin;;C:\Program Files\Java\jdk-16.0.2\bin;C:\Program Files\JetBrains\CLion 2022.2.4\bin;;C:\Users\User\AppData\Roaming\nvm;C:\Program Files\nodejs
USERNAME=User
OS=Windows_NT
PROCESSOR_IDENTIFIER=Intel64 Family 6 Model 142 Stepping 9, GenuineIntel
TMP=C:\Users\User\AppData\Local\Temp
TEMP=C:\Users\User\AppData\Local\Temp



---------------  S Y S T E M  ---------------

OS:
 Windows 10 , 64 bit Build 19041 (10.0.19041.2251)
OS uptime: 0 days 2:55 hours
Hyper-V role detected

CPU: total 4 (initial active 4) (2 cores per cpu, 2 threads per core) family 6 model 142 stepping 9 microcode 0xb4, cx8, cmov, fxsr, ht, mmx, 3dnowpref, sse, sse2, sse3, ssse3, sse4.1, sse4.2, popcnt, lzcnt, tsc, tscinvbit, avx, avx2, aes, erms, clmul, bmi1, bmi2, adx, fma, vzeroupper, clflush, clflushopt, hv

Memory: 4k page, system-wide physical 8067M (384M free)
TotalPageFile size 16259M (AvailPageFile size 33M)
current process WorkingSet (physical memory assigned to process): 204M, peak: 204M
current process commit charge ("private bytes"): 257M, peak: 380M

vm_info: OpenJDK 64-Bit Server VM (17.0.5+8) for windows-amd64 JRE (17.0.5+8), built on Oct 19 2022 04:48:13 by "temurin" with MS VC++ 16.7 (VS2019)

END.
