#
# There is insufficient memory for the Java Runtime Environment to continue.
# Native memory allocation (mmap) failed to map 295698432 bytes for G1 virtual space
# Possible reasons:
#   The system is out of physical RAM or swap space
#   The process is running with CompressedOops enabled, and the Java Heap may be blocking the growth of the native heap
# Possible solutions:
#   Reduce memory load on the system
#   Increase physical memory or swap space
#   Check if swap backing store is full
#   Decrease Java heap size (-Xmx/-Xms)
#   Decrease number of Java threads
#   Decrease Java thread stack sizes (-Xss)
#   Set larger code cache with -XX:ReservedCodeCacheSize=
#   JVM is running with Unscaled Compressed Oops mode in which the Java heap is
#     placed in the first 4GB address space. The Java Heap base address is the
#     maximum limit for the native heap growth. Please use -XX:HeapBaseMinAddress
#     to set the Java Heap base and to place the Java Heap above 4GB virtual address.
# This output file may be truncated or incomplete.
#
#  Out of Memory Error (os_windows.cpp:3548), pid=9204, tid=16788
#
# JRE version: OpenJDK Runtime Environment Temurin-17.0.5+8 (17.0.5+8) (build 17.0.5+8)
# Java VM: OpenJDK 64-Bit Server VM Temurin-17.0.5+8 (17.0.5+8, mixed mode, emulated-client, tiered, compressed oops, compressed class ptrs, g1 gc, windows-amd64)
# No core dump will be written. Minidumps are not enabled by default on client versions of Windows
#

---------------  S U M M A R Y ------------

Command Line: -Dsts.lsp.client=vscode -Dsts.log.file=/dev/null -XX:TieredStopAtLevel=1 -Xlog:jni+resolve=off -Dspring.config.location=file:c:\Users\User\.vscode\extensions\pivotal.vscode-spring-boot-1.40.0\language-server\BOOT-INF\classes\application.properties org.springframework.ide.vscode.boot.app.BootLanguageServerBootApp

Host: Intel(R) Core(TM) i5-7200U CPU @ 2.50GHz, 4 cores, 7G,  Windows 10 , 64 bit Build 19041 (10.0.19041.2251)
Time: Tue Dec  6 11:30:21 2022 Hora oficial do Brasil elapsed time: 4.886305 seconds (0d 0h 0m 4s)

---------------  T H R E A D  ---------------

Current thread (0x0000024ba74b4670):  VMThread "VM Thread" [stack: 0x0000007d30300000,0x0000007d30400000] [id=16788]

Stack: [0x0000007d30300000,0x0000007d30400000]
Native frames: (J=compiled Java code, j=interpreted, Vv=VM code, C=native code)
V  [jvm.dll+0x676b3a]
V  [jvm.dll+0x831444]
V  [jvm.dll+0x832bee]
V  [jvm.dll+0x833253]
V  [jvm.dll+0x244ce5]
V  [jvm.dll+0x673a49]
V  [jvm.dll+0x66811a]
V  [jvm.dll+0x303ceb]
V  [jvm.dll+0x30b1e6]
V  [jvm.dll+0x35adbe]
V  [jvm.dll+0x35afef]
V  [jvm.dll+0x2dab88]
V  [jvm.dll+0x2d8e3c]
V  [jvm.dll+0x2d840c]
V  [jvm.dll+0x31c31b]
V  [jvm.dll+0x8376fb]
V  [jvm.dll+0x838434]
V  [jvm.dll+0x83894c]
V  [jvm.dll+0x838d24]
V  [jvm.dll+0x838df0]
V  [jvm.dll+0x7e17ea]
V  [jvm.dll+0x6759e5]
C  [ucrtbase.dll+0x21bb2]
C  [KERNEL32.DLL+0x174b4]
C  [ntdll.dll+0x526a1]

VM_Operation (0x0000007d31dfe180): G1CollectForAllocation, mode: safepoint, requested by thread 0x0000024ba8045100


---------------  P R O C E S S  ---------------

Threads class SMR info:
_java_thread_list=0x0000024baba50ed0, length=31, elements={
0x0000024ba74b6060, 0x0000024ba74b78f0, 0x0000024ba803a820, 0x0000024ba803bf50,
0x0000024ba803e930, 0x0000024ba8045f70, 0x0000024ba8048a80, 0x0000024ba8052c70,
0x0000024ba74527b0, 0x0000024ba7452cc0, 0x0000024ba80455d0, 0x0000024ba8046910,
0x0000024ba8046440, 0x0000024ba8042f50, 0x0000024ba8043dc0, 0x0000024ba8045aa0,
0x0000024ba8043420, 0x0000024ba80438f0, 0x0000024ba8044290, 0x0000024ba8044760,
0x0000024ba8044c30, 0x0000024ba8045100, 0x0000024ba9ee8980, 0x0000024ba9ee5e30,
0x0000024ba9eec810, 0x0000024ba9eeb4d0, 0x0000024ba9eeb000, 0x0000024ba9eea660,
0x0000024ba9ee7b10, 0x0000024ba9eed1b0, 0x0000024ba9ee7fe0
}

Java Threads: ( => current thread )
  0x0000024ba74b6060 JavaThread "Reference Handler" daemon [_thread_blocked, id=12944, stack(0x0000007d30400000,0x0000007d30500000)]
  0x0000024ba74b78f0 JavaThread "Finalizer" daemon [_thread_blocked, id=1896, stack(0x0000007d30500000,0x0000007d30600000)]
  0x0000024ba803a820 JavaThread "Signal Dispatcher" daemon [_thread_blocked, id=11792, stack(0x0000007d30600000,0x0000007d30700000)]
  0x0000024ba803bf50 JavaThread "Attach Listener" daemon [_thread_blocked, id=10116, stack(0x0000007d30700000,0x0000007d30800000)]
  0x0000024ba803e930 JavaThread "Service Thread" daemon [_thread_blocked, id=7016, stack(0x0000007d30800000,0x0000007d30900000)]
  0x0000024ba8045f70 JavaThread "Monitor Deflation Thread" daemon [_thread_blocked, id=14140, stack(0x0000007d30900000,0x0000007d30a00000)]
  0x0000024ba8048a80 JavaThread "C1 CompilerThread0" daemon [_thread_blocked, id=8596, stack(0x0000007d30a00000,0x0000007d30b00000)]
  0x0000024ba8052c70 JavaThread "Sweeper thread" daemon [_thread_blocked, id=12168, stack(0x0000007d30b00000,0x0000007d30c00000)]
  0x0000024ba74527b0 JavaThread "C1 CompilerThread1" daemon [_thread_blocked, id=8548, stack(0x0000007d30c00000,0x0000007d30d00000)]
  0x0000024ba7452cc0 JavaThread "C1 CompilerThread2" daemon [_thread_blocked, id=12360, stack(0x0000007d30d00000,0x0000007d30e00000)]
  0x0000024ba80455d0 JavaThread "Notification Thread" daemon [_thread_blocked, id=17072, stack(0x0000007d30e00000,0x0000007d30f00000)]
  0x0000024ba8046910 JavaThread "Common-Cleaner" daemon [_thread_blocked, id=12564, stack(0x0000007d31000000,0x0000007d31100000)]
  0x0000024ba8046440 JavaThread "boundedElastic-evictor-1" daemon [_thread_blocked, id=16128, stack(0x0000007d31400000,0x0000007d31500000)]
  0x0000024ba8042f50 JavaThread "pool-9-thread-1" [_thread_blocked, id=7684, stack(0x0000007d31600000,0x0000007d31700000)]
  0x0000024ba8043dc0 JavaThread "LanguageServerApp-lifecycle" [_thread_blocked, id=2388, stack(0x0000007d31700000,0x0000007d31800000)]
  0x0000024ba8045aa0 JavaThread "DestroyJavaVM" [_thread_blocked, id=13348, stack(0x0000007d2fd00000,0x0000007d2fe00000)]
  0x0000024ba8043420 JavaThread "pool-10-thread-1" [_thread_in_native, id=2304, stack(0x0000007d31800000,0x0000007d31900000)]
  0x0000024ba80438f0 JavaThread "Simple-Language-Server main thread" daemon [_thread_blocked, id=14696, stack(0x0000007d31900000,0x0000007d31a00000)]
  0x0000024ba8044290 JavaThread "ForkJoinPool.commonPool-worker-1" daemon [_thread_blocked, id=9788, stack(0x0000007d31a00000,0x0000007d31b00000)]
  0x0000024ba8044760 JavaThread "ClassGraph-worker-0" daemon [_thread_blocked, id=16432, stack(0x0000007d31b00000,0x0000007d31c00000)]
  0x0000024ba8044c30 JavaThread "ClassGraph-worker-1" daemon [_thread_blocked, id=15504, stack(0x0000007d31c00000,0x0000007d31d00000)]
  0x0000024ba8045100 JavaThread "ClassGraph-worker-2" daemon [_thread_blocked, id=17000, stack(0x0000007d31d00000,0x0000007d31e00000)]
  0x0000024ba9ee8980 JavaThread "ClassGraph-worker-3" daemon [_thread_blocked, id=15996, stack(0x0000007d31e00000,0x0000007d31f00000)]
  0x0000024ba9ee5e30 JavaThread "ClassGraph-worker-4" daemon [_thread_blocked, id=5640, stack(0x0000007d31f00000,0x0000007d32000000)]
  0x0000024ba9eec810 JavaThread "ClassGraph-worker-5" daemon [_thread_blocked, id=14980, stack(0x0000007d32000000,0x0000007d32100000)]
  0x0000024ba9eeb4d0 JavaThread "ClassGraph-worker-6" daemon [_thread_blocked, id=17200, stack(0x0000007d32100000,0x0000007d32200000)]
  0x0000024ba9eeb000 JavaThread "ClassGraph-worker-7" daemon [_thread_blocked, id=7356, stack(0x0000007d32200000,0x0000007d32300000)]
  0x0000024ba9eea660 JavaThread "parallel-1" daemon [_thread_blocked, id=13088, stack(0x0000007d32300000,0x0000007d32400000)]
  0x0000024ba9ee7b10 JavaThread "pool-5-thread-1" [_thread_blocked, id=14928, stack(0x0000007d32400000,0x0000007d32500000)]
  0x0000024ba9eed1b0 JavaThread "parallel-2" daemon [_thread_blocked, id=13760, stack(0x0000007d32500000,0x0000007d32600000)]
  0x0000024ba9ee7fe0 JavaThread "Project-Reconciler-1" daemon [_thread_blocked, id=2604, stack(0x0000007d32600000,0x0000007d32700000)]

Other Threads:
=>0x0000024ba74b4670 VMThread "VM Thread" [stack: 0x0000007d30300000,0x0000007d30400000] [id=16788]
  0x0000024ba8268b00 WatcherThread [stack: 0x0000007d30f00000,0x0000007d31000000] [id=13852]
  0x0000024b98a96fc0 GCTaskThread "GC Thread#0" [stack: 0x0000007d2fe00000,0x0000007d2ff00000] [id=1412]
  0x0000024ba88e67b0 GCTaskThread "GC Thread#1" [stack: 0x0000007d31100000,0x0000007d31200000] [id=14216]
  0x0000024ba8ac5430 GCTaskThread "GC Thread#2" [stack: 0x0000007d31200000,0x0000007d31300000] [id=3516]
  0x0000024ba8b18c60 GCTaskThread "GC Thread#3" [stack: 0x0000007d31300000,0x0000007d31400000] [id=13428]
  0x0000024b98aa9c30 ConcurrentGCThread "G1 Main Marker" [stack: 0x0000007d2ff00000,0x0000007d30000000] [id=4684]
  0x0000024b98aaade0 ConcurrentGCThread "G1 Conc#0" [stack: 0x0000007d30000000,0x0000007d30100000] [id=16032]
  0x0000024ba731e5e0 ConcurrentGCThread "G1 Refine#0" [stack: 0x0000007d30100000,0x0000007d30200000] [id=3588]
  0x0000024ba9ac97d0 ConcurrentGCThread "G1 Refine#1" [stack: 0x0000007d31500000,0x0000007d31600000] [id=16644]
  0x0000024ba9d77070 ConcurrentGCThread "G1 Refine#2" [stack: 0x0000007d32700000,0x0000007d32800000] [id=17188]
  0x0000024ba73208d0 ConcurrentGCThread "G1 Service" [stack: 0x0000007d30200000,0x0000007d30300000] [id=14584]

Threads with active compile tasks:

VM state: at safepoint (normal execution)

VM Mutex/Monitor currently owned by a thread:  ([mutex/lock_event])
[0x0000024b9886aa20] Threads_lock - owner thread: 0x0000024ba74b4670
[0x0000024b98a37a30] Heap_lock - owner thread: 0x0000024ba8045100

Heap address: 0x0000000081e00000, size: 2018 MB, Compressed Oops mode: 32-bit

CDS archive(s) not mapped
Compressed class space mapped at: 0x0000000100000000-0x0000000140000000, reserved size: 1073741824
Narrow klass base: 0x0000000000000000, Narrow klass shift: 3, Narrow klass range: 0x140000000

GC Precious Log:
 CPUs: 4 total, 4 available
 Memory: 8067M
 Large Page Support: Disabled
 NUMA Support: Disabled
 Compressed Oops: Enabled (32-bit)
 Heap Region Size: 1M
 Heap Min Capacity: 8M
 Heap Initial Capacity: 128M
 Heap Max Capacity: 2018M
 Pre-touch: Disabled
 Parallel Workers: 4
 Concurrent Workers: 1
 Concurrent Refinement Workers: 4
 Periodic GC: Disabled

Heap:
 garbage-first heap   total 144384K, used 71965K [0x0000000081e00000, 0x0000000100000000)
  region size 1024K, 2 young (2048K), 2 survivors (2048K)
 Metaspace       used 38874K, committed 39232K, reserved 1089536K
  class space    used 4915K, committed 5056K, reserved 1048576K

Heap Regions: E=young(eden), S=young(survivor), O=old, HS=humongous(starts), HC=humongous(continues), CS=collection set, F=free, OA=open archive, CA=closed archive, TAMS=top-at-mark-start (previous, next)
|   0|0x0000000081e00000, 0x0000000081f00000, 0x0000000081f00000|100%| O|  |TAMS 0x0000000081f00000, 0x0000000081f00000| Untracked 
|   1|0x0000000081f00000, 0x0000000082000000, 0x0000000082000000|100%| O|  |TAMS 0x0000000082000000, 0x0000000082000000| Untracked 
|   2|0x0000000082000000, 0x0000000082100000, 0x0000000082100000|100%| O|  |TAMS 0x0000000082100000, 0x0000000082100000| Untracked 
|   3|0x0000000082100000, 0x0000000082200000, 0x0000000082200000|100%| O|  |TAMS 0x0000000082200000, 0x0000000082200000| Untracked 
|   4|0x0000000082200000, 0x0000000082300000, 0x0000000082300000|100%| O|  |TAMS 0x0000000082300000, 0x0000000082300000| Untracked 
|   5|0x0000000082300000, 0x0000000082400000, 0x0000000082400000|100%| O|  |TAMS 0x0000000082400000, 0x0000000082400000| Untracked 
|   6|0x0000000082400000, 0x0000000082500000, 0x0000000082500000|100%| O|  |TAMS 0x0000000082500000, 0x0000000082500000| Untracked 
|   7|0x0000000082500000, 0x0000000082600000, 0x0000000082600000|100%| O|  |TAMS 0x0000000082500000, 0x0000000082600000| Untracked 
|   8|0x0000000082600000, 0x0000000082700000, 0x0000000082700000|100%| O|  |TAMS 0x0000000082700000, 0x0000000082700000| Untracked 
|   9|0x0000000082700000, 0x0000000082800000, 0x0000000082800000|100%| O|  |TAMS 0x0000000082800000, 0x0000000082800000| Untracked 
|  10|0x0000000082800000, 0x0000000082900000, 0x0000000082900000|100%| O|  |TAMS 0x0000000082900000, 0x0000000082900000| Untracked 
|  11|0x0000000082900000, 0x0000000082a00000, 0x0000000082a00000|100%| O|  |TAMS 0x0000000082a00000, 0x0000000082a00000| Untracked 
|  12|0x0000000082a00000, 0x0000000082b00000, 0x0000000082b00000|100%| O|  |TAMS 0x0000000082a00000, 0x0000000082b00000| Untracked 
|  13|0x0000000082b00000, 0x0000000082c00000, 0x0000000082c00000|100%| O|  |TAMS 0x0000000082c00000, 0x0000000082c00000| Untracked 
|  14|0x0000000082c00000, 0x0000000082d00000, 0x0000000082d00000|100%| O|  |TAMS 0x0000000082d00000, 0x0000000082d00000| Untracked 
|  15|0x0000000082d00000, 0x0000000082e00000, 0x0000000082e00000|100%| O|  |TAMS 0x0000000082e00000, 0x0000000082e00000| Untracked 
|  16|0x0000000082e00000, 0x0000000082f00000, 0x0000000082f00000|100%| O|  |TAMS 0x0000000082f00000, 0x0000000082f00000| Untracked 
|  17|0x0000000082f00000, 0x0000000083000000, 0x0000000083000000|100%| O|  |TAMS 0x0000000083000000, 0x0000000083000000| Untracked 
|  18|0x0000000083000000, 0x0000000083100000, 0x0000000083100000|100%| O|  |TAMS 0x0000000083100000, 0x0000000083100000| Untracked 
|  19|0x0000000083100000, 0x0000000083200000, 0x0000000083200000|100%| O|  |TAMS 0x0000000083200000, 0x0000000083200000| Untracked 
|  20|0x0000000083200000, 0x0000000083300000, 0x0000000083300000|100%| O|  |TAMS 0x0000000083300000, 0x0000000083300000| Untracked 
|  21|0x0000000083300000, 0x0000000083400000, 0x0000000083400000|100%| O|  |TAMS 0x0000000083400000, 0x0000000083400000| Untracked 
|  22|0x0000000083400000, 0x0000000083500000, 0x0000000083500000|100%| O|  |TAMS 0x0000000083500000, 0x0000000083500000| Untracked 
|  23|0x0000000083500000, 0x0000000083600000, 0x0000000083600000|100%| O|  |TAMS 0x0000000083600000, 0x0000000083600000| Untracked 
|  24|0x0000000083600000, 0x0000000083700000, 0x0000000083700000|100%| O|  |TAMS 0x0000000083700000, 0x0000000083700000| Untracked 
|  25|0x0000000083700000, 0x0000000083800000, 0x0000000083800000|100%| O|  |TAMS 0x0000000083800000, 0x0000000083800000| Untracked 
|  26|0x0000000083800000, 0x0000000083900000, 0x0000000083900000|100%| O|  |TAMS 0x0000000083900000, 0x0000000083900000| Untracked 
|  27|0x0000000083900000, 0x0000000083a00000, 0x0000000083a00000|100%| O|  |TAMS 0x0000000083a00000, 0x0000000083a00000| Untracked 
|  28|0x0000000083a00000, 0x0000000083b00000, 0x0000000083b00000|100%| O|  |TAMS 0x0000000083b00000, 0x0000000083b00000| Untracked 
|  29|0x0000000083b00000, 0x0000000083c00000, 0x0000000083c00000|100%| O|  |TAMS 0x0000000083c00000, 0x0000000083c00000| Untracked 
|  30|0x0000000083c00000, 0x0000000083d00000, 0x0000000083d00000|100%| O|  |TAMS 0x0000000083d00000, 0x0000000083d00000| Untracked 
|  31|0x0000000083d00000, 0x0000000083e00000, 0x0000000083e00000|100%| O|  |TAMS 0x0000000083df1c00, 0x0000000083e00000| Untracked 
|  32|0x0000000083e00000, 0x0000000083f00000, 0x0000000083f00000|100%| O|  |TAMS 0x0000000083e00000, 0x0000000083f00000| Untracked 
|  33|0x0000000083f00000, 0x0000000084000000, 0x0000000084000000|100%| O|  |TAMS 0x0000000083f00000, 0x0000000084000000| Untracked 
|  34|0x0000000084000000, 0x0000000084100000, 0x0000000084100000|100%|HS|  |TAMS 0x0000000084000000, 0x0000000084100000| Complete 
|  35|0x0000000084100000, 0x0000000084200000, 0x0000000084200000|100%| O|  |TAMS 0x0000000084100000, 0x0000000084200000| Untracked 
|  36|0x0000000084200000, 0x0000000084300000, 0x0000000084300000|100%| O|  |TAMS 0x0000000084200000, 0x0000000084300000| Untracked 
|  37|0x0000000084300000, 0x0000000084400000, 0x0000000084400000|100%| O|  |TAMS 0x0000000084300000, 0x0000000084400000| Untracked 
|  38|0x0000000084400000, 0x0000000084500000, 0x0000000084500000|100%| O|  |TAMS 0x0000000084400000, 0x0000000084500000| Untracked 
|  39|0x0000000084500000, 0x0000000084600000, 0x0000000084600000|100%| O|  |TAMS 0x0000000084500000, 0x0000000084600000| Untracked 
|  40|0x0000000084600000, 0x0000000084700000, 0x0000000084700000|100%| O|  |TAMS 0x0000000084600000, 0x0000000084700000| Untracked 
|  41|0x0000000084700000, 0x0000000084800000, 0x0000000084800000|100%| O|  |TAMS 0x0000000084700000, 0x0000000084800000| Untracked 
|  42|0x0000000084800000, 0x0000000084900000, 0x0000000084900000|100%| O|  |TAMS 0x0000000084800000, 0x0000000084900000| Untracked 
|  43|0x0000000084900000, 0x0000000084a00000, 0x0000000084a00000|100%| O|  |TAMS 0x0000000084900000, 0x0000000084a00000| Untracked 
|  44|0x0000000084a00000, 0x0000000084b00000, 0x0000000084b00000|100%| O|  |TAMS 0x0000000084a00000, 0x0000000084b00000| Untracked 
|  45|0x0000000084b00000, 0x0000000084c00000, 0x0000000084c00000|100%| O|  |TAMS 0x0000000084b00000, 0x0000000084c00000| Untracked 
|  46|0x0000000084c00000, 0x0000000084d00000, 0x0000000084d00000|100%| O|  |TAMS 0x0000000084c00000, 0x0000000084d00000| Untracked 
|  47|0x0000000084d00000, 0x0000000084e00000, 0x0000000084e00000|100%| O|  |TAMS 0x0000000084d00000, 0x0000000084e00000| Untracked 
|  48|0x0000000084e00000, 0x0000000084f00000, 0x0000000084f00000|100%| O|  |TAMS 0x0000000084e00000, 0x0000000084f00000| Untracked 
|  49|0x0000000084f00000, 0x0000000085000000, 0x0000000085000000|100%| O|  |TAMS 0x0000000084f00000, 0x0000000085000000| Untracked 
|  50|0x0000000085000000, 0x0000000085100000, 0x0000000085100000|100%| O|  |TAMS 0x0000000085000000, 0x0000000085100000| Untracked 
|  51|0x0000000085100000, 0x0000000085200000, 0x0000000085200000|100%| O|  |TAMS 0x0000000085100000, 0x0000000085200000| Untracked 
|  52|0x0000000085200000, 0x0000000085300000, 0x0000000085300000|100%| O|  |TAMS 0x0000000085200000, 0x0000000085300000| Untracked 
|  53|0x0000000085300000, 0x0000000085400000, 0x0000000085400000|100%|HS|  |TAMS 0x0000000085300000, 0x0000000085400000| Complete 
|  54|0x0000000085400000, 0x0000000085500000, 0x0000000085500000|100%| O|  |TAMS 0x0000000085400000, 0x0000000085500000| Untracked 
|  55|0x0000000085500000, 0x0000000085600000, 0x0000000085600000|100%| O|  |TAMS 0x0000000085500000, 0x0000000085600000| Untracked 
|  56|0x0000000085600000, 0x0000000085700000, 0x0000000085700000|100%| O|  |TAMS 0x0000000085600000, 0x0000000085700000| Untracked 
|  57|0x0000000085700000, 0x0000000085800000, 0x0000000085800000|100%| O|  |TAMS 0x0000000085700000, 0x0000000085800000| Untracked 
|  58|0x0000000085800000, 0x0000000085900000, 0x0000000085900000|100%| O|  |TAMS 0x0000000085800000, 0x0000000085900000| Untracked 
|  59|0x0000000085900000, 0x0000000085a00000, 0x0000000085a00000|100%| O|  |TAMS 0x0000000085900000, 0x0000000085a00000| Untracked 
|  60|0x0000000085a00000, 0x0000000085b00000, 0x0000000085b00000|100%| O|  |TAMS 0x0000000085a00000, 0x0000000085b00000| Untracked 
|  61|0x0000000085b00000, 0x0000000085c00000, 0x0000000085c00000|100%| O|  |TAMS 0x0000000085b00000, 0x0000000085c00000| Untracked 
|  62|0x0000000085c00000, 0x0000000085d00000, 0x0000000085d00000|100%| O|  |TAMS 0x0000000085c00000, 0x0000000085d00000| Untracked 
|  63|0x0000000085d00000, 0x0000000085e00000, 0x0000000085e00000|100%| O|  |TAMS 0x0000000085d00000, 0x0000000085d77e00| Untracked 
|  64|0x0000000085e00000, 0x0000000085f00000, 0x0000000085f00000|100%| O|  |TAMS 0x0000000085e00000, 0x0000000085e00000| Untracked 
|  65|0x0000000085f00000, 0x0000000086000000, 0x0000000086000000|100%| O|  |TAMS 0x0000000085f00000, 0x0000000085f00000| Untracked 
|  66|0x0000000086000000, 0x0000000086100000, 0x0000000086100000|100%| O|  |TAMS 0x0000000086000000, 0x0000000086000000| Untracked 
|  67|0x0000000086100000, 0x0000000086200000, 0x0000000086200000|100%| O|  |TAMS 0x0000000086100000, 0x0000000086100000| Untracked 
|  68|0x0000000086200000, 0x000000008626a000, 0x0000000086300000| 41%| O|  |TAMS 0x0000000086200000, 0x0000000086200000| Untracked 
|  69|0x0000000086300000, 0x0000000086300000, 0x0000000086400000|  0%| F|  |TAMS 0x0000000086300000, 0x0000000086300000| Untracked 
|  70|0x0000000086400000, 0x0000000086400000, 0x0000000086500000|  0%| F|  |TAMS 0x0000000086400000, 0x0000000086400000| Untracked 
|  71|0x0000000086500000, 0x0000000086500000, 0x0000000086600000|  0%| F|  |TAMS 0x0000000086500000, 0x0000000086500000| Untracked 
|  72|0x0000000086600000, 0x0000000086600000, 0x0000000086700000|  0%| F|  |TAMS 0x0000000086600000, 0x0000000086600000| Untracked 
|  73|0x0000000086700000, 0x0000000086700000, 0x0000000086800000|  0%| F|  |TAMS 0x0000000086700000, 0x0000000086700000| Untracked 
|  74|0x0000000086800000, 0x0000000086800000, 0x0000000086900000|  0%| F|  |TAMS 0x0000000086800000, 0x0000000086800000| Untracked 
|  75|0x0000000086900000, 0x0000000086900000, 0x0000000086a00000|  0%| F|  |TAMS 0x0000000086900000, 0x0000000086900000| Untracked 
|  76|0x0000000086a00000, 0x0000000086a00000, 0x0000000086b00000|  0%| F|  |TAMS 0x0000000086a00000, 0x0000000086a00000| Untracked 
|  77|0x0000000086b00000, 0x0000000086b00000, 0x0000000086c00000|  0%| F|  |TAMS 0x0000000086b00000, 0x0000000086b00000| Untracked 
|  78|0x0000000086c00000, 0x0000000086c00000, 0x0000000086d00000|  0%| F|  |TAMS 0x0000000086c00000, 0x0000000086c00000| Untracked 
|  79|0x0000000086d00000, 0x0000000086d00000, 0x0000000086e00000|  0%| F|  |TAMS 0x0000000086d00000, 0x0000000086d00000| Untracked 
|  80|0x0000000086e00000, 0x0000000086e00000, 0x0000000086f00000|  0%| F|  |TAMS 0x0000000086e00000, 0x0000000086e00000| Untracked 
|  81|0x0000000086f00000, 0x0000000086f00000, 0x0000000087000000|  0%| F|  |TAMS 0x0000000086f00000, 0x0000000086f00000| Untracked 
|  82|0x0000000087000000, 0x0000000087000000, 0x0000000087100000|  0%| F|  |TAMS 0x0000000087000000, 0x0000000087000000| Untracked 
|  83|0x0000000087100000, 0x0000000087100000, 0x0000000087200000|  0%| F|  |TAMS 0x0000000087100000, 0x0000000087100000| Untracked 
|  84|0x0000000087200000, 0x0000000087200000, 0x0000000087300000|  0%| F|  |TAMS 0x0000000087200000, 0x0000000087200000| Untracked 
|  85|0x0000000087300000, 0x0000000087300000, 0x0000000087400000|  0%| F|  |TAMS 0x0000000087300000, 0x0000000087300000| Untracked 
|  86|0x0000000087400000, 0x0000000087400000, 0x0000000087500000|  0%| F|  |TAMS 0x0000000087400000, 0x0000000087400000| Untracked 
|  87|0x0000000087500000, 0x0000000087500000, 0x0000000087600000|  0%| F|  |TAMS 0x0000000087500000, 0x0000000087500000| Untracked 
|  88|0x0000000087600000, 0x0000000087600000, 0x0000000087700000|  0%| F|  |TAMS 0x0000000087600000, 0x0000000087600000| Untracked 
|  89|0x0000000087700000, 0x0000000087700000, 0x0000000087800000|  0%| F|  |TAMS 0x0000000087700000, 0x0000000087700000| Untracked 
|  90|0x0000000087800000, 0x0000000087800000, 0x0000000087900000|  0%| F|  |TAMS 0x0000000087800000, 0x0000000087800000| Untracked 
|  91|0x0000000087900000, 0x0000000087900000, 0x0000000087a00000|  0%| F|  |TAMS 0x0000000087900000, 0x0000000087900000| Untracked 
|  92|0x0000000087a00000, 0x0000000087a00000, 0x0000000087b00000|  0%| F|  |TAMS 0x0000000087a00000, 0x0000000087a00000| Untracked 
|  93|0x0000000087b00000, 0x0000000087b00000, 0x0000000087c00000|  0%| F|  |TAMS 0x0000000087b00000, 0x0000000087b00000| Untracked 
|  94|0x0000000087c00000, 0x0000000087c00000, 0x0000000087d00000|  0%| F|  |TAMS 0x0000000087c00000, 0x0000000087c00000| Untracked 
|  95|0x0000000087d00000, 0x0000000087d00000, 0x0000000087e00000|  0%| F|  |TAMS 0x0000000087d00000, 0x0000000087d00000| Untracked 
|  96|0x0000000087e00000, 0x0000000087e00000, 0x0000000087f00000|  0%| F|  |TAMS 0x0000000087e00000, 0x0000000087e00000| Untracked 
|  97|0x0000000087f00000, 0x0000000087f00000, 0x0000000088000000|  0%| F|  |TAMS 0x0000000087f00000, 0x0000000087f00000| Untracked 
|  98|0x0000000088000000, 0x0000000088000000, 0x0000000088100000|  0%| F|  |TAMS 0x0000000088000000, 0x0000000088000000| Untracked 
|  99|0x0000000088100000, 0x0000000088100000, 0x0000000088200000|  0%| F|  |TAMS 0x0000000088100000, 0x0000000088100000| Untracked 
| 100|0x0000000088200000, 0x0000000088200000, 0x0000000088300000|  0%| F|  |TAMS 0x0000000088200000, 0x0000000088200000| Untracked 
| 101|0x0000000088300000, 0x0000000088300000, 0x0000000088400000|  0%| F|  |TAMS 0x0000000088300000, 0x0000000088300000| Untracked 
| 102|0x0000000088400000, 0x0000000088400000, 0x0000000088500000|  0%| F|  |TAMS 0x0000000088400000, 0x0000000088400000| Untracked 
| 103|0x0000000088500000, 0x0000000088500000, 0x0000000088600000|  0%| F|  |TAMS 0x0000000088500000, 0x0000000088500000| Untracked 
| 104|0x0000000088600000, 0x0000000088600000, 0x0000000088700000|  0%| F|  |TAMS 0x0000000088600000, 0x0000000088600000| Untracked 
| 105|0x0000000088700000, 0x00000000887dd500, 0x0000000088800000| 86%| S|CS|TAMS 0x0000000088700000, 0x0000000088700000| Complete 
| 106|0x0000000088800000, 0x0000000088900000, 0x0000000088900000|100%| S|CS|TAMS 0x0000000088800000, 0x0000000088800000| Complete 
| 107|0x0000000088900000, 0x0000000088900000, 0x0000000088a00000|  0%| F|  |TAMS 0x0000000088900000, 0x0000000088900000| Untracked 
| 108|0x0000000088a00000, 0x0000000088a00000, 0x0000000088b00000|  0%| F|  |TAMS 0x0000000088a00000, 0x0000000088a00000| Untracked 
| 109|0x0000000088b00000, 0x0000000088b00000, 0x0000000088c00000|  0%| F|  |TAMS 0x0000000088b00000, 0x0000000088b00000| Untracked 
| 110|0x0000000088c00000, 0x0000000088c00000, 0x0000000088d00000|  0%| F|  |TAMS 0x0000000088c00000, 0x0000000088c00000| Untracked 
| 111|0x0000000088d00000, 0x0000000088d00000, 0x0000000088e00000|  0%| F|  |TAMS 0x0000000088d00000, 0x0000000088d00000| Untracked 
| 112|0x0000000088e00000, 0x0000000088e00000, 0x0000000088f00000|  0%| F|  |TAMS 0x0000000088e00000, 0x0000000088e00000| Untracked 
| 113|0x0000000088f00000, 0x0000000088f00000, 0x0000000089000000|  0%| F|  |TAMS 0x0000000088f00000, 0x0000000088f00000| Untracked 
| 114|0x0000000089000000, 0x0000000089000000, 0x0000000089100000|  0%| F|  |TAMS 0x0000000089000000, 0x0000000089000000| Untracked 
| 115|0x0000000089100000, 0x0000000089100000, 0x0000000089200000|  0%| F|  |TAMS 0x0000000089100000, 0x0000000089100000| Untracked 
| 116|0x0000000089200000, 0x0000000089200000, 0x0000000089300000|  0%| F|  |TAMS 0x0000000089200000, 0x0000000089200000| Untracked 
| 117|0x0000000089300000, 0x0000000089300000, 0x0000000089400000|  0%| F|  |TAMS 0x0000000089300000, 0x0000000089300000| Untracked 
| 118|0x0000000089400000, 0x0000000089400000, 0x0000000089500000|  0%| F|  |TAMS 0x0000000089400000, 0x0000000089400000| Untracked 
| 119|0x0000000089500000, 0x0000000089500000, 0x0000000089600000|  0%| F|  |TAMS 0x0000000089500000, 0x0000000089500000| Untracked 
| 120|0x0000000089600000, 0x0000000089600000, 0x0000000089700000|  0%| F|  |TAMS 0x0000000089600000, 0x0000000089600000| Untracked 
| 121|0x0000000089700000, 0x0000000089700000, 0x0000000089800000|  0%| F|  |TAMS 0x0000000089700000, 0x0000000089700000| Untracked 
| 122|0x0000000089800000, 0x0000000089800000, 0x0000000089900000|  0%| F|  |TAMS 0x0000000089800000, 0x0000000089800000| Untracked 
| 123|0x0000000089900000, 0x0000000089900000, 0x0000000089a00000|  0%| F|  |TAMS 0x0000000089900000, 0x0000000089900000| Untracked 
| 124|0x0000000089a00000, 0x0000000089a00000, 0x0000000089b00000|  0%| F|  |TAMS 0x0000000089a00000, 0x0000000089a00000| Untracked 
| 125|0x0000000089b00000, 0x0000000089b00000, 0x0000000089c00000|  0%| F|  |TAMS 0x0000000089b00000, 0x0000000089b00000| Untracked 
| 126|0x0000000089c00000, 0x0000000089c00000, 0x0000000089d00000|  0%| F|  |TAMS 0x0000000089c00000, 0x0000000089c00000| Untracked 
| 127|0x0000000089d00000, 0x0000000089d00000, 0x0000000089e00000|  0%| F|  |TAMS 0x0000000089d00000, 0x0000000089d00000| Untracked 
| 128|0x0000000089e00000, 0x0000000089e00000, 0x0000000089f00000|  0%| F|  |TAMS 0x0000000089e00000, 0x0000000089e00000| Untracked 
| 129|0x0000000089f00000, 0x0000000089f00000, 0x000000008a000000|  0%| F|  |TAMS 0x0000000089f00000, 0x0000000089f00000| Untracked 
| 130|0x000000008a000000, 0x000000008a000000, 0x000000008a100000|  0%| F|  |TAMS 0x000000008a000000, 0x000000008a000000| Untracked 
| 131|0x000000008a100000, 0x000000008a100000, 0x000000008a200000|  0%| F|  |TAMS 0x000000008a100000, 0x000000008a100000| Untracked 
| 132|0x000000008a200000, 0x000000008a200000, 0x000000008a300000|  0%| F|  |TAMS 0x000000008a200000, 0x000000008a200000| Untracked 
| 133|0x000000008a300000, 0x000000008a300000, 0x000000008a400000|  0%| F|  |TAMS 0x000000008a300000, 0x000000008a300000| Untracked 
| 134|0x000000008a400000, 0x000000008a400000, 0x000000008a500000|  0%| F|  |TAMS 0x000000008a400000, 0x000000008a400000| Untracked 
| 135|0x000000008a500000, 0x000000008a500000, 0x000000008a600000|  0%| F|  |TAMS 0x000000008a500000, 0x000000008a500000| Untracked 
| 136|0x000000008a600000, 0x000000008a600000, 0x000000008a700000|  0%| F|  |TAMS 0x000000008a600000, 0x000000008a600000| Untracked 
| 137|0x000000008a700000, 0x000000008a700000, 0x000000008a800000|  0%| F|  |TAMS 0x000000008a700000, 0x000000008a700000| Untracked 
| 138|0x000000008a800000, 0x000000008a800000, 0x000000008a900000|  0%| F|  |TAMS 0x000000008a800000, 0x000000008a800000| Untracked 
| 139|0x000000008a900000, 0x000000008a900000, 0x000000008aa00000|  0%| F|  |TAMS 0x000000008a900000, 0x000000008a900000| Untracked 
| 140|0x000000008aa00000, 0x000000008aa00000, 0x000000008ab00000|  0%| F|  |TAMS 0x000000008aa00000, 0x000000008aa00000| Untracked 

Card table byte_map: [0x0000024ba0760000,0x0000024ba0b60000] _byte_map_base: 0x0000024ba0351000

Marking Bits (Prev, Next): (CMBitMap*) 0x0000024b98a97610, (CMBitMap*) 0x0000024b98a975d0
 Prev Bits: [0x0000024ba2ef0000, 0x0000024ba4e78000)
 Next Bits: [0x0000024ba0f60000, 0x0000024ba2ee8000)

Polling page: 0x0000024b98810000

Metaspace:

Usage:
  Non-class:     33.16 MB used.
      Class:      4.80 MB used.
       Both:     37.96 MB used.

Virtual space:
  Non-class space:       40.00 MB reserved,      33.38 MB ( 83%) committed,  5 nodes.
      Class space:        1.00 GB reserved,       4.94 MB ( <1%) committed,  1 nodes.
             Both:        1.04 GB reserved,      38.31 MB (  4%) committed. 

Chunk freelists:
   Non-Class:  1.84 MB
       Class:  3.06 MB
        Both:  4.91 MB

MaxMetaspaceSize: unlimited
CompressedClassSpaceSize: 1.00 GB
Initial GC threshold: 21.00 MB
Current GC threshold: 62.19 MB
CDS: off
MetaspaceReclaimPolicy: balanced
 - commit_granule_bytes: 65536.
 - commit_granule_words: 8192.
 - virtual_space_node_default_size: 1048576.
 - enlarge_chunks_in_place: 1.
 - new_chunks_are_fully_committed: 0.
 - uncommit_free_chunks: 1.
 - use_allocation_guard: 0.
 - handle_deallocations: 1.


Internal statistics:

num_allocs_failed_limit: 11.
num_arena_births: 382.
num_arena_deaths: 0.
num_vsnodes_births: 6.
num_vsnodes_deaths: 0.
num_space_committed: 613.
num_space_uncommitted: 0.
num_chunks_returned_to_freelist: 11.
num_chunks_taken_from_freelist: 1526.
num_chunk_merges: 11.
num_chunk_splits: 1041.
num_chunks_enlarged: 805.
num_purges: 0.
num_inconsistent_stats: 0.

CodeCache: size=49152Kb used=8950Kb max_used=8950Kb free=40201Kb
 bounds [0x0000024b9cec0000, 0x0000024b9d780000, 0x0000024b9fec0000]
 total_blobs=4509 nmethods=3975 adapters=459
 compilation: enabled
              stopped_count=0, restarted_count=0
 full_count=0

Compilation events (20 events):
Event: 4.859 Thread 0x0000024ba74527b0 3973       1       jdk.internal.module.SystemModuleFinders$SystemModuleReader::open (15 bytes)
Event: 4.859 Thread 0x0000024ba7452cc0 nmethod 3947 0x0000024b9d777010 code [0x0000024b9d7772c0, 0x0000024b9d777d78]
Event: 4.859 Thread 0x0000024ba7452cc0 3955       1       io.github.classgraph.ModuleReaderProxy::open (72 bytes)
Event: 4.860 Thread 0x0000024ba8048a80 nmethod 3971 0x0000024b9d778390 code [0x0000024b9d778560, 0x0000024b9d778858]
Event: 4.860 Thread 0x0000024ba8048a80 3891       1       java.util.zip.Inflater::inflate (9 bytes)
Event: 4.860 Thread 0x0000024ba8048a80 nmethod 3891 0x0000024b9d778a10 code [0x0000024b9d778ba0, 0x0000024b9d778c88]
Event: 4.860 Thread 0x0000024ba8048a80 3963       1       jdk.internal.jimage.ImageReader::getResourceBuffer (13 bytes)
Event: 4.860 Thread 0x0000024ba8048a80 nmethod 3963 0x0000024b9d778d90 code [0x0000024b9d778f40, 0x0000024b9d7790d8]
Event: 4.860 Thread 0x0000024ba8048a80 3949       1       jdk.internal.jimage.BasicImageReader::releaseByteBuffer (16 bytes)
Event: 4.860 Thread 0x0000024ba7452cc0 nmethod 3955 0x0000024b9d779210 code [0x0000024b9d779420, 0x0000024b9d779908]
Event: 4.860 Thread 0x0000024ba7452cc0 3914       1       jdk.internal.misc.Unsafe::weakCompareAndSetReference (11 bytes)
Event: 4.860 Thread 0x0000024ba74527b0 nmethod 3973 0x0000024b9d779b10 code [0x0000024b9d779d20, 0x0000024b9d77a2e8]
Event: 4.860 Thread 0x0000024ba8048a80 nmethod 3949 0x0000024b9d77a610 code [0x0000024b9d77a7a0, 0x0000024b9d77a8e8]
Event: 4.860 Thread 0x0000024ba8048a80 3917       1       java.lang.invoke.VarHandleReferences$FieldInstanceReadWrite::weakCompareAndSet (48 bytes)
Event: 4.860 Thread 0x0000024ba7452cc0 nmethod 3914 0x0000024b9d77a990 code [0x0000024b9d77ab20, 0x0000024b9d77ac58]
Event: 4.861 Thread 0x0000024ba8048a80 nmethod 3917 0x0000024b9d77ad10 code [0x0000024b9d77af20, 0x0000024b9d77b468]
Event: 4.864 Thread 0x0000024ba8048a80 3974   !   1       jdk.internal.reflect.GeneratedMethodAccessor28::invoke (67 bytes)
Event: 4.865 Thread 0x0000024ba8048a80 nmethod 3974 0x0000024b9d77b710 code [0x0000024b9d77b900, 0x0000024b9d77bd38]
Event: 4.867 Thread 0x0000024ba8048a80 3975  s!   1       jdk.internal.loader.URLClassPath::getLoader (196 bytes)
Event: 4.868 Thread 0x0000024ba8048a80 nmethod 3975 0x0000024b9d77c390 code [0x0000024b9d77c640, 0x0000024b9d77d058]

GC Heap History (20 events):
Event: 3.581 GC heap after
{Heap after GC invocations=9 (full 0):
 garbage-first heap   total 58368K, used 19383K [0x0000000081e00000, 0x0000000100000000)
  region size 1024K, 2 young (2048K), 2 survivors (2048K)
 Metaspace       used 33989K, committed 34304K, reserved 1081344K
  class space    used 4344K, committed 4480K, reserved 1048576K
}
Event: 3.750 GC heap before
{Heap before GC invocations=9 (full 0):
 garbage-first heap   total 58368K, used 40887K [0x0000000081e00000, 0x0000000100000000)
  region size 1024K, 24 young (24576K), 2 survivors (2048K)
 Metaspace       used 35357K, committed 35648K, reserved 1081344K
  class space    used 4575K, committed 4736K, reserved 1048576K
}
Event: 3.756 GC heap after
{Heap after GC invocations=10 (full 0):
 garbage-first heap   total 58368K, used 23528K [0x0000000081e00000, 0x0000000100000000)
  region size 1024K, 3 young (3072K), 3 survivors (3072K)
 Metaspace       used 35357K, committed 35648K, reserved 1081344K
  class space    used 4575K, committed 4736K, reserved 1048576K
}
Event: 3.881 GC heap before
{Heap before GC invocations=10 (full 0):
 garbage-first heap   total 58368K, used 40936K [0x0000000081e00000, 0x0000000100000000)
  region size 1024K, 21 young (21504K), 3 survivors (3072K)
 Metaspace       used 35906K, committed 36160K, reserved 1081344K
  class space    used 4606K, committed 4736K, reserved 1048576K
}
Event: 3.885 GC heap after
{Heap after GC invocations=11 (full 0):
 garbage-first heap   total 58368K, used 26896K [0x0000000081e00000, 0x0000000100000000)
  region size 1024K, 3 young (3072K), 3 survivors (3072K)
 Metaspace       used 35906K, committed 36160K, reserved 1081344K
  class space    used 4606K, committed 4736K, reserved 1048576K
}
Event: 3.929 GC heap before
{Heap before GC invocations=11 (full 0):
 garbage-first heap   total 58368K, used 36112K [0x0000000081e00000, 0x0000000100000000)
  region size 1024K, 14 young (14336K), 3 survivors (3072K)
 Metaspace       used 35987K, committed 36288K, reserved 1081344K
  class space    used 4617K, committed 4800K, reserved 1048576K
}
Event: 3.932 GC heap after
{Heap after GC invocations=12 (full 0):
 garbage-first heap   total 58368K, used 29638K [0x0000000081e00000, 0x0000000100000000)
  region size 1024K, 3 young (3072K), 3 survivors (3072K)
 Metaspace       used 35987K, committed 36288K, reserved 1081344K
  class space    used 4617K, committed 4800K, reserved 1048576K
}
Event: 3.998 GC heap before
{Heap before GC invocations=13 (full 0):
 garbage-first heap   total 63488K, used 42950K [0x0000000081e00000, 0x0000000100000000)
  region size 1024K, 16 young (16384K), 3 survivors (3072K)
 Metaspace       used 36482K, committed 36800K, reserved 1081344K
  class space    used 4679K, committed 4800K, reserved 1048576K
}
Event: 4.001 GC heap after
{Heap after GC invocations=14 (full 0):
 garbage-first heap   total 63488K, used 31555K [0x0000000081e00000, 0x0000000100000000)
  region size 1024K, 2 young (2048K), 2 survivors (2048K)
 Metaspace       used 36482K, committed 36800K, reserved 1081344K
  class space    used 4679K, committed 4800K, reserved 1048576K
}
Event: 4.006 GC heap before
{Heap before GC invocations=14 (full 0):
 garbage-first heap   total 63488K, used 32579K [0x0000000081e00000, 0x0000000100000000)
  region size 1024K, 3 young (3072K), 2 survivors (2048K)
 Metaspace       used 36514K, committed 36800K, reserved 1081344K
  class space    used 4686K, committed 4800K, reserved 1048576K
}
Event: 4.009 GC heap after
{Heap after GC invocations=15 (full 0):
 garbage-first heap   total 144384K, used 31354K [0x0000000081e00000, 0x0000000100000000)
  region size 1024K, 1 young (1024K), 1 survivors (1024K)
 Metaspace       used 36514K, committed 36800K, reserved 1081344K
  class space    used 4686K, committed 4800K, reserved 1048576K
}
Event: 4.171 GC heap before
{Heap before GC invocations=15 (full 0):
 garbage-first heap   total 144384K, used 94842K [0x0000000081e00000, 0x0000000100000000)
  region size 1024K, 64 young (65536K), 1 survivors (1024K)
 Metaspace       used 37669K, committed 37952K, reserved 1089536K
  class space    used 4752K, committed 4864K, reserved 1048576K
}
Event: 4.182 GC heap after
{Heap after GC invocations=16 (full 0):
 garbage-first heap   total 144384K, used 41670K [0x0000000081e00000, 0x0000000100000000)
  region size 1024K, 8 young (8192K), 8 survivors (8192K)
 Metaspace       used 37669K, committed 37952K, reserved 1089536K
  class space    used 4752K, committed 4864K, reserved 1048576K
}
Event: 4.710 GC heap before
{Heap before GC invocations=17 (full 0):
 garbage-first heap   total 144384K, used 94918K [0x0000000081e00000, 0x0000000100000000)
  region size 1024K, 60 young (61440K), 8 survivors (8192K)
 Metaspace       used 38673K, committed 39040K, reserved 1089536K
  class space    used 4892K, committed 5056K, reserved 1048576K
}
Event: 4.734 GC heap after
{Heap after GC invocations=18 (full 0):
 garbage-first heap   total 144384K, used 60801K [0x0000000081e00000, 0x0000000100000000)
  region size 1024K, 8 young (8192K), 8 survivors (8192K)
 Metaspace       used 38673K, committed 39040K, reserved 1089536K
  class space    used 4892K, committed 5056K, reserved 1048576K
}
Event: 4.742 GC heap before
{Heap before GC invocations=18 (full 0):
 garbage-first heap   total 144384K, used 62849K [0x0000000081e00000, 0x0000000100000000)
  region size 1024K, 9 young (9216K), 8 survivors (8192K)
 Metaspace       used 38673K, committed 39040K, reserved 1089536K
  class space    used 4892K, committed 5056K, reserved 1048576K
}
Event: 4.753 GC heap after
{Heap after GC invocations=19 (full 0):
 garbage-first heap   total 144384K, used 64761K [0x0000000081e00000, 0x0000000100000000)
  region size 1024K, 2 young (2048K), 2 survivors (2048K)
 Metaspace       used 38673K, committed 39040K, reserved 1089536K
  class space    used 4892K, committed 5056K, reserved 1048576K
}
Event: 4.815 GC heap before
{Heap before GC invocations=19 (full 0):
 garbage-first heap   total 144384K, used 100601K [0x0000000081e00000, 0x0000000100000000)
  region size 1024K, 38 young (38912K), 2 survivors (2048K)
 Metaspace       used 38764K, committed 39104K, reserved 1089536K
  class space    used 4901K, committed 5056K, reserved 1048576K
}
Event: 4.830 GC heap after
{Heap after GC invocations=20 (full 0):
 garbage-first heap   total 144384K, used 70111K [0x0000000081e00000, 0x0000000100000000)
  region size 1024K, 5 young (5120K), 5 survivors (5120K)
 Metaspace       used 38764K, committed 39104K, reserved 1089536K
  class space    used 4901K, committed 5056K, reserved 1048576K
}
Event: 4.872 GC heap before
{Heap before GC invocations=20 (full 0):
 garbage-first heap   total 144384K, used 103903K [0x0000000081e00000, 0x0000000100000000)
  region size 1024K, 39 young (39936K), 5 survivors (5120K)
 Metaspace       used 38874K, committed 39232K, reserved 1089536K
  class space    used 4915K, committed 5056K, reserved 1048576K
}

Dll operation events (8 events):
Event: 0.008 Loaded shared library c:\Users\User\.vscode\extensions\redhat.java-1.13.0-win32-x64\jre\17.0.5-win32-x86_64\bin\java.dll
Event: 0.189 Loaded shared library C:\Users\User\.vscode\extensions\redhat.java-1.13.0-win32-x64\jre\17.0.5-win32-x86_64\bin\net.dll
Event: 0.191 Loaded shared library C:\Users\User\.vscode\extensions\redhat.java-1.13.0-win32-x64\jre\17.0.5-win32-x86_64\bin\nio.dll
Event: 0.199 Loaded shared library C:\Users\User\.vscode\extensions\redhat.java-1.13.0-win32-x64\jre\17.0.5-win32-x86_64\bin\zip.dll
Event: 0.324 Loaded shared library c:\Users\User\.vscode\extensions\redhat.java-1.13.0-win32-x64\jre\17.0.5-win32-x86_64\bin\verify.dll
Event: 0.332 Loaded shared library C:\Users\User\.vscode\extensions\redhat.java-1.13.0-win32-x64\jre\17.0.5-win32-x86_64\bin\jimage.dll
Event: 1.550 Loaded shared library C:\Users\User\.vscode\extensions\redhat.java-1.13.0-win32-x64\jre\17.0.5-win32-x86_64\bin\management.dll
Event: 1.553 Loaded shared library C:\Users\User\.vscode\extensions\redhat.java-1.13.0-win32-x64\jre\17.0.5-win32-x86_64\bin\management_ext.dll

Deoptimization events (12 events):
Event: 1.801 Thread 0x0000024b98a3ad90 DEOPT PACKING pc=0x0000024b9d38e119 sp=0x0000007d2fdfd290
Event: 1.801 Thread 0x0000024b98a3ad90 DEOPT UNPACKING pc=0x0000024b9cf12b43 sp=0x0000007d2fdfc770 mode 3
Event: 3.140 Thread 0x0000024b98a3ad90 DEOPT PACKING pc=0x0000024b9d504b19 sp=0x0000007d2fdfc670
Event: 3.140 Thread 0x0000024b98a3ad90 DEOPT UNPACKING pc=0x0000024b9cf12b43 sp=0x0000007d2fdfbb50 mode 3
Event: 3.545 Thread 0x0000024ba8044290 DEOPT PACKING pc=0x0000024b9d5bb235 sp=0x0000007d31afe900
Event: 3.545 Thread 0x0000024ba8044290 DEOPT UNPACKING pc=0x0000024b9cf12b43 sp=0x0000007d31afde28 mode 3
Event: 3.634 Thread 0x0000024ba8044290 DEOPT PACKING pc=0x0000024b9d5d27ab sp=0x0000007d31afe800
Event: 3.634 Thread 0x0000024ba8044290 DEOPT UNPACKING pc=0x0000024b9cf12b43 sp=0x0000007d31afdd48 mode 3
Event: 3.698 Thread 0x0000024ba8043420 DEOPT PACKING pc=0x0000024b9d38ac81 sp=0x0000007d318fdce0
Event: 3.698 Thread 0x0000024ba8043420 DEOPT UNPACKING pc=0x0000024b9cf12b43 sp=0x0000007d318fd170 mode 3
Event: 4.374 Thread 0x0000024ba80438f0 DEOPT PACKING pc=0x0000024b9d388897 sp=0x0000007d319fef70
Event: 4.374 Thread 0x0000024ba80438f0 DEOPT UNPACKING pc=0x0000024b9cf12b43 sp=0x0000007d319fe3c8 mode 3

Classes unloaded (0 events):
No events

Classes redefined (0 events):
No events

Internal exceptions (20 events):
Event: 3.665 Thread 0x0000024ba8044c30 Exception <a 'sun/nio/fs/WindowsException'{0x00000000850accf0}> (0x00000000850accf0) 
thrown [s\src\hotspot\share\prims\jni.cpp, line 516]
Event: 3.665 Thread 0x0000024ba8044c30 Exception <a 'sun/nio/fs/WindowsException'{0x00000000850ad0c8}> (0x00000000850ad0c8) 
thrown [s\src\hotspot\share\prims\jni.cpp, line 516]
Event: 3.665 Thread 0x0000024ba8044c30 Exception <a 'sun/nio/fs/WindowsException'{0x00000000850adab0}> (0x00000000850adab0) 
thrown [s\src\hotspot\share\prims\jni.cpp, line 516]
Event: 3.665 Thread 0x0000024ba8044c30 Exception <a 'sun/nio/fs/WindowsException'{0x00000000850ade50}> (0x00000000850ade50) 
thrown [s\src\hotspot\share\prims\jni.cpp, line 516]
Event: 3.665 Thread 0x0000024ba8044c30 Exception <a 'sun/nio/fs/WindowsException'{0x00000000850ae848}> (0x00000000850ae848) 
thrown [s\src\hotspot\share\prims\jni.cpp, line 516]
Event: 3.665 Thread 0x0000024ba8044c30 Exception <a 'sun/nio/fs/WindowsException'{0x00000000850aec00}> (0x00000000850aec00) 
thrown [s\src\hotspot\share\prims\jni.cpp, line 516]
Event: 3.665 Thread 0x0000024ba8044c30 Exception <a 'sun/nio/fs/WindowsException'{0x00000000850af5e8}> (0x00000000850af5e8) 
thrown [s\src\hotspot\share\prims\jni.cpp, line 516]
Event: 3.666 Thread 0x0000024ba8044c30 Exception <a 'sun/nio/fs/WindowsException'{0x00000000850af990}> (0x00000000850af990) 
thrown [s\src\hotspot\share\prims\jni.cpp, line 516]
Event: 3.666 Thread 0x0000024ba8044c30 Exception <a 'sun/nio/fs/WindowsException'{0x00000000850b0388}> (0x00000000850b0388) 
thrown [s\src\hotspot\share\prims\jni.cpp, line 516]
Event: 3.666 Thread 0x0000024ba8044c30 Exception <a 'sun/nio/fs/WindowsException'{0x00000000850b0740}> (0x00000000850b0740) 
thrown [s\src\hotspot\share\prims\jni.cpp, line 516]
Event: 3.666 Thread 0x0000024ba8044c30 Exception <a 'sun/nio/fs/WindowsException'{0x00000000850b1150}> (0x00000000850b1150) 
thrown [s\src\hotspot\share\prims\jni.cpp, line 516]
Event: 3.666 Thread 0x0000024ba8044c30 Exception <a 'sun/nio/fs/WindowsException'{0x00000000850b1528}> (0x00000000850b1528) 
thrown [s\src\hotspot\share\prims\jni.cpp, line 516]
Event: 3.666 Thread 0x0000024ba8044c30 Exception <a 'sun/nio/fs/WindowsException'{0x00000000850b1f50}> (0x00000000850b1f50) 
thrown [s\src\hotspot\share\prims\jni.cpp, line 516]
Event: 3.667 Thread 0x0000024ba8044c30 Exception <a 'sun/nio/fs/WindowsException'{0x00000000850b2340}> (0x00000000850b2340) 
thrown [s\src\hotspot\share\prims\jni.cpp, line 516]
Event: 3.667 Thread 0x0000024ba8044c30 Exception <a 'sun/nio/fs/WindowsException'{0x00000000850b2d60}> (0x00000000850b2d60) 
thrown [s\src\hotspot\share\prims\jni.cpp, line 516]
Event: 3.667 Thread 0x0000024ba8044c30 Exception <a 'sun/nio/fs/WindowsException'{0x00000000850b3148}> (0x00000000850b3148) 
thrown [s\src\hotspot\share\prims\jni.cpp, line 516]
Event: 4.270 Thread 0x0000024ba80438f0 Exception <a 'java/lang/NoSuchMethodError'{0x00000000898162a0}: 'java.lang.Object java.lang.invoke.Invokers$Holder.invoke_MT(java.lang.Object, java.lang.Object, java.lang.Object)'> (0x00000000898162a0) 
thrown [s\src\hotspot\share\interpreter\linkResolver.cpp, line 759]
Event: 4.368 Thread 0x0000024ba80438f0 Exception <a 'java/lang/NoSuchMethodError'{0x0000000088fa9d18}: 'java.lang.Object java.lang.invoke.DirectMethodHandle$Holder.newInvokeSpecial(java.lang.Object, java.lang.Object, int)'> (0x0000000088fa9d18) 
thrown [s\src\hotspot\share\interpreter\linkResolver.cpp, line 759]
Event: 4.376 Thread 0x0000024ba9ee7b10 Exception <a 'java/lang/NoSuchMethodError'{0x0000000088e2a378}: 'java.lang.Object java.lang.invoke.Invokers$Holder.linkToTargetMethod(java.lang.Object, long, java.lang.Object)'> (0x0000000088e2a378) 
thrown [s\src\hotspot\share\interpreter\linkResolver.cpp, line 759]
Event: 4.386 Thread 0x0000024ba9ee7b10 Exception <a 'sun/nio/fs/WindowsException'{0x0000000088d111f8}> (0x0000000088d111f8) 
thrown [s\src\hotspot\share\prims\jni.cpp, line 516]

VM Operations (20 events):
Event: 4.249 Executing VM operation: G1Concurrent done
Event: 4.258 Executing VM operation: HandshakeAllThreads
Event: 4.258 Executing VM operation: HandshakeAllThreads done
Event: 4.280 Executing VM operation: G1Concurrent
Event: 4.280 Executing VM operation: G1Concurrent done
Event: 4.307 Executing VM operation: HandshakeAllThreads
Event: 4.307 Executing VM operation: HandshakeAllThreads done
Event: 4.710 Executing VM operation: G1CollectForAllocation
Event: 4.734 Executing VM operation: G1CollectForAllocation done
Event: 4.742 Executing VM operation: G1CollectForAllocation
Event: 4.753 Executing VM operation: G1CollectForAllocation done
Event: 4.815 Executing VM operation: G1CollectForAllocation
Event: 4.834 Executing VM operation: G1CollectForAllocation done
Event: 4.861 Executing VM operation: HandshakeAllThreads
Event: 4.862 Executing VM operation: HandshakeAllThreads done
Event: 4.862 Executing VM operation: HandshakeAllThreads
Event: 4.862 Executing VM operation: HandshakeAllThreads done
Event: 4.872 Executing VM operation: G1CollectForAllocation
Event: 4.872 Executing VM operation: G1CollectForAllocation done
Event: 4.872 Executing VM operation: G1CollectForAllocation

Events (20 events):
Event: 4.339 loading class java/nio/channels/Channels$ReadableByteChannelImpl done
Event: 4.339 loading class java/nio/channels/NonWritableChannelException
Event: 4.339 loading class java/nio/channels/NonWritableChannelException done
Event: 4.365 loading class java/util/WeakHashMap$EntrySet
Event: 4.365 loading class java/util/WeakHashMap$EntrySet done
Event: 4.365 loading class java/util/WeakHashMap$EntryIterator
Event: 4.365 loading class java/util/WeakHashMap$HashIterator
Event: 4.365 loading class java/util/WeakHashMap$HashIterator done
Event: 4.365 loading class java/util/WeakHashMap$EntryIterator done
Event: 4.370 Thread 0x0000024ba9ee7b10 Thread added: 0x0000024ba9ee7b10
Event: 4.374 Thread 0x0000024ba9eed1b0 Thread added: 0x0000024ba9eed1b0
Event: 4.379 loading class sun/security/provider/MD5
Event: 4.379 loading class sun/security/provider/MD5 done
Event: 4.380 loading class sun/security/provider/ByteArrayAccess$LE
Event: 4.380 loading class sun/security/provider/ByteArrayAccess$LE done
Event: 4.489 Thread 0x0000024ba9ee7fe0 Thread added: 0x0000024ba9ee7fe0
Event: 4.513 loading class java/nio/file/FileTreeIterator
Event: 4.513 loading class java/nio/file/FileTreeIterator done
Event: 4.519 loading class java/util/stream/ForEachOps$ForEachOp$OfRef
Event: 4.520 loading class java/util/stream/ForEachOps$ForEachOp$OfRef done


Dynamic libraries:
0x00007ff709d40000 - 0x00007ff709d4e000 	c:\Users\User\.vscode\extensions\redhat.java-1.13.0-win32-x64\jre\17.0.5-win32-x86_64\bin\java.exe
0x00007ffcf5230000 - 0x00007ffcf5428000 	C:\Windows\SYSTEM32\ntdll.dll
0x00007ffccd5e0000 - 0x00007ffccd5f7000 	C:\Program Files\AVG\Antivirus\aswhook.dll
0x00007ffcf3620000 - 0x00007ffcf36df000 	C:\Windows\System32\KERNEL32.DLL
0x00007ffcf2cc0000 - 0x00007ffcf2f92000 	C:\Windows\System32\KERNELBASE.dll
0x00007ffcf2a60000 - 0x00007ffcf2b60000 	C:\Windows\System32\ucrtbase.dll
0x00007ffcd6e80000 - 0x00007ffcd6e97000 	c:\Users\User\.vscode\extensions\redhat.java-1.13.0-win32-x64\jre\17.0.5-win32-x86_64\bin\jli.dll
0x00007ffcd58e0000 - 0x00007ffcd58f9000 	c:\Users\User\.vscode\extensions\redhat.java-1.13.0-win32-x64\jre\17.0.5-win32-x86_64\bin\VCRUNTIME140.dll
0x00007ffcf3fe0000 - 0x00007ffcf417d000 	C:\Windows\System32\USER32.dll
0x00007ffcf2930000 - 0x00007ffcf2952000 	C:\Windows\System32\win32u.dll
0x00007ffcdd050000 - 0x00007ffcdd2ea000 	C:\Windows\WinSxS\amd64_microsoft.windows.common-controls_6595b64144ccf1df_6.0.19041.1110_none_60b5254171f9507e\COMCTL32.dll
0x00007ffcf3590000 - 0x00007ffcf35bb000 	C:\Windows\System32\GDI32.dll
0x00007ffcf3bc0000 - 0x00007ffcf3c5e000 	C:\Windows\System32\msvcrt.dll
0x00007ffcf3170000 - 0x00007ffcf327f000 	C:\Windows\System32\gdi32full.dll
0x00007ffcf3040000 - 0x00007ffcf30dd000 	C:\Windows\System32\msvcp_win.dll
0x00007ffcf5190000 - 0x00007ffcf51c2000 	C:\Windows\System32\IMM32.DLL
0x00007ffcd9530000 - 0x00007ffcd953c000 	c:\Users\User\.vscode\extensions\redhat.java-1.13.0-win32-x64\jre\17.0.5-win32-x86_64\bin\vcruntime140_1.dll
0x00007ffcb9af0000 - 0x00007ffcb9b81000 	c:\Users\User\.vscode\extensions\redhat.java-1.13.0-win32-x64\jre\17.0.5-win32-x86_64\bin\msvcp140.dll
0x00007ffc5ffa0000 - 0x00007ffc60be4000 	c:\Users\User\.vscode\extensions\redhat.java-1.13.0-win32-x64\jre\17.0.5-win32-x86_64\bin\server\jvm.dll
0x00007ffcf37a0000 - 0x00007ffcf384e000 	C:\Windows\System32\ADVAPI32.dll
0x00007ffcf32e0000 - 0x00007ffcf337c000 	C:\Windows\System32\sechost.dll
0x00007ffcf3460000 - 0x00007ffcf3585000 	C:\Windows\System32\RPCRT4.dll
0x00007ffcd8c40000 - 0x00007ffcd8c67000 	C:\Windows\SYSTEM32\WINMM.dll
0x00007ffce0a00000 - 0x00007ffce0a09000 	C:\Windows\SYSTEM32\WSOCK32.dll
0x00007ffcf3f10000 - 0x00007ffcf3f7b000 	C:\Windows\System32\WS2_32.dll
0x00007ffcecec0000 - 0x00007ffcececa000 	C:\Windows\SYSTEM32\VERSION.dll
0x00007ffcf07b0000 - 0x00007ffcf07c2000 	C:\Windows\SYSTEM32\kernel.appcore.dll
0x00007ffcd9470000 - 0x00007ffcd947a000 	c:\Users\User\.vscode\extensions\redhat.java-1.13.0-win32-x64\jre\17.0.5-win32-x86_64\bin\jimage.dll
0x00007ffceb070000 - 0x00007ffceb254000 	C:\Windows\SYSTEM32\DBGHELP.DLL
0x00007ffceafb0000 - 0x00007ffceafdc000 	C:\Windows\SYSTEM32\dbgcore.DLL
0x00007ffcf30e0000 - 0x00007ffcf3162000 	C:\Windows\System32\bcryptPrimitives.dll
0x00007ffcd5700000 - 0x00007ffcd5725000 	c:\Users\User\.vscode\extensions\redhat.java-1.13.0-win32-x64\jre\17.0.5-win32-x86_64\bin\java.dll
0x00007ffcd56e0000 - 0x00007ffcd56f8000 	c:\Users\User\.vscode\extensions\redhat.java-1.13.0-win32-x64\jre\17.0.5-win32-x86_64\bin\zip.dll
0x00007ffcf4a40000 - 0x00007ffcf5183000 	C:\Windows\System32\SHELL32.dll
0x00007ffcf09b0000 - 0x00007ffcf1142000 	C:\Windows\SYSTEM32\windows.storage.dll
0x00007ffcf4680000 - 0x00007ffcf49d4000 	C:\Windows\System32\combase.dll
0x00007ffcf21d0000 - 0x00007ffcf2200000 	C:\Windows\SYSTEM32\Wldp.dll
0x00007ffcf36f0000 - 0x00007ffcf379d000 	C:\Windows\System32\SHCORE.dll
0x00007ffcf35c0000 - 0x00007ffcf3615000 	C:\Windows\System32\shlwapi.dll
0x00007ffcf2870000 - 0x00007ffcf288f000 	C:\Windows\SYSTEM32\profapi.dll
0x00007ffcd5560000 - 0x00007ffcd5579000 	C:\Users\User\.vscode\extensions\redhat.java-1.13.0-win32-x64\jre\17.0.5-win32-x86_64\bin\net.dll
0x00007ffce7150000 - 0x00007ffce725c000 	C:\Windows\SYSTEM32\WINHTTP.dll
0x00007ffcf1fb0000 - 0x00007ffcf201a000 	C:\Windows\system32\mswsock.dll
0x00007ffcd54a0000 - 0x00007ffcd54b5000 	C:\Users\User\.vscode\extensions\redhat.java-1.13.0-win32-x64\jre\17.0.5-win32-x86_64\bin\nio.dll
0x00007ffcd6e50000 - 0x00007ffcd6e60000 	c:\Users\User\.vscode\extensions\redhat.java-1.13.0-win32-x64\jre\17.0.5-win32-x86_64\bin\verify.dll
0x00007ffcd5980000 - 0x00007ffcd5989000 	C:\Users\User\.vscode\extensions\redhat.java-1.13.0-win32-x64\jre\17.0.5-win32-x86_64\bin\management.dll
0x00007ffcd5460000 - 0x00007ffcd546b000 	C:\Users\User\.vscode\extensions\redhat.java-1.13.0-win32-x64\jre\17.0.5-win32-x86_64\bin\management_ext.dll
0x00007ffcf36e0000 - 0x00007ffcf36e8000 	C:\Windows\System32\PSAPI.DLL
0x00007ffcd4770000 - 0x00007ffcd4787000 	C:\Windows\system32\napinsp.dll
0x00007ffcd4750000 - 0x00007ffcd476b000 	C:\Windows\system32\pnrpnsp.dll
0x00007ffcd4550000 - 0x00007ffcd4565000 	C:\Windows\system32\wshbth.dll
0x00007ffcee410000 - 0x00007ffcee42d000 	C:\Windows\system32\NLAapi.dll
0x00007ffcf1cc0000 - 0x00007ffcf1cfb000 	C:\Windows\SYSTEM32\IPHLPAPI.DLL
0x00007ffcf1d00000 - 0x00007ffcf1dca000 	C:\Windows\SYSTEM32\DNSAPI.dll
0x00007ffcf3380000 - 0x00007ffcf3388000 	C:\Windows\System32\NSI.dll
0x00007ffcd45c0000 - 0x00007ffcd45d2000 	C:\Windows\System32\winrnr.dll
0x00000000560c0000 - 0x00000000560e6000 	C:\Program Files\Bonjour\mdnsNSP.dll
0x00007ffce1c40000 - 0x00007ffce1c4a000 	C:\Windows\System32\rasadhlp.dll
0x00007ffcea030000 - 0x00007ffcea0b0000 	C:\Windows\System32\fwpuclnt.dll
0x00007ffcf3010000 - 0x00007ffcf3037000 	C:\Windows\System32\bcrypt.dll
0x00007ffcf2510000 - 0x00007ffcf2528000 	C:\Windows\SYSTEM32\CRYPTSP.dll
0x00007ffcf18f0000 - 0x00007ffcf1924000 	C:\Windows\system32\rsaenh.dll
0x00007ffcf2830000 - 0x00007ffcf285e000 	C:\Windows\SYSTEM32\USERENV.dll
0x00007ffcf2140000 - 0x00007ffcf214c000 	C:\Windows\SYSTEM32\CRYPTBASE.dll
0x00007ffcebac0000 - 0x00007ffcebad7000 	C:\Windows\SYSTEM32\dhcpcsvc6.DLL
0x00007ffcebda0000 - 0x00007ffcebdbd000 	C:\Windows\SYSTEM32\dhcpcsvc.DLL

dbghelp: loaded successfully - version: 4.0.5 - missing functions: none
symbol engine: initialized successfully - sym options: 0x614 - pdb path: .;c:\Users\User\.vscode\extensions\redhat.java-1.13.0-win32-x64\jre\17.0.5-win32-x86_64\bin;C:\Windows\SYSTEM32;C:\Program Files\AVG\Antivirus;C:\Windows\WinSxS\amd64_microsoft.windows.common-controls_6595b64144ccf1df_6.0.19041.1110_none_60b5254171f9507e;c:\Users\User\.vscode\extensions\redhat.java-1.13.0-win32-x64\jre\17.0.5-win32-x86_64\bin\server;C:\Program Files\Bonjour

VM Arguments:
jvm_args: -Dsts.lsp.client=vscode -Dsts.log.file=/dev/null -XX:TieredStopAtLevel=1 -Xlog:jni+resolve=off -Dspring.config.location=file:c:\Users\User\.vscode\extensions\pivotal.vscode-spring-boot-1.40.0\language-server\BOOT-INF\classes\application.properties 
java_command: org.springframework.ide.vscode.boot.app.BootLanguageServerBootApp
java_class_path (initial): c:\Users\User\.vscode\extensions\pivotal.vscode-spring-boot-1.40.0\language-server\BOOT-INF\classes;c:\Users\User\.vscode\extensions\pivotal.vscode-spring-boot-1.40.0\language-server\BOOT-INF\lib\annotations-23.0.0.jar;c:\Users\User\.vscode\extensions\pivotal.vscode-spring-boot-1.40.0\language-server\BOOT-INF\lib\ant-1.10.12.jar;c:\Users\User\.vscode\extensions\pivotal.vscode-spring-boot-1.40.0\language-server\BOOT-INF\lib\ant-launcher-1.10.12.jar;c:\Users\User\.vscode\extensions\pivotal.vscode-spring-boot-1.40.0\language-server\BOOT-INF\lib\antlr-runtime-3.5.2.jar;c:\Users\User\.vscode\extensions\pivotal.vscode-spring-boot-1.40.0\language-server\BOOT-INF\lib\antlr4-4.9.3.jar;c:\Users\User\.vscode\extensions\pivotal.vscode-spring-boot-1.40.0\language-server\BOOT-INF\lib\antlr4-runtime-4.9.3.jar;c:\Users\User\.vscode\extensions\pivotal.vscode-spring-boot-1.40.0\language-server\BOOT-INF\lib\asm-9.3.jar;c:\Users\User\.vscode\extensions\pivotal.vscode-spring-boot-1.40.0\language-server\BOOT-INF\lib\asm-analysis-9.3.jar;c:\Users\User\.vscode\extensions\pivotal.vscode-spring-boot-1.40.0\language-server\BOOT-INF\lib\asm-tree-9.3.jar;c:\Users\User\.vscode\extensions\pivotal.vscode-spring-boot-1.40.0\language-server\BOOT-INF\lib\asm-util-9.3.jar;c:\Users\User\.vscode\extensions\pivotal.vscode-spring-boot-1.40.0\language-server\BOOT-INF\lib\byte-buddy-1.12.13.jar;c:\Users\User\.vscode\extensions\pivotal.vscode-spring-boot-1.40.0\language-server\BOOT-INF\lib\caffeine-2.9.3.jar;c:\Users\User\.vscode\extensions\pivotal.vscode-spring-boot-1.40.0\language-server\BOOT-INF\lib\checker-qual-3.12.0.jar;c:\Users\User\.vscode\extensions\pivotal.vscode-spring-boot-1.40.0\language-server\BOOT-INF\lib\classgraph-4.8.149.jar;c:\Users\User\.vscode\extensions\pivotal.vscode-spring-boot-1.40.0\language-server\BOOT-INF\lib\commons-codec-1.15.jar;c:\Users\User\.vscode\extensions\pivotal.vscode-spring-boot-1.40.0\language-server\BOOT-INF\lib\commons-compress-1.21.jar;
Launcher Type: SUN_STANDARD

[Global flags]
     intx CICompilerCount                          = 3                                         {product} {ergonomic}
     uint ConcGCThreads                            = 1                                         {product} {ergonomic}
     uint G1ConcRefinementThreads                  = 4                                         {product} {ergonomic}
   size_t G1HeapRegionSize                         = 1048576                                   {product} {ergonomic}
    uintx GCDrainStackTargetSize                   = 64                                        {product} {ergonomic}
   size_t InitialHeapSize                          = 134217728                                 {product} {ergonomic}
   size_t MarkStackSize                            = 4194304                                   {product} {ergonomic}
   size_t MaxHeapSize                              = 2116026368                                {product} {ergonomic}
   size_t MaxNewSize                               = 1268776960                                {product} {ergonomic}
   size_t MinHeapDeltaBytes                        = 1048576                                   {product} {ergonomic}
   size_t MinHeapSize                              = 8388608                                   {product} {ergonomic}
    uintx NonProfiledCodeHeapSize                  = 0                                      {pd product} {ergonomic}
     bool ProfileInterpreter                       = false                                  {pd product} {command line}
    uintx ProfiledCodeHeapSize                     = 0                                      {pd product} {ergonomic}
   size_t SoftMaxHeapSize                          = 2116026368                             {manageable} {ergonomic}
     intx TieredStopAtLevel                        = 1                                         {product} {command line}
     bool UseCompressedClassPointers               = true                           {product lp64_product} {ergonomic}
     bool UseCompressedOops                        = true                           {product lp64_product} {ergonomic}
     bool UseG1GC                                  = true                                      {product} {ergonomic}
     bool UseLargePagesIndividualAllocation        = false                                  {pd product} {ergonomic}

Logging:
Log output configuration:
 #0: stdout all=warning,jni+resolve=off uptime,level,tags
 #1: stderr all=off uptime,level,tags

Environment Variables:
PATH=C:\Program Files\Java\jdk1.8.0_202\bin;C:\Program Files\Common Files\Oracle\Java\javapath;C:\Program Files (x86)\Common Files\Oracle\Java\javapath;C:\Python310\Scripts\;C:\Python310\;C:\Program Files\Java\jdk-17.0.1\bin;C:\Windows\system32;C:\Windows;C:\Windows\System32\Wbem;C:\Windows\System32\WindowsPowerShell\v1.0\;C:\Windows\System32\OpenSSH\;C:\Program Files\Java\jdk1.8.0_311\bin;C:\Program Files\Java\jdk-16.0.2;C:\gradle-7.3.1\bin;C:\Program Files\PostgreSQL\10\bin;C:\Program Files\Git\cmd;C:\MinGW\bin;C:\Program Files (x86)\Vim\vim82;C:\Users\User\Downloads\grupo-1-master-Entrega 1\Entrega 1;C:\ProgramData\chocolatey\bin;C:\Program Files\Docker\Docker\resources\bin;C:\ProgramData\DockerDesktop\version-bin;C:\gradle-7.5.1\bin;C:\Program Files\Java\jdk-16.0.2\bin;C:\Users\User\AppData\Roaming\nvm;C:\Program Files\nodejs;C:\Program Files\Java\jdk1.8.0_202\bin;C:\Program Files\MySQL\MySQL Shell 8.0\bin\;C:\Users\User\AppData\Local\Microsoft\WindowsApps;C:\Program Files\JetBrains\IntelliJ IDEA Community Edition 2021.2.3\bin;C:\john\run;C:\Program Files\JetBrains\IntelliJ IDEA 2021.3\bin;C:\Program Files\JetBrains\PyCharm 2021.3\bin;C:\Users\User\AppData\Local\GitHubDesktop\bin;C:\MinGW\bin;C:\Program Files (x86)\Vim\vim82;C:\Users\User\Downloads\grupo-1-master-Entrega 1\Entrega 1;C:\Users\User\AppData\Roaming\cabal\bin;C:\tools\ghc-9.2.3\bin;C:\tools\msys64;C:\ghcup\bin;C:\Users\User\AppData\Roaming\npm;C:\Users\User\AppData\Local\Programs\Microsoft VS Code\bin;C:\Users\User\apache-maven-3.8.6\bin;C:\Program Files\Java\jdk-18.0.2.1\bin;C:\Program Files\Java\jdk-17.0.4.1\bin;C:\gradle-7.5.1\bin;C:\Program Files\JetBrains\PyCharm 2022.2.3\bin;;C:\Program Files\JetBrains\PyCharm Community Edition 2022.2.3\bin;;C:\Program Files\JetBrains\IntelliJ IDEA 2022.2.3\bin;;C:\Program Files\Java\jdk-16.0.2\bin;C:\Program Files\JetBrains\CLion 2022.2.4\bin;;C:\Users\User\AppData\Roaming\nvm;C:\Program Files\nodejs
USERNAME=User
OS=Windows_NT
PROCESSOR_IDENTIFIER=Intel64 Family 6 Model 142 Stepping 9, GenuineIntel
TMP=C:\Users\User\AppData\Local\Temp
TEMP=C:\Users\User\AppData\Local\Temp



---------------  S Y S T E M  ---------------

OS:
 Windows 10 , 64 bit Build 19041 (10.0.19041.2251)
OS uptime: 0 days 2:56 hours
Hyper-V role detected

CPU: total 4 (initial active 4) (2 cores per cpu, 2 threads per core) family 6 model 142 stepping 9 microcode 0xb4, cx8, cmov, fxsr, ht, mmx, 3dnowpref, sse, sse2, sse3, ssse3, sse4.1, sse4.2, popcnt, lzcnt, tsc, tscinvbit, avx, avx2, aes, erms, clmul, bmi1, bmi2, adx, fma, vzeroupper, clflush, clflushopt, hv

Memory: 4k page, system-wide physical 8067M (431M free)
TotalPageFile size 16259M (AvailPageFile size 44M)
current process WorkingSet (physical memory assigned to process): 244M, peak: 244M
current process commit charge ("private bytes"): 275M, peak: 557M

vm_info: OpenJDK 64-Bit Server VM (17.0.5+8) for windows-amd64 JRE (17.0.5+8), built on Oct 19 2022 04:48:13 by "temurin" with MS VC++ 16.7 (VS2019)

END.
