#
# There is insufficient memory for the Java Runtime Environment to continue.
# Native memory allocation (malloc) failed to allocate 2097152 bytes for AllocateHeap
# Possible reasons:
#   The system is out of physical RAM or swap space
#   The process is running with CompressedOops enabled, and the Java Heap may be blocking the growth of the native heap
# Possible solutions:
#   Reduce memory load on the system
#   Increase physical memory or swap space
#   Check if swap backing store is full
#   Decrease Java heap size (-Xmx/-Xms)
#   Decrease number of Java threads
#   Decrease Java thread stack sizes (-Xss)
#   Set larger code cache with -XX:ReservedCodeCacheSize=
#   JVM is running with Unscaled Compressed Oops mode in which the Java heap is
#     placed in the first 4GB address space. The Java Heap base address is the
#     maximum limit for the native heap growth. Please use -XX:HeapBaseMinAddress
#     to set the Java Heap base and to place the Java Heap above 4GB virtual address.
# This output file may be truncated or incomplete.
#
#  Out of Memory Error (allocation.cpp:44), pid=13068, tid=2436
#
# JRE version: OpenJDK Runtime Environment Temurin-17.0.5+8 (17.0.5+8) (build 17.0.5+8)
# Java VM: OpenJDK 64-Bit Server VM Temurin-17.0.5+8 (17.0.5+8, mixed mode, emulated-client, tiered, compressed oops, compressed class ptrs, g1 gc, windows-amd64)
# No core dump will be written. Minidumps are not enabled by default on client versions of Windows
#

---------------  S U M M A R Y ------------

Command Line: -Dsts.lsp.client=vscode -Dsts.log.file=/dev/null -XX:TieredStopAtLevel=1 -Xlog:jni+resolve=off -Dspring.config.location=file:c:\Users\User\.vscode\extensions\pivotal.vscode-spring-boot-1.40.0\language-server\BOOT-INF\classes\application.properties org.springframework.ide.vscode.boot.app.BootLanguageServerBootApp

Host: Intel(R) Core(TM) i5-7200U CPU @ 2.50GHz, 4 cores, 7G,  Windows 10 , 64 bit Build 19041 (10.0.19041.2251)
Time: Tue Dec  6 11:30:02 2022 Hora oficial do Brasil elapsed time: 1740.033616 seconds (0d 0h 29m 0s)

---------------  T H R E A D  ---------------

Current thread (0x0000028a84226870):  VMThread "VM Thread" [stack: 0x000000d4d6500000,0x000000d4d6600000] [id=2436]

Stack: [0x000000d4d6500000,0x000000d4d6600000]
Native frames: (J=compiled Java code, j=interpreted, Vv=VM code, C=native code)
V  [jvm.dll+0x676b3a]
V  [jvm.dll+0x831444]
V  [jvm.dll+0x832bee]
V  [jvm.dll+0x833253]
V  [jvm.dll+0x244ce5]
V  [jvm.dll+0xa631f]
V  [jvm.dll+0x2f4f91]
V  [jvm.dll+0x2f0c10]
V  [jvm.dll+0x2d92f7]
V  [jvm.dll+0x31c3b7]
V  [jvm.dll+0x8376fb]
V  [jvm.dll+0x838434]
V  [jvm.dll+0x83894c]
V  [jvm.dll+0x838d24]
V  [jvm.dll+0x838df0]
V  [jvm.dll+0x7e17ea]
V  [jvm.dll+0x6759e5]
C  [ucrtbase.dll+0x21bb2]
C  [KERNEL32.DLL+0x174b4]
C  [ntdll.dll+0x526a1]

VM_Operation (0x000000d4d77fec00): G1CollectFull, mode: safepoint, requested by thread 0x0000028a8681c060


---------------  P R O C E S S  ---------------

Threads class SMR info:
_java_thread_list=0x0000028a87207c00, length=19, elements={
0x0000028a8426d730, 0x0000028a8426f200, 0x0000028a84c00080, 0x0000028a84c00940,
0x0000028a84c03210, 0x0000028a84c17010, 0x0000028a84c178d0, 0x0000028a84c3b510,
0x0000028a84e229e0, 0x0000028a84e25300, 0x0000028a86ad6010, 0x0000028a8681c060,
0x0000028a86bb2240, 0x0000028af576b7d0, 0x0000028a86b7e380, 0x0000028a8546aa00,
0x0000028a86e46cf0, 0x0000028a86e54df0, 0x0000028a86e54920
}

Java Threads: ( => current thread )
  0x0000028a8426d730 JavaThread "Reference Handler" daemon [_thread_blocked, id=5012, stack(0x000000d4d6600000,0x000000d4d6700000)]
  0x0000028a8426f200 JavaThread "Finalizer" daemon [_thread_blocked, id=12736, stack(0x000000d4d6700000,0x000000d4d6800000)]
  0x0000028a84c00080 JavaThread "Signal Dispatcher" daemon [_thread_blocked, id=15212, stack(0x000000d4d6800000,0x000000d4d6900000)]
  0x0000028a84c00940 JavaThread "Attach Listener" daemon [_thread_blocked, id=3416, stack(0x000000d4d6900000,0x000000d4d6a00000)]
  0x0000028a84c03210 JavaThread "Service Thread" daemon [_thread_blocked, id=16944, stack(0x000000d4d6a00000,0x000000d4d6b00000)]
  0x0000028a84c17010 JavaThread "Monitor Deflation Thread" daemon [_thread_blocked, id=11960, stack(0x000000d4d6b00000,0x000000d4d6c00000)]
  0x0000028a84c178d0 JavaThread "C1 CompilerThread0" daemon [_thread_blocked, id=9944, stack(0x000000d4d6c00000,0x000000d4d6d00000)]
  0x0000028a84c3b510 JavaThread "Sweeper thread" daemon [_thread_blocked, id=8156, stack(0x000000d4d6d00000,0x000000d4d6e00000)]
  0x0000028a84e229e0 JavaThread "Notification Thread" daemon [_thread_blocked, id=2796, stack(0x000000d4d6f00000,0x000000d4d7000000)]
  0x0000028a84e25300 JavaThread "Common-Cleaner" daemon [_thread_blocked, id=14992, stack(0x000000d4d7100000,0x000000d4d7200000)]
  0x0000028a86ad6010 JavaThread "boundedElastic-evictor-1" daemon [_thread_blocked, id=15408, stack(0x000000d4d7600000,0x000000d4d7700000)]
  0x0000028a8681c060 JavaThread "pool-9-thread-1" [_thread_blocked, id=17288, stack(0x000000d4d7700000,0x000000d4d7800000)]
  0x0000028a86bb2240 JavaThread "LanguageServerApp-lifecycle" [_thread_blocked, id=12064, stack(0x000000d4d7800000,0x000000d4d7900000)]
  0x0000028af576b7d0 JavaThread "DestroyJavaVM" [_thread_blocked, id=14512, stack(0x000000d4d5f00000,0x000000d4d6000000)]
  0x0000028a86b7e380 JavaThread "pool-10-thread-1" [_thread_in_native, id=11036, stack(0x000000d4d7900000,0x000000d4d7a00000)]
  0x0000028a8546aa00 JavaThread "Simple-Language-Server main thread" daemon [_thread_blocked, id=16636, stack(0x000000d4d7a00000,0x000000d4d7b00000)]
  0x0000028a86e46cf0 JavaThread "parallel-1" daemon [_thread_blocked, id=15992, stack(0x000000d4d7d00000,0x000000d4d7e00000)]
  0x0000028a86e54df0 JavaThread "pool-5-thread-1" [_thread_blocked, id=15452, stack(0x000000d4d8500000,0x000000d4d8600000)]
  0x0000028a86e54920 JavaThread "parallel-2" daemon [_thread_blocked, id=9428, stack(0x000000d4d8600000,0x000000d4d8700000)]

Other Threads:
=>0x0000028a84226870 VMThread "VM Thread" [stack: 0x000000d4d6500000,0x000000d4d6600000] [id=2436]
  0x0000028a84e22eb0 WatcherThread [stack: 0x000000d4d7000000,0x000000d4d7100000] [id=12160]
  0x0000028af57c7a80 GCTaskThread "GC Thread#0" [stack: 0x000000d4d6000000,0x000000d4d6100000] [id=13264]
  0x0000028a84cf4450 GCTaskThread "GC Thread#1" [stack: 0x000000d4d7200000,0x000000d4d7300000] [id=1052]
  0x0000028a852095d0 GCTaskThread "GC Thread#2" [stack: 0x000000d4d7300000,0x000000d4d7400000] [id=13192]
  0x0000028a856378a0 GCTaskThread "GC Thread#3" [stack: 0x000000d4d7500000,0x000000d4d7600000] [id=16404]
  0x0000028af57d8510 ConcurrentGCThread "G1 Main Marker" [stack: 0x000000d4d6100000,0x000000d4d6200000] [id=11244]
  0x0000028af57d8e30 ConcurrentGCThread "G1 Conc#0" [stack: 0x000000d4d6200000,0x000000d4d6300000] [id=652]
  0x0000028a840c40c0 ConcurrentGCThread "G1 Refine#0" [stack: 0x000000d4d6300000,0x000000d4d6400000] [id=7936]
  0x0000028a86e81f10 ConcurrentGCThread "G1 Refine#1" [stack: 0x000000d4d8800000,0x000000d4d8900000] [id=15288]
  0x0000028a86daab90 ConcurrentGCThread "G1 Refine#2" [stack: 0x000000d4d6e00000,0x000000d4d6f00000] [id=15900]
  0x0000028a88b78ba0 ConcurrentGCThread "G1 Refine#3" [stack: 0x000000d4d7400000,0x000000d4d7500000] [id=14324]
  0x0000028a840c58a0 ConcurrentGCThread "G1 Service" [stack: 0x000000d4d6400000,0x000000d4d6500000] [id=16672]

Threads with active compile tasks:

VM state: at safepoint (normal execution)

VM Mutex/Monitor currently owned by a thread:  ([mutex/lock_event])
[0x0000028af556a640] Threads_lock - owner thread: 0x0000028a84226870
[0x0000028af5769ee0] Heap_lock - owner thread: 0x0000028a8681c060

Heap address: 0x0000000081e00000, size: 2018 MB, Compressed Oops mode: 32-bit

CDS archive(s) not mapped
Compressed class space mapped at: 0x0000000100000000-0x0000000140000000, reserved size: 1073741824
Narrow klass base: 0x0000000000000000, Narrow klass shift: 3, Narrow klass range: 0x140000000

GC Precious Log:
 CPUs: 4 total, 4 available
 Memory: 8067M
 Large Page Support: Disabled
 NUMA Support: Disabled
 Compressed Oops: Enabled (32-bit)
 Heap Region Size: 1M
 Heap Min Capacity: 8M
 Heap Initial Capacity: 128M
 Heap Max Capacity: 2018M
 Pre-touch: Disabled
 Parallel Workers: 4
 Concurrent Workers: 1
 Concurrent Refinement Workers: 4
 Periodic GC: Disabled

Heap:
 garbage-first heap   total 92160K, used 26558K [0x0000000081e00000, 0x0000000100000000)
  region size 1024K, 1 young (1024K), 0 survivors (0K)
 Metaspace       used 46634K, committed 47104K, reserved 1097728K
  class space    used 6340K, committed 6528K, reserved 1048576K

Heap Regions: E=young(eden), S=young(survivor), O=old, HS=humongous(starts), HC=humongous(continues), CS=collection set, F=free, OA=open archive, CA=closed archive, TAMS=top-at-mark-start (previous, next)
|   0|0x0000000081e00000, 0x0000000081f00000, 0x0000000081f00000|100%| O|  |TAMS 0x0000000081f00000, 0x0000000081e00000| Untracked 
|   1|0x0000000081f00000, 0x0000000082000000, 0x0000000082000000|100%| O|  |TAMS 0x0000000082000000, 0x0000000081f00000| Untracked 
|   2|0x0000000082000000, 0x0000000082100000, 0x0000000082100000|100%| O|  |TAMS 0x0000000082100000, 0x0000000082000000| Untracked 
|   3|0x0000000082100000, 0x00000000821ffff0, 0x0000000082200000| 99%| O|  |TAMS 0x00000000821ffff0, 0x0000000082100000| Untracked 
|   4|0x0000000082200000, 0x0000000082300000, 0x0000000082300000|100%| O|  |TAMS 0x0000000082300000, 0x0000000082200000| Untracked 
|   5|0x0000000082300000, 0x00000000823fe780, 0x0000000082400000| 99%| O|  |TAMS 0x00000000823fe780, 0x0000000082300000| Untracked 
|   6|0x0000000082400000, 0x00000000824ffff0, 0x0000000082500000| 99%| O|  |TAMS 0x00000000824ffff0, 0x0000000082400000| Untracked 
|   7|0x0000000082500000, 0x0000000082600000, 0x0000000082600000|100%| O|  |TAMS 0x0000000082600000, 0x0000000082500000| Untracked 
|   8|0x0000000082600000, 0x00000000826fffc0, 0x0000000082700000| 99%| O|  |TAMS 0x00000000826fffc0, 0x0000000082600000| Untracked 
|   9|0x0000000082700000, 0x00000000827fffe8, 0x0000000082800000| 99%| O|  |TAMS 0x00000000827fffe8, 0x0000000082700000| Untracked 
|  10|0x0000000082800000, 0x00000000828fffe8, 0x0000000082900000| 99%| O|  |TAMS 0x00000000828fffe8, 0x0000000082800000| Untracked 
|  11|0x0000000082900000, 0x00000000829fffa8, 0x0000000082a00000| 99%| O|  |TAMS 0x00000000829fffa8, 0x0000000082900000| Untracked 
|  12|0x0000000082a00000, 0x0000000082affff0, 0x0000000082b00000| 99%| O|  |TAMS 0x0000000082affff0, 0x0000000082a00000| Untracked 
|  13|0x0000000082b00000, 0x0000000082bffff0, 0x0000000082c00000| 99%| O|  |TAMS 0x0000000082bffff0, 0x0000000082b00000| Untracked 
|  14|0x0000000082c00000, 0x0000000082cfffb0, 0x0000000082d00000| 99%| O|  |TAMS 0x0000000082cfffb0, 0x0000000082c00000| Untracked 
|  15|0x0000000082d00000, 0x0000000082dffff8, 0x0000000082e00000| 99%| O|  |TAMS 0x0000000082dffff8, 0x0000000082d00000| Untracked 
|  16|0x0000000082e00000, 0x0000000082effff0, 0x0000000082f00000| 99%| O|  |TAMS 0x0000000082effff0, 0x0000000082e00000| Untracked 
|  17|0x0000000082f00000, 0x0000000082ffffb8, 0x0000000083000000| 99%| O|  |TAMS 0x0000000082ffffb8, 0x0000000082f00000| Untracked 
|  18|0x0000000083000000, 0x00000000830fffe8, 0x0000000083100000| 99%| O|  |TAMS 0x00000000830fffe8, 0x0000000083000000| Untracked 
|  19|0x0000000083100000, 0x00000000831ffff8, 0x0000000083200000| 99%| O|  |TAMS 0x00000000831ffff8, 0x0000000083100000| Untracked 
|  20|0x0000000083200000, 0x00000000832fffc0, 0x0000000083300000| 99%| O|  |TAMS 0x00000000832fffc0, 0x0000000083200000| Untracked 
|  21|0x0000000083300000, 0x00000000833eeea8, 0x0000000083400000| 93%| O|  |TAMS 0x0000000083300000, 0x0000000083300000| Untracked 
|  22|0x0000000083400000, 0x00000000834fffd8, 0x0000000083500000| 99%| O|  |TAMS 0x00000000834fffd8, 0x0000000083400000| Untracked 
|  23|0x0000000083500000, 0x00000000835ffff0, 0x0000000083600000| 99%| O|  |TAMS 0x00000000835ffff0, 0x0000000083500000| Untracked 
|  24|0x0000000083600000, 0x00000000836024b0, 0x0000000083700000|  0%| O|  |TAMS 0x0000000083600000, 0x0000000083600000| Untracked 
|  25|0x0000000083700000, 0x0000000083700000, 0x0000000083800000|  0%| F|  |TAMS 0x0000000083700000, 0x0000000083700000| Untracked 
|  26|0x0000000083800000, 0x00000000838fffe0, 0x0000000083900000| 99%| O|  |TAMS 0x00000000838fffe0, 0x0000000083800000| Untracked 
|  27|0x0000000083900000, 0x0000000083900000, 0x0000000083a00000|  0%| F|  |TAMS 0x0000000083900000, 0x0000000083900000| Untracked 
|  28|0x0000000083a00000, 0x0000000083a00000, 0x0000000083b00000|  0%| F|  |TAMS 0x0000000083a00000, 0x0000000083a00000| Untracked 
|  29|0x0000000083b00000, 0x0000000083c00000, 0x0000000083c00000|100%| O|  |TAMS 0x0000000083c00000, 0x0000000083b00000| Untracked 
|  30|0x0000000083c00000, 0x0000000083c00000, 0x0000000083d00000|  0%| F|  |TAMS 0x0000000083c00000, 0x0000000083c00000| Untracked 
|  31|0x0000000083d00000, 0x0000000083d00000, 0x0000000083e00000|  0%| F|  |TAMS 0x0000000083d00000, 0x0000000083d00000| Untracked 
|  32|0x0000000083e00000, 0x0000000083e00000, 0x0000000083f00000|  0%| F|  |TAMS 0x0000000083e00000, 0x0000000083e00000| Untracked 
|  33|0x0000000083f00000, 0x0000000083f00000, 0x0000000084000000|  0%| F|  |TAMS 0x0000000083f00000, 0x0000000083f00000| Untracked 
|  34|0x0000000084000000, 0x0000000084000000, 0x0000000084100000|  0%| F|  |TAMS 0x0000000084000000, 0x0000000084000000| Untracked 
|  35|0x0000000084100000, 0x0000000084100000, 0x0000000084200000|  0%| F|  |TAMS 0x0000000084100000, 0x0000000084100000| Untracked 
|  36|0x0000000084200000, 0x0000000084200000, 0x0000000084300000|  0%| F|  |TAMS 0x0000000084200000, 0x0000000084200000| Untracked 
|  37|0x0000000084300000, 0x0000000084300000, 0x0000000084400000|  0%| F|  |TAMS 0x0000000084300000, 0x0000000084300000| Untracked 
|  38|0x0000000084400000, 0x0000000084400000, 0x0000000084500000|  0%| F|  |TAMS 0x0000000084400000, 0x0000000084400000| Untracked 
|  39|0x0000000084500000, 0x0000000084500000, 0x0000000084600000|  0%| F|  |TAMS 0x0000000084500000, 0x0000000084500000| Untracked 
|  40|0x0000000084600000, 0x0000000084600000, 0x0000000084700000|  0%| F|  |TAMS 0x0000000084600000, 0x0000000084600000| Untracked 
|  41|0x0000000084700000, 0x0000000084700000, 0x0000000084800000|  0%| F|  |TAMS 0x0000000084700000, 0x0000000084700000| Untracked 
|  42|0x0000000084800000, 0x0000000084800000, 0x0000000084900000|  0%| F|  |TAMS 0x0000000084800000, 0x0000000084800000| Untracked 
|  43|0x0000000084900000, 0x0000000084900000, 0x0000000084a00000|  0%| F|  |TAMS 0x0000000084900000, 0x0000000084900000| Untracked 
|  44|0x0000000084a00000, 0x0000000084a00000, 0x0000000084b00000|  0%| F|  |TAMS 0x0000000084a00000, 0x0000000084a00000| Untracked 
|  45|0x0000000084b00000, 0x0000000084b00000, 0x0000000084c00000|  0%| F|  |TAMS 0x0000000084b00000, 0x0000000084b00000| Untracked 
|  46|0x0000000084c00000, 0x0000000084c00000, 0x0000000084d00000|  0%| F|  |TAMS 0x0000000084c00000, 0x0000000084c00000| Untracked 
|  47|0x0000000084d00000, 0x0000000084d00000, 0x0000000084e00000|  0%| F|  |TAMS 0x0000000084d00000, 0x0000000084d00000| Untracked 
|  48|0x0000000084e00000, 0x0000000084e00000, 0x0000000084f00000|  0%| F|  |TAMS 0x0000000084e00000, 0x0000000084e00000| Untracked 
|  49|0x0000000084f00000, 0x0000000084f00000, 0x0000000085000000|  0%| F|  |TAMS 0x0000000084f00000, 0x0000000084f00000| Untracked 
|  50|0x0000000085000000, 0x0000000085000000, 0x0000000085100000|  0%| F|  |TAMS 0x0000000085000000, 0x0000000085000000| Untracked 
|  51|0x0000000085100000, 0x0000000085100000, 0x0000000085200000|  0%| F|  |TAMS 0x0000000085100000, 0x0000000085100000| Untracked 
|  52|0x0000000085200000, 0x0000000085200000, 0x0000000085300000|  0%| F|  |TAMS 0x0000000085200000, 0x0000000085200000| Untracked 
|  53|0x0000000085300000, 0x0000000085300000, 0x0000000085400000|  0%| F|  |TAMS 0x0000000085300000, 0x0000000085300000| Untracked 
|  54|0x0000000085400000, 0x0000000085400000, 0x0000000085500000|  0%| F|  |TAMS 0x0000000085400000, 0x0000000085400000| Untracked 
|  55|0x0000000085500000, 0x0000000085500000, 0x0000000085600000|  0%| F|  |TAMS 0x0000000085500000, 0x0000000085500000| Untracked 
|  56|0x0000000085600000, 0x0000000085600000, 0x0000000085700000|  0%| F|  |TAMS 0x0000000085600000, 0x0000000085600000| Untracked 
|  57|0x0000000085700000, 0x0000000085700000, 0x0000000085800000|  0%| F|  |TAMS 0x0000000085700000, 0x0000000085700000| Untracked 
|  58|0x0000000085800000, 0x0000000085800000, 0x0000000085900000|  0%| F|  |TAMS 0x0000000085800000, 0x0000000085800000| Untracked 
|  59|0x0000000085900000, 0x0000000085900000, 0x0000000085a00000|  0%| F|  |TAMS 0x0000000085900000, 0x0000000085900000| Untracked 
|  60|0x0000000085a00000, 0x0000000085a00000, 0x0000000085b00000|  0%| F|  |TAMS 0x0000000085a00000, 0x0000000085a00000| Untracked 
|  61|0x0000000085b00000, 0x0000000085b00000, 0x0000000085c00000|  0%| F|  |TAMS 0x0000000085b00000, 0x0000000085b00000| Untracked 
|  62|0x0000000085c00000, 0x0000000085c00000, 0x0000000085d00000|  0%| F|  |TAMS 0x0000000085c00000, 0x0000000085c00000| Untracked 
|  63|0x0000000085d00000, 0x0000000085d00000, 0x0000000085e00000|  0%| F|  |TAMS 0x0000000085d00000, 0x0000000085d00000| Untracked 
|  64|0x0000000085e00000, 0x0000000085e00000, 0x0000000085f00000|  0%| F|  |TAMS 0x0000000085e00000, 0x0000000085e00000| Untracked 
|  65|0x0000000085f00000, 0x0000000085f00000, 0x0000000086000000|  0%| F|  |TAMS 0x0000000085f00000, 0x0000000085f00000| Untracked 
|  66|0x0000000086000000, 0x0000000086000000, 0x0000000086100000|  0%| F|  |TAMS 0x0000000086000000, 0x0000000086000000| Untracked 
|  67|0x0000000086100000, 0x0000000086100000, 0x0000000086200000|  0%| F|  |TAMS 0x0000000086100000, 0x0000000086100000| Untracked 
|  68|0x0000000086200000, 0x0000000086200000, 0x0000000086300000|  0%| F|  |TAMS 0x0000000086200000, 0x0000000086200000| Untracked 
|  69|0x0000000086300000, 0x0000000086300000, 0x0000000086400000|  0%| F|  |TAMS 0x0000000086300000, 0x0000000086300000| Untracked 
|  70|0x0000000086400000, 0x0000000086400000, 0x0000000086500000|  0%| F|  |TAMS 0x0000000086400000, 0x0000000086400000| Untracked 
|  71|0x0000000086500000, 0x0000000086500000, 0x0000000086600000|  0%| F|  |TAMS 0x0000000086500000, 0x0000000086500000| Untracked 
|  72|0x0000000086600000, 0x0000000086600000, 0x0000000086700000|  0%| F|  |TAMS 0x0000000086600000, 0x0000000086600000| Untracked 
|  73|0x0000000086700000, 0x0000000086700000, 0x0000000086800000|  0%| F|  |TAMS 0x0000000086700000, 0x0000000086700000| Untracked 
|  74|0x0000000086800000, 0x0000000086800000, 0x0000000086900000|  0%| F|  |TAMS 0x0000000086800000, 0x0000000086800000| Untracked 
|  75|0x0000000086900000, 0x0000000086900000, 0x0000000086a00000|  0%| F|  |TAMS 0x0000000086900000, 0x0000000086900000| Untracked 
|  76|0x0000000086a00000, 0x0000000086a00000, 0x0000000086b00000|  0%| F|  |TAMS 0x0000000086a00000, 0x0000000086a00000| Untracked 
|  77|0x0000000086b00000, 0x0000000086b00000, 0x0000000086c00000|  0%| F|  |TAMS 0x0000000086b00000, 0x0000000086b00000| Untracked 
|  78|0x0000000086c00000, 0x0000000086c00000, 0x0000000086d00000|  0%| F|  |TAMS 0x0000000086c00000, 0x0000000086c00000| Untracked 
|  79|0x0000000086d00000, 0x0000000086d00000, 0x0000000086e00000|  0%| F|  |TAMS 0x0000000086d00000, 0x0000000086d00000| Untracked 
|  80|0x0000000086e00000, 0x0000000086e00000, 0x0000000086f00000|  0%| F|  |TAMS 0x0000000086e00000, 0x0000000086e00000| Untracked 
|  81|0x0000000086f00000, 0x0000000086f00000, 0x0000000087000000|  0%| F|  |TAMS 0x0000000086f00000, 0x0000000086f00000| Untracked 
|  82|0x0000000087000000, 0x0000000087000000, 0x0000000087100000|  0%| F|  |TAMS 0x0000000087000000, 0x0000000087000000| Untracked 
|  83|0x0000000087100000, 0x0000000087100000, 0x0000000087200000|  0%| F|  |TAMS 0x0000000087100000, 0x0000000087100000| Untracked 
|  84|0x0000000087200000, 0x0000000087200000, 0x0000000087300000|  0%| F|  |TAMS 0x0000000087200000, 0x0000000087200000| Untracked 
|  85|0x0000000087300000, 0x0000000087300000, 0x0000000087400000|  0%| F|  |TAMS 0x0000000087300000, 0x0000000087300000| Untracked 
|  86|0x0000000087400000, 0x0000000087400000, 0x0000000087500000|  0%| F|  |TAMS 0x0000000087400000, 0x0000000087400000| Untracked 
|  87|0x0000000087500000, 0x0000000087500000, 0x0000000087600000|  0%| F|  |TAMS 0x0000000087500000, 0x0000000087500000| Untracked 
|  88|0x0000000087600000, 0x0000000087600000, 0x0000000087700000|  0%| F|  |TAMS 0x0000000087600000, 0x0000000087600000| Untracked 
|  89|0x0000000087700000, 0x00000000877196d8, 0x0000000087800000|  9%| E|  |TAMS 0x0000000087700000, 0x0000000087700000| Complete 

Card table byte_map: [0x0000028afd460000,0x0000028afd860000] _byte_map_base: 0x0000028afd051000

Marking Bits (Prev, Next): (CMBitMap*) 0x0000028af57c7fa0, (CMBitMap*) 0x0000028af57c7fe0
 Prev Bits: [0x0000028afdc60000, 0x0000028affbe8000)
 Next Bits: [0x0000028a80000000, 0x0000028a81f88000)

Polling page: 0x0000028af9ba0000

Metaspace:

Usage:
  Non-class:     39.35 MB used.
      Class:      6.19 MB used.
       Both:     45.54 MB used.

Virtual space:
  Non-class space:       48.00 MB reserved,      39.62 MB ( 83%) committed,  6 nodes.
      Class space:        1.00 GB reserved,       6.38 MB ( <1%) committed,  1 nodes.
             Both:        1.05 GB reserved,      46.00 MB (  4%) committed. 

Chunk freelists:
   Non-Class:  3.88 MB
       Class:  1.71 MB
        Both:  5.59 MB

MaxMetaspaceSize: unlimited
CompressedClassSpaceSize: 1.00 GB
Initial GC threshold: 21.00 MB
Current GC threshold: 76.69 MB
CDS: off
MetaspaceReclaimPolicy: balanced
 - commit_granule_bytes: 65536.
 - commit_granule_words: 8192.
 - virtual_space_node_default_size: 1048576.
 - enlarge_chunks_in_place: 1.
 - new_chunks_are_fully_committed: 0.
 - uncommit_free_chunks: 1.
 - use_allocation_guard: 0.
 - handle_deallocations: 1.


Internal statistics:

num_allocs_failed_limit: 6.
num_arena_births: 440.
num_arena_deaths: 118.
num_vsnodes_births: 7.
num_vsnodes_deaths: 0.
num_space_committed: 736.
num_space_uncommitted: 0.
num_chunks_returned_to_freelist: 144.
num_chunks_taken_from_freelist: 1872.
num_chunk_merges: 51.
num_chunk_splits: 1314.
num_chunks_enlarged: 1036.
num_purges: 8.
num_inconsistent_stats: 0.

CodeCache: size=49152Kb used=11301Kb max_used=12304Kb free=37850Kb
 bounds [0x0000028af9bc0000, 0x0000028afa7d0000, 0x0000028afcbc0000]
 total_blobs=6618 nmethods=6054 adapters=491
 compilation: enabled
              stopped_count=0, restarted_count=0
 full_count=0

Compilation events (20 events):
Event: 1347.102 Thread 0x0000028a84c178d0 6047       1       java.util.concurrent.ScheduledThreadPoolExecutor$ScheduledFutureTask::setNextRunTime (38 bytes)
Event: 1347.102 Thread 0x0000028a84c178d0 nmethod 6047 0x0000028af9e0a210 code [0x0000028af9e0a3c0, 0x0000028af9e0a5a8]
Event: 1347.102 Thread 0x0000028a84c178d0 6048       1       java.util.concurrent.ScheduledThreadPoolExecutor::reExecutePeriodic (49 bytes)
Event: 1347.102 Thread 0x0000028a84c178d0 nmethod 6048 0x0000028af9e09c10 code [0x0000028af9e09e00, 0x0000028af9e0a048]
Event: 1377.818 Thread 0x0000028a84c178d0 6049       1       org.springframework.ide.vscode.commons.languageserver.util.SimpleLanguageServer::getParentProcessId (5 bytes)
Event: 1377.830 Thread 0x0000028a84c178d0 nmethod 6049 0x0000028af9e09910 code [0x0000028af9e09aa0, 0x0000028af9e09b78]
Event: 1418.896 Thread 0x0000028a84c178d0 6050       1       java.io.FileInputStream::<init> (59 bytes)
Event: 1418.909 Thread 0x0000028a84c178d0 nmethod 6050 0x0000028af9e09310 code [0x0000028af9e094e0, 0x0000028af9e09808]
Event: 1418.909 Thread 0x0000028a84c178d0 6051       1       java.lang.Process$PipeInputStream::<init> (6 bytes)
Event: 1418.909 Thread 0x0000028a84c178d0 nmethod 6051 0x0000028af9e09010 code [0x0000028af9e091a0, 0x0000028af9e09288]
Event: 1419.131 Thread 0x0000028a84c178d0 6052       1       java.lang.ProcessImpl::exitValue (28 bytes)
Event: 1419.179 Thread 0x0000028a84c178d0 nmethod 6052 0x0000028af9e08c10 code [0x0000028af9e08dc0, 0x0000028af9e08f18]
Event: 1419.179 Thread 0x0000028a84c178d0 6055   !   1       com.google.common.io.Closeables::closeQuietly (19 bytes)
Event: 1419.209 Thread 0x0000028a84c178d0 nmethod 6055 0x0000028af9e08810 code [0x0000028af9e089c0, 0x0000028af9e08b38]
Event: 1419.209 Thread 0x0000028a84c178d0 6053       1       java.lang.ProcessImpl::getInputStream (5 bytes)
Event: 1419.209 Thread 0x0000028a84c178d0 nmethod 6053 0x0000028af9e08510 code [0x0000028af9e086a0, 0x0000028af9e08778]
Event: 1419.209 Thread 0x0000028a84c178d0 6054       1       java.lang.ProcessImpl::getErrorStream (5 bytes)
Event: 1419.210 Thread 0x0000028a84c178d0 nmethod 6054 0x0000028af9e08210 code [0x0000028af9e083a0, 0x0000028af9e08478]
Event: 1419.210 Thread 0x0000028a84c178d0 6056       1       java.lang.ProcessImpl::getOutputStream (5 bytes)
Event: 1419.211 Thread 0x0000028a84c178d0 nmethod 6056 0x0000028af9e07f10 code [0x0000028af9e080a0, 0x0000028af9e08178]

GC Heap History (20 events):
Event: 1636.672 GC heap before
{Heap before GC invocations=184 (full 148):
 garbage-first heap   total 92160K, used 26558K [0x0000000081e00000, 0x0000000100000000)
  region size 1024K, 1 young (1024K), 0 survivors (0K)
 Metaspace       used 46634K, committed 47104K, reserved 1097728K
  class space    used 6340K, committed 6528K, reserved 1048576K
}
Event: 1636.706 GC heap after
{Heap after GC invocations=185 (full 149):
 garbage-first heap   total 92160K, used 26558K [0x0000000081e00000, 0x0000000100000000)
  region size 1024K, 0 young (0K), 0 survivors (0K)
 Metaspace       used 46634K, committed 47104K, reserved 1097728K
  class space    used 6340K, committed 6528K, reserved 1048576K
}
Event: 1646.999 GC heap before
{Heap before GC invocations=185 (full 149):
 garbage-first heap   total 92160K, used 26558K [0x0000000081e00000, 0x0000000100000000)
  region size 1024K, 1 young (1024K), 0 survivors (0K)
 Metaspace       used 46634K, committed 47104K, reserved 1097728K
  class space    used 6340K, committed 6528K, reserved 1048576K
}
Event: 1647.035 GC heap after
{Heap after GC invocations=186 (full 150):
 garbage-first heap   total 92160K, used 26558K [0x0000000081e00000, 0x0000000100000000)
  region size 1024K, 0 young (0K), 0 survivors (0K)
 Metaspace       used 46634K, committed 47104K, reserved 1097728K
  class space    used 6340K, committed 6528K, reserved 1048576K
}
Event: 1657.267 GC heap before
{Heap before GC invocations=186 (full 150):
 garbage-first heap   total 92160K, used 26558K [0x0000000081e00000, 0x0000000100000000)
  region size 1024K, 1 young (1024K), 0 survivors (0K)
 Metaspace       used 46634K, committed 47104K, reserved 1097728K
  class space    used 6340K, committed 6528K, reserved 1048576K
}
Event: 1657.305 GC heap after
{Heap after GC invocations=187 (full 151):
 garbage-first heap   total 92160K, used 26558K [0x0000000081e00000, 0x0000000100000000)
  region size 1024K, 0 young (0K), 0 survivors (0K)
 Metaspace       used 46634K, committed 47104K, reserved 1097728K
  class space    used 6340K, committed 6528K, reserved 1048576K
}
Event: 1667.579 GC heap before
{Heap before GC invocations=187 (full 151):
 garbage-first heap   total 92160K, used 26558K [0x0000000081e00000, 0x0000000100000000)
  region size 1024K, 1 young (1024K), 0 survivors (0K)
 Metaspace       used 46634K, committed 47104K, reserved 1097728K
  class space    used 6340K, committed 6528K, reserved 1048576K
}
Event: 1667.619 GC heap after
{Heap after GC invocations=188 (full 152):
 garbage-first heap   total 92160K, used 26558K [0x0000000081e00000, 0x0000000100000000)
  region size 1024K, 0 young (0K), 0 survivors (0K)
 Metaspace       used 46634K, committed 47104K, reserved 1097728K
  class space    used 6340K, committed 6528K, reserved 1048576K
}
Event: 1677.863 GC heap before
{Heap before GC invocations=188 (full 152):
 garbage-first heap   total 92160K, used 26558K [0x0000000081e00000, 0x0000000100000000)
  region size 1024K, 1 young (1024K), 0 survivors (0K)
 Metaspace       used 46634K, committed 47104K, reserved 1097728K
  class space    used 6340K, committed 6528K, reserved 1048576K
}
Event: 1677.895 GC heap after
{Heap after GC invocations=189 (full 153):
 garbage-first heap   total 92160K, used 26558K [0x0000000081e00000, 0x0000000100000000)
  region size 1024K, 0 young (0K), 0 survivors (0K)
 Metaspace       used 46634K, committed 47104K, reserved 1097728K
  class space    used 6340K, committed 6528K, reserved 1048576K
}
Event: 1688.122 GC heap before
{Heap before GC invocations=189 (full 153):
 garbage-first heap   total 92160K, used 26558K [0x0000000081e00000, 0x0000000100000000)
  region size 1024K, 1 young (1024K), 0 survivors (0K)
 Metaspace       used 46634K, committed 47104K, reserved 1097728K
  class space    used 6340K, committed 6528K, reserved 1048576K
}
Event: 1688.158 GC heap after
{Heap after GC invocations=190 (full 154):
 garbage-first heap   total 92160K, used 26558K [0x0000000081e00000, 0x0000000100000000)
  region size 1024K, 0 young (0K), 0 survivors (0K)
 Metaspace       used 46634K, committed 47104K, reserved 1097728K
  class space    used 6340K, committed 6528K, reserved 1048576K
}
Event: 1698.385 GC heap before
{Heap before GC invocations=190 (full 154):
 garbage-first heap   total 92160K, used 26558K [0x0000000081e00000, 0x0000000100000000)
  region size 1024K, 1 young (1024K), 0 survivors (0K)
 Metaspace       used 46634K, committed 47104K, reserved 1097728K
  class space    used 6340K, committed 6528K, reserved 1048576K
}
Event: 1698.419 GC heap after
{Heap after GC invocations=191 (full 155):
 garbage-first heap   total 92160K, used 26558K [0x0000000081e00000, 0x0000000100000000)
  region size 1024K, 0 young (0K), 0 survivors (0K)
 Metaspace       used 46634K, committed 47104K, reserved 1097728K
  class space    used 6340K, committed 6528K, reserved 1048576K
}
Event: 1708.651 GC heap before
{Heap before GC invocations=191 (full 155):
 garbage-first heap   total 92160K, used 26558K [0x0000000081e00000, 0x0000000100000000)
  region size 1024K, 1 young (1024K), 0 survivors (0K)
 Metaspace       used 46634K, committed 47104K, reserved 1097728K
  class space    used 6340K, committed 6528K, reserved 1048576K
}
Event: 1708.686 GC heap after
{Heap after GC invocations=192 (full 156):
 garbage-first heap   total 92160K, used 26558K [0x0000000081e00000, 0x0000000100000000)
  region size 1024K, 0 young (0K), 0 survivors (0K)
 Metaspace       used 46634K, committed 47104K, reserved 1097728K
  class space    used 6340K, committed 6528K, reserved 1048576K
}
Event: 1718.906 GC heap before
{Heap before GC invocations=192 (full 156):
 garbage-first heap   total 92160K, used 26558K [0x0000000081e00000, 0x0000000100000000)
  region size 1024K, 1 young (1024K), 0 survivors (0K)
 Metaspace       used 46634K, committed 47104K, reserved 1097728K
  class space    used 6340K, committed 6528K, reserved 1048576K
}
Event: 1718.946 GC heap after
{Heap after GC invocations=193 (full 157):
 garbage-first heap   total 92160K, used 26558K [0x0000000081e00000, 0x0000000100000000)
  region size 1024K, 0 young (0K), 0 survivors (0K)
 Metaspace       used 46634K, committed 47104K, reserved 1097728K
  class space    used 6340K, committed 6528K, reserved 1048576K
}
Event: 1729.586 GC heap before
{Heap before GC invocations=193 (full 157):
 garbage-first heap   total 92160K, used 26558K [0x0000000081e00000, 0x0000000100000000)
  region size 1024K, 1 young (1024K), 0 survivors (0K)
 Metaspace       used 46634K, committed 47104K, reserved 1097728K
  class space    used 6340K, committed 6528K, reserved 1048576K
}
Event: 1729.637 GC heap after
{Heap after GC invocations=194 (full 158):
 garbage-first heap   total 92160K, used 26558K [0x0000000081e00000, 0x0000000100000000)
  region size 1024K, 0 young (0K), 0 survivors (0K)
 Metaspace       used 46634K, committed 47104K, reserved 1097728K
  class space    used 6340K, committed 6528K, reserved 1048576K
}

Dll operation events (8 events):
Event: 0.020 Loaded shared library c:\Users\User\.vscode\extensions\redhat.java-1.13.0-win32-x64\jre\17.0.5-win32-x86_64\bin\java.dll
Event: 0.576 Loaded shared library C:\Users\User\.vscode\extensions\redhat.java-1.13.0-win32-x64\jre\17.0.5-win32-x86_64\bin\net.dll
Event: 0.580 Loaded shared library C:\Users\User\.vscode\extensions\redhat.java-1.13.0-win32-x64\jre\17.0.5-win32-x86_64\bin\nio.dll
Event: 0.672 Loaded shared library C:\Users\User\.vscode\extensions\redhat.java-1.13.0-win32-x64\jre\17.0.5-win32-x86_64\bin\zip.dll
Event: 15.461 Loaded shared library c:\Users\User\.vscode\extensions\redhat.java-1.13.0-win32-x64\jre\17.0.5-win32-x86_64\bin\verify.dll
Event: 15.473 Loaded shared library C:\Users\User\.vscode\extensions\redhat.java-1.13.0-win32-x64\jre\17.0.5-win32-x86_64\bin\jimage.dll
Event: 28.608 Loaded shared library C:\Users\User\.vscode\extensions\redhat.java-1.13.0-win32-x64\jre\17.0.5-win32-x86_64\bin\management.dll
Event: 28.613 Loaded shared library C:\Users\User\.vscode\extensions\redhat.java-1.13.0-win32-x64\jre\17.0.5-win32-x86_64\bin\management_ext.dll

Deoptimization events (20 events):
Event: 31.920 Thread 0x0000028af576b7d0 DEOPT PACKING pc=0x0000028afa211e19 sp=0x000000d4d5ffcb70
Event: 31.920 Thread 0x0000028af576b7d0 DEOPT UNPACKING pc=0x0000028af9c12b43 sp=0x000000d4d5ffc050 mode 3
Event: 32.603 Thread 0x0000028a8546aa00 DEOPT PACKING pc=0x0000028afa2c5635 sp=0x000000d4d7afdcc0
Event: 32.603 Thread 0x0000028a8546aa00 DEOPT UNPACKING pc=0x0000028af9c12b43 sp=0x000000d4d7afd1e8 mode 3
Event: 32.748 Thread 0x0000028a8546b6e0 DEOPT PACKING pc=0x0000028afa2dc2ab sp=0x000000d4d7bfe8b0
Event: 32.748 Thread 0x0000028a8546b6e0 DEOPT UNPACKING pc=0x0000028af9c12b43 sp=0x000000d4d7bfddf8 mode 3
Event: 33.148 Thread 0x0000028a86b7e380 DEOPT PACKING pc=0x0000028afa095001 sp=0x000000d4d79fdc00
Event: 33.148 Thread 0x0000028a86b7e380 DEOPT UNPACKING pc=0x0000028af9c12b43 sp=0x000000d4d79fd090 mode 3
Event: 34.243 Thread 0x0000028a8546aa00 DEOPT PACKING pc=0x0000028afa092c17 sp=0x000000d4d7afecf0
Event: 34.243 Thread 0x0000028a8546aa00 DEOPT UNPACKING pc=0x0000028af9c12b43 sp=0x000000d4d7afe148 mode 3
Event: 48.438 Thread 0x0000028a8546b6e0 DEOPT PACKING pc=0x0000028afa078d42 sp=0x000000d4d7bfd960
Event: 48.438 Thread 0x0000028a8546b6e0 DEOPT UNPACKING pc=0x0000028af9c12b43 sp=0x000000d4d7bfce68 mode 3
Event: 49.037 Thread 0x0000028a8546b6e0 DEOPT PACKING pc=0x0000028afa743874 sp=0x000000d4d7bfe1c0
Event: 49.037 Thread 0x0000028a8546b6e0 DEOPT UNPACKING pc=0x0000028af9c12b43 sp=0x000000d4d7bfd6b8 mode 0
Event: 49.037 Thread 0x0000028a8546b6e0 DEOPT PACKING pc=0x0000028afa71e2f4 sp=0x000000d4d7bfe290
Event: 49.037 Thread 0x0000028a8546b6e0 DEOPT UNPACKING pc=0x0000028af9c12b43 sp=0x000000d4d7bfd768 mode 0
Event: 49.037 Thread 0x0000028a8546b6e0 DEOPT PACKING pc=0x0000028afa71aaa4 sp=0x000000d4d7bfe340
Event: 49.037 Thread 0x0000028a8546b6e0 DEOPT UNPACKING pc=0x0000028af9c12b43 sp=0x000000d4d7bfd8c0 mode 0
Event: 49.039 Thread 0x0000028a8546b6e0 DEOPT PACKING pc=0x0000028afa76da2c sp=0x000000d4d7bfe640
Event: 49.039 Thread 0x0000028a8546b6e0 DEOPT UNPACKING pc=0x0000028af9c12b43 sp=0x000000d4d7bfdad0 mode 0

Classes unloaded (20 events):
Event: 124.959 Thread 0x0000028a84226870 Unloading class 0x00000001000d0000 'java/lang/invoke/LambdaForm$MH+0x00000001000d0000'
Event: 135.257 Thread 0x0000028a84226870 Unloading class 0x0000000100658800 'java/lang/invoke/LambdaForm$DMH+0x0000000100658800'
Event: 135.257 Thread 0x0000028a84226870 Unloading class 0x000000010064a800 'jdk/internal/reflect/GeneratedConstructorAccessor27'
Event: 135.257 Thread 0x0000028a84226870 Unloading class 0x000000010064a400 'jdk/internal/reflect/GeneratedConstructorAccessor26'
Event: 135.257 Thread 0x0000028a84226870 Unloading class 0x000000010064a000 'jdk/internal/reflect/GeneratedConstructorAccessor25'
Event: 135.257 Thread 0x0000028a84226870 Unloading class 0x0000000100649c00 'jdk/internal/reflect/GeneratedConstructorAccessor24'
Event: 135.257 Thread 0x0000028a84226870 Unloading class 0x0000000100649800 'jdk/internal/reflect/GeneratedConstructorAccessor23'
Event: 135.257 Thread 0x0000028a84226870 Unloading class 0x0000000100649400 'jdk/internal/reflect/GeneratedConstructorAccessor22'
Event: 135.257 Thread 0x0000028a84226870 Unloading class 0x0000000100649000 'jdk/internal/reflect/GeneratedConstructorAccessor21'
Event: 135.257 Thread 0x0000028a84226870 Unloading class 0x0000000100648c00 'jdk/internal/reflect/GeneratedConstructorAccessor20'
Event: 135.257 Thread 0x0000028a84226870 Unloading class 0x0000000100648800 'jdk/internal/reflect/GeneratedConstructorAccessor19'
Event: 135.257 Thread 0x0000028a84226870 Unloading class 0x0000000100648400 'jdk/internal/reflect/GeneratedConstructorAccessor18'
Event: 135.257 Thread 0x0000028a84226870 Unloading class 0x0000000100608000 'jdk/internal/reflect/GeneratedMethodAccessor29'
Event: 135.257 Thread 0x0000028a84226870 Unloading class 0x00000001004e8400 'java/lang/invoke/LambdaForm$MH+0x00000001004e8400'
Event: 135.257 Thread 0x0000028a84226870 Unloading class 0x00000001004e8000 'java/lang/invoke/LambdaForm$MH+0x00000001004e8000'
Event: 135.257 Thread 0x0000028a84226870 Unloading class 0x00000001004e3c00 'java/lang/invoke/LambdaForm$MH+0x00000001004e3c00'
Event: 135.257 Thread 0x0000028a84226870 Unloading class 0x00000001004e3800 'java/lang/invoke/LambdaForm$MH+0x00000001004e3800'
Event: 135.257 Thread 0x0000028a84226870 Unloading class 0x00000001004e3400 'java/lang/invoke/LambdaForm$MH+0x00000001004e3400'
Event: 135.257 Thread 0x0000028a84226870 Unloading class 0x00000001004e3000 'java/lang/invoke/LambdaForm$MH+0x00000001004e3000'
Event: 135.257 Thread 0x0000028a84226870 Unloading class 0x000000010034d000 'java/lang/invoke/LambdaForm$MH+0x000000010034d000'

Classes redefined (0 events):
No events

Internal exceptions (20 events):
Event: 48.047 Thread 0x0000028a86e57470 Exception <a 'sun/nio/fs/WindowsException'{0x00000000a2086bf0}> (0x00000000a2086bf0) 
thrown [s\src\hotspot\share\prims\jni.cpp, line 516]
Event: 48.047 Thread 0x0000028a86e57470 Exception <a 'sun/nio/fs/WindowsException'{0x00000000a20875d8}> (0x00000000a20875d8) 
thrown [s\src\hotspot\share\prims\jni.cpp, line 516]
Event: 48.047 Thread 0x0000028a86e57470 Exception <a 'sun/nio/fs/WindowsException'{0x00000000a2087978}> (0x00000000a2087978) 
thrown [s\src\hotspot\share\prims\jni.cpp, line 516]
Event: 48.047 Thread 0x0000028a86e57470 Exception <a 'sun/nio/fs/WindowsException'{0x00000000a2088370}> (0x00000000a2088370) 
thrown [s\src\hotspot\share\prims\jni.cpp, line 516]
Event: 48.047 Thread 0x0000028a86e57470 Exception <a 'sun/nio/fs/WindowsException'{0x00000000a2088728}> (0x00000000a2088728) 
thrown [s\src\hotspot\share\prims\jni.cpp, line 516]
Event: 48.047 Thread 0x0000028a86e57470 Exception <a 'sun/nio/fs/WindowsException'{0x00000000a2089110}> (0x00000000a2089110) 
thrown [s\src\hotspot\share\prims\jni.cpp, line 516]
Event: 48.048 Thread 0x0000028a86e57470 Exception <a 'sun/nio/fs/WindowsException'{0x00000000a20894b8}> (0x00000000a20894b8) 
thrown [s\src\hotspot\share\prims\jni.cpp, line 516]
Event: 48.048 Thread 0x0000028a86e57470 Exception <a 'sun/nio/fs/WindowsException'{0x00000000a2089eb0}> (0x00000000a2089eb0) 
thrown [s\src\hotspot\share\prims\jni.cpp, line 516]
Event: 48.048 Thread 0x0000028a86e57470 Exception <a 'sun/nio/fs/WindowsException'{0x00000000a208a268}> (0x00000000a208a268) 
thrown [s\src\hotspot\share\prims\jni.cpp, line 516]
Event: 48.048 Thread 0x0000028a86e57470 Exception <a 'sun/nio/fs/WindowsException'{0x00000000a208ac78}> (0x00000000a208ac78) 
thrown [s\src\hotspot\share\prims\jni.cpp, line 516]
Event: 48.048 Thread 0x0000028a86e57470 Exception <a 'sun/nio/fs/WindowsException'{0x00000000a208b050}> (0x00000000a208b050) 
thrown [s\src\hotspot\share\prims\jni.cpp, line 516]
Event: 48.048 Thread 0x0000028a86e57470 Exception <a 'sun/nio/fs/WindowsException'{0x00000000a208ba78}> (0x00000000a208ba78) 
thrown [s\src\hotspot\share\prims\jni.cpp, line 516]
Event: 48.048 Thread 0x0000028a86e57470 Exception <a 'sun/nio/fs/WindowsException'{0x00000000a208be68}> (0x00000000a208be68) 
thrown [s\src\hotspot\share\prims\jni.cpp, line 516]
Event: 48.048 Thread 0x0000028a86e57470 Exception <a 'sun/nio/fs/WindowsException'{0x00000000a208c888}> (0x00000000a208c888) 
thrown [s\src\hotspot\share\prims\jni.cpp, line 516]
Event: 48.048 Thread 0x0000028a86e57470 Exception <a 'sun/nio/fs/WindowsException'{0x00000000a208cc70}> (0x00000000a208cc70) 
thrown [s\src\hotspot\share\prims\jni.cpp, line 516]
Event: 82.533 Thread 0x0000028a8681c060 Exception <a 'java/lang/NoSuchMethodError'{0x0000000096602d18}: 'void java.lang.invoke.DirectMethodHandle$Holder.invokeStatic(java.lang.Object, long)'> (0x0000000096602d18) 
thrown [s\src\hotspot\share\interpreter\linkResolver.cpp, line 759]
Event: 82.534 Thread 0x0000028a8681c060 Exception <a 'java/lang/NoSuchMethodError'{0x00000000966080c0}: 'java.lang.Object java.lang.invoke.DirectMethodHandle$Holder.newInvokeSpecial(java.lang.Object, long)'> (0x00000000966080c0) 
thrown [s\src\hotspot\share\interpreter\linkResolver.cpp, line 759]
Event: 82.535 Thread 0x0000028a8681c060 Exception <a 'java/lang/NoSuchMethodError'{0x000000009660ec38}: 'java.lang.Object java.lang.invoke.DirectMethodHandle$Holder.invokeStatic(java.lang.Object, java.lang.Object, long, java.lang.Object)'> (0x000000009660ec38) 
thrown [s\src\hotspot\share\interpreter\linkResolver.cpp, line 759]
Event: 82.536 Thread 0x0000028a8681c060 Exception <a 'java/lang/NoSuchMethodError'{0x00000000966126d0}: 'java.lang.Object java.lang.invoke.DirectMethodHandle$Holder.invokeStaticInit(java.lang.Object, java.lang.Object, long, java.lang.Object)'> (0x00000000966126d0) 
thrown [s\src\hotspot\share\interpreter\linkResolver.cpp, line 759]
Event: 82.536 Thread 0x0000028a8681c060 Exception <a 'java/lang/NoSuchMethodError'{0x0000000096618a00}: 'java.lang.Object java.lang.invoke.DirectMethodHandle$Holder.newInvokeSpecial(java.lang.Object, java.lang.Object, long)'> (0x0000000096618a00) 
thrown [s\src\hotspot\share\interpreter\linkResolver.cpp, line 759]

VM Operations (20 events):
Event: 1636.706 Executing VM operation: G1CollectFull done
Event: 1646.998 Executing VM operation: G1CollectFull
Event: 1647.035 Executing VM operation: G1CollectFull done
Event: 1657.267 Executing VM operation: G1CollectFull
Event: 1657.305 Executing VM operation: G1CollectFull done
Event: 1667.579 Executing VM operation: G1CollectFull
Event: 1667.620 Executing VM operation: G1CollectFull done
Event: 1677.863 Executing VM operation: G1CollectFull
Event: 1677.895 Executing VM operation: G1CollectFull done
Event: 1688.122 Executing VM operation: G1CollectFull
Event: 1688.158 Executing VM operation: G1CollectFull done
Event: 1698.385 Executing VM operation: G1CollectFull
Event: 1698.419 Executing VM operation: G1CollectFull done
Event: 1708.651 Executing VM operation: G1CollectFull
Event: 1708.686 Executing VM operation: G1CollectFull done
Event: 1718.906 Executing VM operation: G1CollectFull
Event: 1718.946 Executing VM operation: G1CollectFull done
Event: 1729.586 Executing VM operation: G1CollectFull
Event: 1729.637 Executing VM operation: G1CollectFull done
Event: 1740.015 Executing VM operation: G1CollectFull

Events (20 events):
Event: 59.352 Thread 0x0000028a88962030 Thread exited: 0x0000028a88962030
Event: 82.384 loading class java/lang/ProcessBuilder
Event: 82.387 loading class java/lang/ProcessBuilder done
Event: 82.387 loading class java/lang/ProcessImpl
Event: 82.388 loading class java/lang/Process
Event: 82.389 loading class java/lang/Process done
Event: 82.389 loading class java/lang/ProcessImpl done
Event: 82.534 loading class java/lang/ProcessHandleImpl
Event: 82.534 loading class java/lang/ProcessHandle
Event: 82.534 loading class java/lang/ProcessHandle done
Event: 82.534 loading class java/lang/ProcessHandleImpl done
Event: 82.537 loading class java/lang/ProcessImpl$2
Event: 82.537 loading class java/lang/ProcessImpl$2 done
Event: 82.537 loading class java/lang/Process$PipeInputStream
Event: 82.537 loading class java/lang/Process$PipeInputStream done
Event: 82.538 loading class jdk/internal/event/ProcessStartEvent
Event: 82.542 loading class jdk/internal/event/ProcessStartEvent done
Event: 82.950 loading class java/io/FileOutputStream$1
Event: 82.951 loading class java/io/FileOutputStream$1 done
Event: 109.368 Thread 0x0000028a8546b6e0 Thread exited: 0x0000028a8546b6e0


Dynamic libraries:
0x00007ff709d40000 - 0x00007ff709d4e000 	c:\Users\User\.vscode\extensions\redhat.java-1.13.0-win32-x64\jre\17.0.5-win32-x86_64\bin\java.exe
0x00007ffcf5230000 - 0x00007ffcf5428000 	C:\Windows\SYSTEM32\ntdll.dll
0x00007ffccd5e0000 - 0x00007ffccd5f7000 	C:\Program Files\AVG\Antivirus\aswhook.dll
0x00007ffcf3620000 - 0x00007ffcf36df000 	C:\Windows\System32\KERNEL32.DLL
0x00007ffcf2cc0000 - 0x00007ffcf2f92000 	C:\Windows\System32\KERNELBASE.dll
0x00007ffcf2a60000 - 0x00007ffcf2b60000 	C:\Windows\System32\ucrtbase.dll
0x00007ffcd6e80000 - 0x00007ffcd6e97000 	c:\Users\User\.vscode\extensions\redhat.java-1.13.0-win32-x64\jre\17.0.5-win32-x86_64\bin\jli.dll
0x00007ffcf3fe0000 - 0x00007ffcf417d000 	C:\Windows\System32\USER32.dll
0x00007ffcf2930000 - 0x00007ffcf2952000 	C:\Windows\System32\win32u.dll
0x00007ffcf3590000 - 0x00007ffcf35bb000 	C:\Windows\System32\GDI32.dll
0x00007ffcf3170000 - 0x00007ffcf327f000 	C:\Windows\System32\gdi32full.dll
0x00007ffcf3040000 - 0x00007ffcf30dd000 	C:\Windows\System32\msvcp_win.dll
0x00007ffcd58e0000 - 0x00007ffcd58f9000 	c:\Users\User\.vscode\extensions\redhat.java-1.13.0-win32-x64\jre\17.0.5-win32-x86_64\bin\VCRUNTIME140.dll
0x00007ffcdd050000 - 0x00007ffcdd2ea000 	C:\Windows\WinSxS\amd64_microsoft.windows.common-controls_6595b64144ccf1df_6.0.19041.1110_none_60b5254171f9507e\COMCTL32.dll
0x00007ffcf3bc0000 - 0x00007ffcf3c5e000 	C:\Windows\System32\msvcrt.dll
0x00007ffcf5190000 - 0x00007ffcf51c2000 	C:\Windows\System32\IMM32.DLL
0x00007ffcd9530000 - 0x00007ffcd953c000 	c:\Users\User\.vscode\extensions\redhat.java-1.13.0-win32-x64\jre\17.0.5-win32-x86_64\bin\vcruntime140_1.dll
0x00007ffcb9af0000 - 0x00007ffcb9b81000 	c:\Users\User\.vscode\extensions\redhat.java-1.13.0-win32-x64\jre\17.0.5-win32-x86_64\bin\msvcp140.dll
0x00007ffc5ffa0000 - 0x00007ffc60be4000 	c:\Users\User\.vscode\extensions\redhat.java-1.13.0-win32-x64\jre\17.0.5-win32-x86_64\bin\server\jvm.dll
0x00007ffcf37a0000 - 0x00007ffcf384e000 	C:\Windows\System32\ADVAPI32.dll
0x00007ffcf32e0000 - 0x00007ffcf337c000 	C:\Windows\System32\sechost.dll
0x00007ffcf3460000 - 0x00007ffcf3585000 	C:\Windows\System32\RPCRT4.dll
0x00007ffce0a00000 - 0x00007ffce0a09000 	C:\Windows\SYSTEM32\WSOCK32.dll
0x00007ffcf3f10000 - 0x00007ffcf3f7b000 	C:\Windows\System32\WS2_32.dll
0x00007ffcd8c40000 - 0x00007ffcd8c67000 	C:\Windows\SYSTEM32\WINMM.dll
0x00007ffcecec0000 - 0x00007ffcececa000 	C:\Windows\SYSTEM32\VERSION.dll
0x00007ffcf07b0000 - 0x00007ffcf07c2000 	C:\Windows\SYSTEM32\kernel.appcore.dll
0x00007ffcd9470000 - 0x00007ffcd947a000 	c:\Users\User\.vscode\extensions\redhat.java-1.13.0-win32-x64\jre\17.0.5-win32-x86_64\bin\jimage.dll
0x00007ffceb070000 - 0x00007ffceb254000 	C:\Windows\SYSTEM32\DBGHELP.DLL
0x00007ffceafb0000 - 0x00007ffceafdc000 	C:\Windows\SYSTEM32\dbgcore.DLL
0x00007ffcf30e0000 - 0x00007ffcf3162000 	C:\Windows\System32\bcryptPrimitives.dll
0x00007ffcd5700000 - 0x00007ffcd5725000 	c:\Users\User\.vscode\extensions\redhat.java-1.13.0-win32-x64\jre\17.0.5-win32-x86_64\bin\java.dll
0x00007ffcd56e0000 - 0x00007ffcd56f8000 	c:\Users\User\.vscode\extensions\redhat.java-1.13.0-win32-x64\jre\17.0.5-win32-x86_64\bin\zip.dll
0x00007ffcf4a40000 - 0x00007ffcf5183000 	C:\Windows\System32\SHELL32.dll
0x00007ffcf09b0000 - 0x00007ffcf1142000 	C:\Windows\SYSTEM32\windows.storage.dll
0x00007ffcf4680000 - 0x00007ffcf49d4000 	C:\Windows\System32\combase.dll
0x00007ffcf21d0000 - 0x00007ffcf2200000 	C:\Windows\SYSTEM32\Wldp.dll
0x00007ffcf36f0000 - 0x00007ffcf379d000 	C:\Windows\System32\SHCORE.dll
0x00007ffcf35c0000 - 0x00007ffcf3615000 	C:\Windows\System32\shlwapi.dll
0x00007ffcf2870000 - 0x00007ffcf288f000 	C:\Windows\SYSTEM32\profapi.dll
0x00007ffcd5560000 - 0x00007ffcd5579000 	C:\Users\User\.vscode\extensions\redhat.java-1.13.0-win32-x64\jre\17.0.5-win32-x86_64\bin\net.dll
0x00007ffce7150000 - 0x00007ffce725c000 	C:\Windows\SYSTEM32\WINHTTP.dll
0x00007ffcf1fb0000 - 0x00007ffcf201a000 	C:\Windows\system32\mswsock.dll
0x00007ffcd54a0000 - 0x00007ffcd54b5000 	C:\Users\User\.vscode\extensions\redhat.java-1.13.0-win32-x64\jre\17.0.5-win32-x86_64\bin\nio.dll
0x00007ffcd6e50000 - 0x00007ffcd6e60000 	c:\Users\User\.vscode\extensions\redhat.java-1.13.0-win32-x64\jre\17.0.5-win32-x86_64\bin\verify.dll
0x00007ffcd5980000 - 0x00007ffcd5989000 	C:\Users\User\.vscode\extensions\redhat.java-1.13.0-win32-x64\jre\17.0.5-win32-x86_64\bin\management.dll
0x00007ffcd5460000 - 0x00007ffcd546b000 	C:\Users\User\.vscode\extensions\redhat.java-1.13.0-win32-x64\jre\17.0.5-win32-x86_64\bin\management_ext.dll
0x00007ffcf36e0000 - 0x00007ffcf36e8000 	C:\Windows\System32\PSAPI.DLL
0x00007ffcd4770000 - 0x00007ffcd4787000 	C:\Windows\system32\napinsp.dll
0x00007ffcd4750000 - 0x00007ffcd476b000 	C:\Windows\system32\pnrpnsp.dll
0x00007ffcd4550000 - 0x00007ffcd4565000 	C:\Windows\system32\wshbth.dll
0x00007ffcee410000 - 0x00007ffcee42d000 	C:\Windows\system32\NLAapi.dll
0x00007ffcf1cc0000 - 0x00007ffcf1cfb000 	C:\Windows\SYSTEM32\IPHLPAPI.DLL
0x00007ffcf1d00000 - 0x00007ffcf1dca000 	C:\Windows\SYSTEM32\DNSAPI.dll
0x00007ffcf3380000 - 0x00007ffcf3388000 	C:\Windows\System32\NSI.dll
0x00007ffcd45c0000 - 0x00007ffcd45d2000 	C:\Windows\System32\winrnr.dll
0x00000000560c0000 - 0x00000000560e6000 	C:\Program Files\Bonjour\mdnsNSP.dll
0x00007ffce1c40000 - 0x00007ffce1c4a000 	C:\Windows\System32\rasadhlp.dll
0x00007ffcea030000 - 0x00007ffcea0b0000 	C:\Windows\System32\fwpuclnt.dll
0x00007ffcf3010000 - 0x00007ffcf3037000 	C:\Windows\System32\bcrypt.dll
0x00007ffcf2510000 - 0x00007ffcf2528000 	C:\Windows\SYSTEM32\CRYPTSP.dll
0x00007ffcf18f0000 - 0x00007ffcf1924000 	C:\Windows\system32\rsaenh.dll
0x00007ffcf2830000 - 0x00007ffcf285e000 	C:\Windows\SYSTEM32\USERENV.dll
0x00007ffcf2140000 - 0x00007ffcf214c000 	C:\Windows\SYSTEM32\CRYPTBASE.dll
0x00007ffcebac0000 - 0x00007ffcebad7000 	C:\Windows\SYSTEM32\dhcpcsvc6.DLL
0x00007ffcebda0000 - 0x00007ffcebdbd000 	C:\Windows\SYSTEM32\dhcpcsvc.DLL

dbghelp: loaded successfully - version: 4.0.5 - missing functions: none
symbol engine: initialized successfully - sym options: 0x614 - pdb path: .;c:\Users\User\.vscode\extensions\redhat.java-1.13.0-win32-x64\jre\17.0.5-win32-x86_64\bin;C:\Windows\SYSTEM32;C:\Program Files\AVG\Antivirus;C:\Windows\WinSxS\amd64_microsoft.windows.common-controls_6595b64144ccf1df_6.0.19041.1110_none_60b5254171f9507e;c:\Users\User\.vscode\extensions\redhat.java-1.13.0-win32-x64\jre\17.0.5-win32-x86_64\bin\server;C:\Program Files\Bonjour

VM Arguments:
jvm_args: -Dsts.lsp.client=vscode -Dsts.log.file=/dev/null -XX:TieredStopAtLevel=1 -Xlog:jni+resolve=off -Dspring.config.location=file:c:\Users\User\.vscode\extensions\pivotal.vscode-spring-boot-1.40.0\language-server\BOOT-INF\classes\application.properties 
java_command: org.springframework.ide.vscode.boot.app.BootLanguageServerBootApp
java_class_path (initial): c:\Users\User\.vscode\extensions\pivotal.vscode-spring-boot-1.40.0\language-server\BOOT-INF\classes;c:\Users\User\.vscode\extensions\pivotal.vscode-spring-boot-1.40.0\language-server\BOOT-INF\lib\annotations-23.0.0.jar;c:\Users\User\.vscode\extensions\pivotal.vscode-spring-boot-1.40.0\language-server\BOOT-INF\lib\ant-1.10.12.jar;c:\Users\User\.vscode\extensions\pivotal.vscode-spring-boot-1.40.0\language-server\BOOT-INF\lib\ant-launcher-1.10.12.jar;c:\Users\User\.vscode\extensions\pivotal.vscode-spring-boot-1.40.0\language-server\BOOT-INF\lib\antlr-runtime-3.5.2.jar;c:\Users\User\.vscode\extensions\pivotal.vscode-spring-boot-1.40.0\language-server\BOOT-INF\lib\antlr4-4.9.3.jar;c:\Users\User\.vscode\extensions\pivotal.vscode-spring-boot-1.40.0\language-server\BOOT-INF\lib\antlr4-runtime-4.9.3.jar;c:\Users\User\.vscode\extensions\pivotal.vscode-spring-boot-1.40.0\language-server\BOOT-INF\lib\asm-9.3.jar;c:\Users\User\.vscode\extensions\pivotal.vscode-spring-boot-1.40.0\language-server\BOOT-INF\lib\asm-analysis-9.3.jar;c:\Users\User\.vscode\extensions\pivotal.vscode-spring-boot-1.40.0\language-server\BOOT-INF\lib\asm-tree-9.3.jar;c:\Users\User\.vscode\extensions\pivotal.vscode-spring-boot-1.40.0\language-server\BOOT-INF\lib\asm-util-9.3.jar;c:\Users\User\.vscode\extensions\pivotal.vscode-spring-boot-1.40.0\language-server\BOOT-INF\lib\byte-buddy-1.12.13.jar;c:\Users\User\.vscode\extensions\pivotal.vscode-spring-boot-1.40.0\language-server\BOOT-INF\lib\caffeine-2.9.3.jar;c:\Users\User\.vscode\extensions\pivotal.vscode-spring-boot-1.40.0\language-server\BOOT-INF\lib\checker-qual-3.12.0.jar;c:\Users\User\.vscode\extensions\pivotal.vscode-spring-boot-1.40.0\language-server\BOOT-INF\lib\classgraph-4.8.149.jar;c:\Users\User\.vscode\extensions\pivotal.vscode-spring-boot-1.40.0\language-server\BOOT-INF\lib\commons-codec-1.15.jar;c:\Users\User\.vscode\extensions\pivotal.vscode-spring-boot-1.40.0\language-server\BOOT-INF\lib\commons-compress-1.21.jar;
Launcher Type: SUN_STANDARD

[Global flags]
     intx CICompilerCount                          = 3                                         {product} {ergonomic}
     uint ConcGCThreads                            = 1                                         {product} {ergonomic}
     uint G1ConcRefinementThreads                  = 4                                         {product} {ergonomic}
   size_t G1HeapRegionSize                         = 1048576                                   {product} {ergonomic}
    uintx GCDrainStackTargetSize                   = 64                                        {product} {ergonomic}
   size_t InitialHeapSize                          = 134217728                                 {product} {ergonomic}
   size_t MarkStackSize                            = 4194304                                   {product} {ergonomic}
   size_t MaxHeapSize                              = 2116026368                                {product} {ergonomic}
   size_t MaxNewSize                               = 1268776960                                {product} {ergonomic}
   size_t MinHeapDeltaBytes                        = 1048576                                   {product} {ergonomic}
   size_t MinHeapSize                              = 8388608                                   {product} {ergonomic}
    uintx NonProfiledCodeHeapSize                  = 0                                      {pd product} {ergonomic}
     bool ProfileInterpreter                       = false                                  {pd product} {command line}
    uintx ProfiledCodeHeapSize                     = 0                                      {pd product} {ergonomic}
   size_t SoftMaxHeapSize                          = 2116026368                             {manageable} {ergonomic}
     intx TieredStopAtLevel                        = 1                                         {product} {command line}
     bool UseCompressedClassPointers               = true                           {product lp64_product} {ergonomic}
     bool UseCompressedOops                        = true                           {product lp64_product} {ergonomic}
     bool UseG1GC                                  = true                                      {product} {ergonomic}
     bool UseLargePagesIndividualAllocation        = false                                  {pd product} {ergonomic}

Logging:
Log output configuration:
 #0: stdout all=warning,jni+resolve=off uptime,level,tags
 #1: stderr all=off uptime,level,tags

Environment Variables:
PATH=C:\Program Files\Java\jdk1.8.0_202\bin;C:\Program Files\Common Files\Oracle\Java\javapath;C:\Program Files (x86)\Common Files\Oracle\Java\javapath;C:\Python310\Scripts\;C:\Python310\;C:\Program Files\Java\jdk-17.0.1\bin;C:\Windows\system32;C:\Windows;C:\Windows\System32\Wbem;C:\Windows\System32\WindowsPowerShell\v1.0\;C:\Windows\System32\OpenSSH\;C:\Program Files\Java\jdk1.8.0_311\bin;C:\Program Files\Java\jdk-16.0.2;C:\gradle-7.3.1\bin;C:\Program Files\PostgreSQL\10\bin;C:\Program Files\Git\cmd;C:\MinGW\bin;C:\Program Files (x86)\Vim\vim82;C:\Users\User\Downloads\grupo-1-master-Entrega 1\Entrega 1;C:\ProgramData\chocolatey\bin;C:\Program Files\Docker\Docker\resources\bin;C:\ProgramData\DockerDesktop\version-bin;C:\gradle-7.5.1\bin;C:\Program Files\Java\jdk-16.0.2\bin;C:\Users\User\AppData\Roaming\nvm;C:\Program Files\nodejs;C:\Program Files\Java\jdk1.8.0_202\bin;C:\Program Files\MySQL\MySQL Shell 8.0\bin\;C:\Users\User\AppData\Local\Microsoft\WindowsApps;C:\Program Files\JetBrains\IntelliJ IDEA Community Edition 2021.2.3\bin;C:\john\run;C:\Program Files\JetBrains\IntelliJ IDEA 2021.3\bin;C:\Program Files\JetBrains\PyCharm 2021.3\bin;C:\Users\User\AppData\Local\GitHubDesktop\bin;C:\MinGW\bin;C:\Program Files (x86)\Vim\vim82;C:\Users\User\Downloads\grupo-1-master-Entrega 1\Entrega 1;C:\Users\User\AppData\Roaming\cabal\bin;C:\tools\ghc-9.2.3\bin;C:\tools\msys64;C:\ghcup\bin;C:\Users\User\AppData\Roaming\npm;C:\Users\User\AppData\Local\Programs\Microsoft VS Code\bin;C:\Users\User\apache-maven-3.8.6\bin;C:\Program Files\Java\jdk-18.0.2.1\bin;C:\Program Files\Java\jdk-17.0.4.1\bin;C:\gradle-7.5.1\bin;C:\Program Files\JetBrains\PyCharm 2022.2.3\bin;;C:\Program Files\JetBrains\PyCharm Community Edition 2022.2.3\bin;;C:\Program Files\JetBrains\IntelliJ IDEA 2022.2.3\bin;;C:\Program Files\Java\jdk-16.0.2\bin;C:\Program Files\JetBrains\CLion 2022.2.4\bin;;C:\Users\User\AppData\Roaming\nvm;C:\Program Files\nodejs
USERNAME=User
OS=Windows_NT
PROCESSOR_IDENTIFIER=Intel64 Family 6 Model 142 Stepping 9, GenuineIntel
TMP=C:\Users\User\AppData\Local\Temp
TEMP=C:\Users\User\AppData\Local\Temp



---------------  S Y S T E M  ---------------

OS:
 Windows 10 , 64 bit Build 19041 (10.0.19041.2251)
OS uptime: 0 days 2:55 hours
Hyper-V role detected

CPU: total 4 (initial active 4) (2 cores per cpu, 2 threads per core) family 6 model 142 stepping 9 microcode 0xb4, cx8, cmov, fxsr, ht, mmx, 3dnowpref, sse, sse2, sse3, ssse3, sse4.1, sse4.2, popcnt, lzcnt, tsc, tscinvbit, avx, avx2, aes, erms, clmul, bmi1, bmi2, adx, fma, vzeroupper, clflush, clflushopt, hv

Memory: 4k page, system-wide physical 8067M (384M free)
TotalPageFile size 16259M (AvailPageFile size 10M)
current process WorkingSet (physical memory assigned to process): 69M, peak: 704M
current process commit charge ("private bytes"): 236M, peak: 821M

vm_info: OpenJDK 64-Bit Server VM (17.0.5+8) for windows-amd64 JRE (17.0.5+8), built on Oct 19 2022 04:48:13 by "temurin" with MS VC++ 16.7 (VS2019)

END.
