#
# There is insufficient memory for the Java Runtime Environment to continue.
# Native memory allocation (mmap) failed to map 62914560 bytes for G1 virtual space
# Possible reasons:
#   The system is out of physical RAM or swap space
#   The process is running with CompressedOops enabled, and the Java Heap may be blocking the growth of the native heap
# Possible solutions:
#   Reduce memory load on the system
#   Increase physical memory or swap space
#   Check if swap backing store is full
#   Decrease Java heap size (-Xmx/-Xms)
#   Decrease number of Java threads
#   Decrease Java thread stack sizes (-Xss)
#   Set larger code cache with -XX:ReservedCodeCacheSize=
#   JVM is running with Unscaled Compressed Oops mode in which the Java heap is
#     placed in the first 4GB address space. The Java Heap base address is the
#     maximum limit for the native heap growth. Please use -XX:HeapBaseMinAddress
#     to set the Java Heap base and to place the Java Heap above 4GB virtual address.
# This output file may be truncated or incomplete.
#
#  Out of Memory Error (os_windows.cpp:3548), pid=2616, tid=3696
#
# JRE version: OpenJDK Runtime Environment Temurin-17.0.5+8 (17.0.5+8) (build 17.0.5+8)
# Java VM: OpenJDK 64-Bit Server VM Temurin-17.0.5+8 (17.0.5+8, mixed mode, emulated-client, tiered, compressed oops, compressed class ptrs, g1 gc, windows-amd64)
# No core dump will be written. Minidumps are not enabled by default on client versions of Windows
#

---------------  S U M M A R Y ------------

Command Line: -Dsts.lsp.client=vscode -Dsts.log.file=/dev/null -XX:TieredStopAtLevel=1 -Xlog:jni+resolve=off -Dspring.config.location=file:c:\Users\User\.vscode\extensions\pivotal.vscode-spring-boot-1.40.0\language-server\BOOT-INF\classes\application.properties org.springframework.ide.vscode.boot.app.BootLanguageServerBootApp

Host: Intel(R) Core(TM) i5-7200U CPU @ 2.50GHz, 4 cores, 7G,  Windows 10 , 64 bit Build 19041 (10.0.19041.2251)
Time: Tue Dec  6 11:30:10 2022 Hora oficial do Brasil elapsed time: 7.277458 seconds (0d 0h 0m 7s)

---------------  T H R E A D  ---------------

Current thread (0x000001232fd9a2b0):  VMThread "VM Thread" [stack: 0x0000000b42a00000,0x0000000b42b00000] [id=3696]

Stack: [0x0000000b42a00000,0x0000000b42b00000]
Native frames: (J=compiled Java code, j=interpreted, Vv=VM code, C=native code)
V  [jvm.dll+0x676b3a]
V  [jvm.dll+0x831444]
V  [jvm.dll+0x832bee]
V  [jvm.dll+0x833253]
V  [jvm.dll+0x244ce5]
V  [jvm.dll+0x673a49]
V  [jvm.dll+0x66811a]
V  [jvm.dll+0x303ceb]
V  [jvm.dll+0x30b1e6]
V  [jvm.dll+0x35adbe]
V  [jvm.dll+0x35afef]
V  [jvm.dll+0x2dab88]
V  [jvm.dll+0x2d8e3c]
V  [jvm.dll+0x2d840c]
V  [jvm.dll+0x31c31b]
V  [jvm.dll+0x8376fb]
V  [jvm.dll+0x838434]
V  [jvm.dll+0x83894c]
V  [jvm.dll+0x838d24]
V  [jvm.dll+0x838df0]
V  [jvm.dll+0x7e17ea]
V  [jvm.dll+0x6759e5]
C  [ucrtbase.dll+0x21bb2]
C  [KERNEL32.DLL+0x174b4]
C  [ntdll.dll+0x526a1]

VM_Operation (0x0000000b446fdcb0): G1CollectForAllocation, mode: safepoint, requested by thread 0x0000012331130770


---------------  P R O C E S S  ---------------

Threads class SMR info:
_java_thread_list=0x00000123329f8650, length=31, elements={
0x000001232fdb0730, 0x000001232fdb29e0, 0x000001232fdd8c20, 0x000001232fdda260,
0x000001232fddafc0, 0x000001232fddb580, 0x000001232fddd2b0, 0x000001233080e840,
0x000001233091fca0, 0x0000012330a164d0, 0x0000012330a1aed0, 0x0000012330a279a0,
0x0000012332617030, 0x0000012332806910, 0x00000123328a2040, 0x000001232332d9b0,
0x000001233230e750, 0x0000012332911f70, 0x0000012332913450, 0x00000123329e5010,
0x00000123329e54e0, 0x000001233112ea90, 0x000001233112f900, 0x000001233112fdd0,
0x0000012331130770, 0x0000012331130c40, 0x0000012331131110, 0x0000012331131ab0,
0x000001233112e5c0, 0x00000123311315e0, 0x00000123311302a0
}

Java Threads: ( => current thread )
  0x000001232fdb0730 JavaThread "Reference Handler" daemon [_thread_blocked, id=17084, stack(0x0000000b42b00000,0x0000000b42c00000)]
  0x000001232fdb29e0 JavaThread "Finalizer" daemon [_thread_blocked, id=15664, stack(0x0000000b42c00000,0x0000000b42d00000)]
  0x000001232fdd8c20 JavaThread "Signal Dispatcher" daemon [_thread_blocked, id=16608, stack(0x0000000b42d00000,0x0000000b42e00000)]
  0x000001232fdda260 JavaThread "Attach Listener" daemon [_thread_blocked, id=14632, stack(0x0000000b42e00000,0x0000000b42f00000)]
  0x000001232fddafc0 JavaThread "Service Thread" daemon [_thread_blocked, id=16996, stack(0x0000000b42f00000,0x0000000b43000000)]
  0x000001232fddb580 JavaThread "Monitor Deflation Thread" daemon [_thread_blocked, id=13360, stack(0x0000000b43000000,0x0000000b43100000)]
  0x000001232fddd2b0 JavaThread "C1 CompilerThread0" daemon [_thread_blocked, id=15728, stack(0x0000000b43100000,0x0000000b43200000)]
  0x000001233080e840 JavaThread "Sweeper thread" daemon [_thread_blocked, id=4784, stack(0x0000000b43200000,0x0000000b43300000)]
  0x000001233091fca0 JavaThread "C1 CompilerThread1" daemon [_thread_blocked, id=11952, stack(0x0000000b43300000,0x0000000b43400000)]
  0x0000012330a164d0 JavaThread "C1 CompilerThread2" daemon [_thread_blocked, id=11104, stack(0x0000000b43400000,0x0000000b43500000)]
  0x0000012330a1aed0 JavaThread "Notification Thread" daemon [_thread_blocked, id=6112, stack(0x0000000b43500000,0x0000000b43600000)]
  0x0000012330a279a0 JavaThread "Common-Cleaner" daemon [_thread_blocked, id=13436, stack(0x0000000b43700000,0x0000000b43800000)]
  0x0000012332617030 JavaThread "boundedElastic-evictor-1" daemon [_thread_blocked, id=5264, stack(0x0000000b43b00000,0x0000000b43c00000)]
  0x0000012332806910 JavaThread "pool-9-thread-1" [_thread_blocked, id=16020, stack(0x0000000b43c00000,0x0000000b43d00000)]
  0x00000123328a2040 JavaThread "LanguageServerApp-lifecycle" [_thread_blocked, id=15128, stack(0x0000000b43d00000,0x0000000b43e00000)]
  0x000001232332d9b0 JavaThread "DestroyJavaVM" [_thread_blocked, id=3804, stack(0x0000000b42400000,0x0000000b42500000)]
  0x000001233230e750 JavaThread "pool-10-thread-1" [_thread_in_native, id=9832, stack(0x0000000b43e00000,0x0000000b43f00000)]
  0x0000012332911f70 JavaThread "Simple-Language-Server main thread" daemon [_thread_blocked, id=12900, stack(0x0000000b43f00000,0x0000000b44000000)]
  0x0000012332913450 JavaThread "ForkJoinPool.commonPool-worker-1" daemon [_thread_blocked, id=4216, stack(0x0000000b44000000,0x0000000b44100000)]
  0x00000123329e5010 JavaThread "ClassGraph-worker-0" daemon [_thread_blocked, id=6672, stack(0x0000000b44100000,0x0000000b44200000)]
  0x00000123329e54e0 JavaThread "ClassGraph-worker-1" daemon [_thread_blocked, id=236, stack(0x0000000b44200000,0x0000000b44300000)]
  0x000001233112ea90 JavaThread "ClassGraph-worker-2" daemon [_thread_blocked, id=7844, stack(0x0000000b44300000,0x0000000b44400000)]
  0x000001233112f900 JavaThread "ClassGraph-worker-3" daemon [_thread_blocked, id=17308, stack(0x0000000b44400000,0x0000000b44500000)]
  0x000001233112fdd0 JavaThread "ClassGraph-worker-4" daemon [_thread_blocked, id=11988, stack(0x0000000b44500000,0x0000000b44600000)]
  0x0000012331130770 JavaThread "ClassGraph-worker-5" daemon [_thread_blocked, id=4964, stack(0x0000000b44600000,0x0000000b44700000)]
  0x0000012331130c40 JavaThread "ClassGraph-worker-6" daemon [_thread_blocked, id=15112, stack(0x0000000b44700000,0x0000000b44800000)]
  0x0000012331131110 JavaThread "ClassGraph-worker-7" daemon [_thread_blocked, id=4376, stack(0x0000000b44800000,0x0000000b44900000)]
  0x0000012331131ab0 JavaThread "parallel-1" daemon [_thread_blocked, id=12972, stack(0x0000000b44900000,0x0000000b44a00000)]
  0x000001233112e5c0 JavaThread "pool-5-thread-1" [_thread_blocked, id=12784, stack(0x0000000b44c00000,0x0000000b44d00000)]
  0x00000123311315e0 JavaThread "parallel-2" daemon [_thread_blocked, id=12744, stack(0x0000000b44d00000,0x0000000b44e00000)]
  0x00000123311302a0 JavaThread "Project-Reconciler-1" daemon [_thread_blocked, id=5528, stack(0x0000000b44e00000,0x0000000b44f00000)]

Other Threads:
=>0x000001232fd9a2b0 VMThread "VM Thread" [stack: 0x0000000b42a00000,0x0000000b42b00000] [id=3696]
  0x0000012330a1d3b0 WatcherThread [stack: 0x0000000b43600000,0x0000000b43700000] [id=12436]
  0x0000012323385870 GCTaskThread "GC Thread#0" [stack: 0x0000000b42500000,0x0000000b42600000] [id=4124]
  0x000001233123f4b0 GCTaskThread "GC Thread#1" [stack: 0x0000000b43800000,0x0000000b43900000] [id=14080]
  0x000001233123f760 GCTaskThread "GC Thread#2" [stack: 0x0000000b43900000,0x0000000b43a00000] [id=13960]
  0x00000123312fdaa0 GCTaskThread "GC Thread#3" [stack: 0x0000000b43a00000,0x0000000b43b00000] [id=14284]
  0x00000123233963f0 ConcurrentGCThread "G1 Main Marker" [stack: 0x0000000b42600000,0x0000000b42700000] [id=15968]
  0x0000012323396e00 ConcurrentGCThread "G1 Conc#0" [stack: 0x0000000b42700000,0x0000000b42800000] [id=16528]
  0x00000123233ee300 ConcurrentGCThread "G1 Refine#0" [stack: 0x0000000b42800000,0x0000000b42900000] [id=17068]
  0x00000123328e1a80 ConcurrentGCThread "G1 Refine#1" [stack: 0x0000000b44a00000,0x0000000b44b00000] [id=16536]
  0x0000012334640230 ConcurrentGCThread "G1 Refine#2" [stack: 0x0000000b44b00000,0x0000000b44c00000] [id=8652]
  0x00000123233eeb10 ConcurrentGCThread "G1 Service" [stack: 0x0000000b42900000,0x0000000b42a00000] [id=16100]

Threads with active compile tasks:

VM state: at safepoint (normal execution)

VM Mutex/Monitor currently owned by a thread:  ([mutex/lock_event])
[0x000001232113bea0] Threads_lock - owner thread: 0x000001232fd9a2b0
[0x000001232113c170] Heap_lock - owner thread: 0x0000012331130770

Heap address: 0x0000000081e00000, size: 2018 MB, Compressed Oops mode: 32-bit

CDS archive(s) not mapped
Compressed class space mapped at: 0x0000000100000000-0x0000000140000000, reserved size: 1073741824
Narrow klass base: 0x0000000000000000, Narrow klass shift: 3, Narrow klass range: 0x140000000

GC Precious Log:
 CPUs: 4 total, 4 available
 Memory: 8067M
 Large Page Support: Disabled
 NUMA Support: Disabled
 Compressed Oops: Enabled (32-bit)
 Heap Region Size: 1M
 Heap Min Capacity: 8M
 Heap Initial Capacity: 128M
 Heap Max Capacity: 2018M
 Pre-touch: Disabled
 Parallel Workers: 4
 Concurrent Workers: 1
 Concurrent Refinement Workers: 4
 Periodic GC: Disabled

Heap:
 garbage-first heap   total 134144K, used 71942K [0x0000000081e00000, 0x0000000100000000)
  region size 1024K, 3 young (3072K), 3 survivors (3072K)
 Metaspace       used 38881K, committed 39232K, reserved 1089536K
  class space    used 4917K, committed 5056K, reserved 1048576K

Heap Regions: E=young(eden), S=young(survivor), O=old, HS=humongous(starts), HC=humongous(continues), CS=collection set, F=free, OA=open archive, CA=closed archive, TAMS=top-at-mark-start (previous, next)
|   0|0x0000000081e00000, 0x0000000081f00000, 0x0000000081f00000|100%| O|  |TAMS 0x0000000081f00000, 0x0000000081f00000| Untracked 
|   1|0x0000000081f00000, 0x0000000082000000, 0x0000000082000000|100%| O|  |TAMS 0x0000000082000000, 0x0000000082000000| Untracked 
|   2|0x0000000082000000, 0x0000000082100000, 0x0000000082100000|100%| O|  |TAMS 0x0000000082100000, 0x0000000082100000| Untracked 
|   3|0x0000000082100000, 0x0000000082200000, 0x0000000082200000|100%| O|  |TAMS 0x0000000082200000, 0x0000000082200000| Untracked 
|   4|0x0000000082200000, 0x0000000082300000, 0x0000000082300000|100%| O|  |TAMS 0x0000000082300000, 0x0000000082300000| Untracked 
|   5|0x0000000082300000, 0x0000000082400000, 0x0000000082400000|100%| O|  |TAMS 0x0000000082400000, 0x0000000082400000| Untracked 
|   6|0x0000000082400000, 0x0000000082500000, 0x0000000082500000|100%| O|  |TAMS 0x0000000082500000, 0x0000000082500000| Untracked 
|   7|0x0000000082500000, 0x0000000082600000, 0x0000000082600000|100%| O|  |TAMS 0x0000000082600000, 0x0000000082600000| Untracked 
|   8|0x0000000082600000, 0x0000000082700000, 0x0000000082700000|100%| O|  |TAMS 0x0000000082700000, 0x0000000082700000| Untracked 
|   9|0x0000000082700000, 0x0000000082800000, 0x0000000082800000|100%| O|  |TAMS 0x0000000082800000, 0x0000000082800000| Untracked 
|  10|0x0000000082800000, 0x0000000082900000, 0x0000000082900000|100%| O|  |TAMS 0x0000000082900000, 0x0000000082900000| Untracked 
|  11|0x0000000082900000, 0x0000000082a00000, 0x0000000082a00000|100%| O|  |TAMS 0x0000000082a00000, 0x0000000082a00000| Untracked 
|  12|0x0000000082a00000, 0x0000000082b00000, 0x0000000082b00000|100%| O|  |TAMS 0x0000000082b00000, 0x0000000082b00000| Untracked 
|  13|0x0000000082b00000, 0x0000000082c00000, 0x0000000082c00000|100%| O|  |TAMS 0x0000000082c00000, 0x0000000082c00000| Untracked 
|  14|0x0000000082c00000, 0x0000000082d00000, 0x0000000082d00000|100%| O|  |TAMS 0x0000000082d00000, 0x0000000082d00000| Untracked 
|  15|0x0000000082d00000, 0x0000000082e00000, 0x0000000082e00000|100%| O|  |TAMS 0x0000000082e00000, 0x0000000082e00000| Untracked 
|  16|0x0000000082e00000, 0x0000000082f00000, 0x0000000082f00000|100%| O|  |TAMS 0x0000000082f00000, 0x0000000082f00000| Untracked 
|  17|0x0000000082f00000, 0x0000000083000000, 0x0000000083000000|100%| O|  |TAMS 0x0000000083000000, 0x0000000083000000| Untracked 
|  18|0x0000000083000000, 0x0000000083100000, 0x0000000083100000|100%| O|  |TAMS 0x0000000083100000, 0x0000000083100000| Untracked 
|  19|0x0000000083100000, 0x0000000083200000, 0x0000000083200000|100%| O|  |TAMS 0x0000000083200000, 0x0000000083200000| Untracked 
|  20|0x0000000083200000, 0x0000000083300000, 0x0000000083300000|100%| O|  |TAMS 0x0000000083300000, 0x0000000083300000| Untracked 
|  21|0x0000000083300000, 0x0000000083400000, 0x0000000083400000|100%| O|  |TAMS 0x0000000083400000, 0x0000000083400000| Untracked 
|  22|0x0000000083400000, 0x0000000083500000, 0x0000000083500000|100%| O|  |TAMS 0x0000000083500000, 0x0000000083500000| Untracked 
|  23|0x0000000083500000, 0x0000000083600000, 0x0000000083600000|100%| O|  |TAMS 0x0000000083600000, 0x0000000083600000| Untracked 
|  24|0x0000000083600000, 0x0000000083700000, 0x0000000083700000|100%| O|  |TAMS 0x0000000083700000, 0x0000000083700000| Untracked 
|  25|0x0000000083700000, 0x0000000083800000, 0x0000000083800000|100%| O|  |TAMS 0x0000000083800000, 0x0000000083800000| Untracked 
|  26|0x0000000083800000, 0x0000000083900000, 0x0000000083900000|100%| O|  |TAMS 0x0000000083900000, 0x0000000083900000| Untracked 
|  27|0x0000000083900000, 0x0000000083a00000, 0x0000000083a00000|100%| O|  |TAMS 0x00000000839fcc00, 0x0000000083a00000| Untracked 
|  28|0x0000000083a00000, 0x0000000083b00000, 0x0000000083b00000|100%| O|  |TAMS 0x0000000083a00000, 0x0000000083b00000| Untracked 
|  29|0x0000000083b00000, 0x0000000083c00000, 0x0000000083c00000|100%| O|  |TAMS 0x0000000083b00000, 0x0000000083c00000| Untracked 
|  30|0x0000000083c00000, 0x0000000083d00000, 0x0000000083d00000|100%| O|  |TAMS 0x0000000083c00000, 0x0000000083d00000| Untracked 
|  31|0x0000000083d00000, 0x0000000083e00000, 0x0000000083e00000|100%| O|  |TAMS 0x0000000083d00000, 0x0000000083e00000| Untracked 
|  32|0x0000000083e00000, 0x0000000083f00000, 0x0000000083f00000|100%| O|  |TAMS 0x0000000083e00000, 0x0000000083f00000| Untracked 
|  33|0x0000000083f00000, 0x0000000084000000, 0x0000000084000000|100%| O|  |TAMS 0x0000000083f00000, 0x0000000084000000| Untracked 
|  34|0x0000000084000000, 0x0000000084100000, 0x0000000084100000|100%|HS|  |TAMS 0x0000000084000000, 0x0000000084100000| Complete 
|  35|0x0000000084100000, 0x0000000084200000, 0x0000000084200000|100%| O|  |TAMS 0x0000000084100000, 0x0000000084200000| Untracked 
|  36|0x0000000084200000, 0x0000000084300000, 0x0000000084300000|100%| O|  |TAMS 0x0000000084200000, 0x0000000084300000| Untracked 
|  37|0x0000000084300000, 0x0000000084400000, 0x0000000084400000|100%| O|  |TAMS 0x0000000084300000, 0x0000000084400000| Untracked 
|  38|0x0000000084400000, 0x0000000084500000, 0x0000000084500000|100%| O|  |TAMS 0x0000000084400000, 0x0000000084500000| Untracked 
|  39|0x0000000084500000, 0x0000000084600000, 0x0000000084600000|100%| O|  |TAMS 0x0000000084500000, 0x0000000084600000| Untracked 
|  40|0x0000000084600000, 0x0000000084700000, 0x0000000084700000|100%| O|  |TAMS 0x0000000084600000, 0x0000000084700000| Untracked 
|  41|0x0000000084700000, 0x0000000084800000, 0x0000000084800000|100%| O|  |TAMS 0x0000000084700000, 0x0000000084800000| Untracked 
|  42|0x0000000084800000, 0x0000000084900000, 0x0000000084900000|100%| O|  |TAMS 0x0000000084800000, 0x0000000084900000| Untracked 
|  43|0x0000000084900000, 0x0000000084a00000, 0x0000000084a00000|100%| O|  |TAMS 0x0000000084900000, 0x0000000084a00000| Untracked 
|  44|0x0000000084a00000, 0x0000000084b00000, 0x0000000084b00000|100%|HS|  |TAMS 0x0000000084a00000, 0x0000000084b00000| Complete 
|  45|0x0000000084b00000, 0x0000000084c00000, 0x0000000084c00000|100%| O|  |TAMS 0x0000000084b00000, 0x0000000084c00000| Untracked 
|  46|0x0000000084c00000, 0x0000000084d00000, 0x0000000084d00000|100%| O|  |TAMS 0x0000000084c00000, 0x0000000084d00000| Untracked 
|  47|0x0000000084d00000, 0x0000000084e00000, 0x0000000084e00000|100%| O|  |TAMS 0x0000000084d00000, 0x0000000084e00000| Untracked 
|  48|0x0000000084e00000, 0x0000000084f00000, 0x0000000084f00000|100%| O|  |TAMS 0x0000000084e00000, 0x0000000084f00000| Untracked 
|  49|0x0000000084f00000, 0x0000000085000000, 0x0000000085000000|100%| O|  |TAMS 0x0000000084f00000, 0x0000000085000000| Untracked 
|  50|0x0000000085000000, 0x0000000085100000, 0x0000000085100000|100%| O|  |TAMS 0x0000000085000000, 0x0000000085100000| Untracked 
|  51|0x0000000085100000, 0x0000000085200000, 0x0000000085200000|100%| O|  |TAMS 0x0000000085100000, 0x0000000085200000| Untracked 
|  52|0x0000000085200000, 0x0000000085300000, 0x0000000085300000|100%| O|  |TAMS 0x0000000085200000, 0x0000000085300000| Untracked 
|  53|0x0000000085300000, 0x0000000085400000, 0x0000000085400000|100%| O|  |TAMS 0x0000000085300000, 0x0000000085400000| Untracked 
|  54|0x0000000085400000, 0x0000000085500000, 0x0000000085500000|100%| O|  |TAMS 0x0000000085400000, 0x0000000085500000| Untracked 
|  55|0x0000000085500000, 0x0000000085600000, 0x0000000085600000|100%| O|  |TAMS 0x0000000085500000, 0x0000000085600000| Untracked 
|  56|0x0000000085600000, 0x0000000085700000, 0x0000000085700000|100%| O|  |TAMS 0x0000000085600000, 0x0000000085700000| Untracked 
|  57|0x0000000085700000, 0x0000000085800000, 0x0000000085800000|100%| O|  |TAMS 0x0000000085700000, 0x0000000085800000| Untracked 
|  58|0x0000000085800000, 0x0000000085900000, 0x0000000085900000|100%| O|  |TAMS 0x0000000085800000, 0x00000000858ef800| Untracked 
|  59|0x0000000085900000, 0x0000000085a00000, 0x0000000085a00000|100%| O|  |TAMS 0x0000000085900000, 0x0000000085900000| Untracked 
|  60|0x0000000085a00000, 0x0000000085b00000, 0x0000000085b00000|100%| O|  |TAMS 0x0000000085a00000, 0x0000000085a00000| Untracked 
|  61|0x0000000085b00000, 0x0000000085c00000, 0x0000000085c00000|100%| O|  |TAMS 0x0000000085b00000, 0x0000000085b00000| Untracked 
|  62|0x0000000085c00000, 0x0000000085d00000, 0x0000000085d00000|100%| O|  |TAMS 0x0000000085c00000, 0x0000000085c00000| Untracked 
|  63|0x0000000085d00000, 0x0000000085e00000, 0x0000000085e00000|100%| O|  |TAMS 0x0000000085d00000, 0x0000000085d00000| Untracked 
|  64|0x0000000085e00000, 0x0000000085f00000, 0x0000000085f00000|100%| O|  |TAMS 0x0000000085e00000, 0x0000000085e00000| Untracked 
|  65|0x0000000085f00000, 0x0000000086000000, 0x0000000086000000|100%| O|  |TAMS 0x0000000085f00000, 0x0000000085f00000| Untracked 
|  66|0x0000000086000000, 0x0000000086100000, 0x0000000086100000|100%| O|  |TAMS 0x0000000086000000, 0x0000000086000000| Untracked 
|  67|0x0000000086100000, 0x000000008615f800, 0x0000000086200000| 37%| O|  |TAMS 0x0000000086100000, 0x0000000086100000| Untracked 
|  68|0x0000000086200000, 0x0000000086200000, 0x0000000086300000|  0%| F|  |TAMS 0x0000000086200000, 0x0000000086200000| Untracked 
|  69|0x0000000086300000, 0x0000000086300000, 0x0000000086400000|  0%| F|  |TAMS 0x0000000086300000, 0x0000000086300000| Untracked 
|  70|0x0000000086400000, 0x0000000086400000, 0x0000000086500000|  0%| F|  |TAMS 0x0000000086400000, 0x0000000086400000| Untracked 
|  71|0x0000000086500000, 0x0000000086500000, 0x0000000086600000|  0%| F|  |TAMS 0x0000000086500000, 0x0000000086500000| Untracked 
|  72|0x0000000086600000, 0x0000000086600000, 0x0000000086700000|  0%| F|  |TAMS 0x0000000086600000, 0x0000000086600000| Untracked 
|  73|0x0000000086700000, 0x0000000086700000, 0x0000000086800000|  0%| F|  |TAMS 0x0000000086700000, 0x0000000086700000| Untracked 
|  74|0x0000000086800000, 0x0000000086800000, 0x0000000086900000|  0%| F|  |TAMS 0x0000000086800000, 0x0000000086800000| Untracked 
|  75|0x0000000086900000, 0x0000000086900000, 0x0000000086a00000|  0%| F|  |TAMS 0x0000000086900000, 0x0000000086900000| Untracked 
|  76|0x0000000086a00000, 0x0000000086a00000, 0x0000000086b00000|  0%| F|  |TAMS 0x0000000086a00000, 0x0000000086a00000| Untracked 
|  77|0x0000000086b00000, 0x0000000086b00000, 0x0000000086c00000|  0%| F|  |TAMS 0x0000000086b00000, 0x0000000086b00000| Untracked 
|  78|0x0000000086c00000, 0x0000000086c00000, 0x0000000086d00000|  0%| F|  |TAMS 0x0000000086c00000, 0x0000000086c00000| Untracked 
|  79|0x0000000086d00000, 0x0000000086d00000, 0x0000000086e00000|  0%| F|  |TAMS 0x0000000086d00000, 0x0000000086d00000| Untracked 
|  80|0x0000000086e00000, 0x0000000086e00000, 0x0000000086f00000|  0%| F|  |TAMS 0x0000000086e00000, 0x0000000086e00000| Untracked 
|  81|0x0000000086f00000, 0x0000000086f00000, 0x0000000087000000|  0%| F|  |TAMS 0x0000000086f00000, 0x0000000086f00000| Untracked 
|  82|0x0000000087000000, 0x0000000087000000, 0x0000000087100000|  0%| F|  |TAMS 0x0000000087000000, 0x0000000087000000| Untracked 
|  83|0x0000000087100000, 0x0000000087100000, 0x0000000087200000|  0%| F|  |TAMS 0x0000000087100000, 0x0000000087100000| Untracked 
|  84|0x0000000087200000, 0x0000000087200000, 0x0000000087300000|  0%| F|  |TAMS 0x0000000087200000, 0x0000000087200000| Untracked 
|  85|0x0000000087300000, 0x0000000087300000, 0x0000000087400000|  0%| F|  |TAMS 0x0000000087300000, 0x0000000087300000| Untracked 
|  86|0x0000000087400000, 0x0000000087400000, 0x0000000087500000|  0%| F|  |TAMS 0x0000000087400000, 0x0000000087400000| Untracked 
|  87|0x0000000087500000, 0x0000000087500000, 0x0000000087600000|  0%| F|  |TAMS 0x0000000087500000, 0x0000000087500000| Untracked 
|  88|0x0000000087600000, 0x0000000087600000, 0x0000000087700000|  0%| F|  |TAMS 0x0000000087600000, 0x0000000087600000| Untracked 
|  89|0x0000000087700000, 0x0000000087700000, 0x0000000087800000|  0%| F|  |TAMS 0x0000000087700000, 0x0000000087700000| Untracked 
|  90|0x0000000087800000, 0x0000000087800000, 0x0000000087900000|  0%| F|  |TAMS 0x0000000087800000, 0x0000000087800000| Untracked 
|  91|0x0000000087900000, 0x0000000087900000, 0x0000000087a00000|  0%| F|  |TAMS 0x0000000087900000, 0x0000000087900000| Untracked 
|  92|0x0000000087a00000, 0x0000000087ae2338, 0x0000000087b00000| 88%| S|CS|TAMS 0x0000000087a00000, 0x0000000087a00000| Complete 
|  93|0x0000000087b00000, 0x0000000087c00000, 0x0000000087c00000|100%| S|CS|TAMS 0x0000000087b00000, 0x0000000087b00000| Complete 
|  94|0x0000000087c00000, 0x0000000087c00000, 0x0000000087d00000|  0%| F|  |TAMS 0x0000000087c00000, 0x0000000087c00000| Untracked 
|  95|0x0000000087d00000, 0x0000000087d00000, 0x0000000087e00000|  0%| F|  |TAMS 0x0000000087d00000, 0x0000000087d00000| Untracked 
|  96|0x0000000087e00000, 0x0000000087e00000, 0x0000000087f00000|  0%| F|  |TAMS 0x0000000087e00000, 0x0000000087e00000| Untracked 
|  97|0x0000000087f00000, 0x0000000088000000, 0x0000000088000000|100%| S|CS|TAMS 0x0000000087f00000, 0x0000000087f00000| Complete 
|  98|0x0000000088000000, 0x0000000088000000, 0x0000000088100000|  0%| F|  |TAMS 0x0000000088000000, 0x0000000088000000| Untracked 
|  99|0x0000000088100000, 0x0000000088100000, 0x0000000088200000|  0%| F|  |TAMS 0x0000000088100000, 0x0000000088100000| Untracked 
| 100|0x0000000088200000, 0x0000000088200000, 0x0000000088300000|  0%| F|  |TAMS 0x0000000088200000, 0x0000000088200000| Untracked 
| 101|0x0000000088300000, 0x0000000088300000, 0x0000000088400000|  0%| F|  |TAMS 0x0000000088300000, 0x0000000088300000| Untracked 
| 102|0x0000000088400000, 0x0000000088400000, 0x0000000088500000|  0%| F|  |TAMS 0x0000000088400000, 0x0000000088400000| Untracked 
| 103|0x0000000088500000, 0x0000000088500000, 0x0000000088600000|  0%| F|  |TAMS 0x0000000088500000, 0x0000000088500000| Untracked 
| 104|0x0000000088600000, 0x0000000088600000, 0x0000000088700000|  0%| F|  |TAMS 0x0000000088600000, 0x0000000088600000| Untracked 
| 105|0x0000000088700000, 0x0000000088700000, 0x0000000088800000|  0%| F|  |TAMS 0x0000000088700000, 0x0000000088700000| Untracked 
| 106|0x0000000088800000, 0x0000000088800000, 0x0000000088900000|  0%| F|  |TAMS 0x0000000088800000, 0x0000000088800000| Untracked 
| 107|0x0000000088900000, 0x0000000088900000, 0x0000000088a00000|  0%| F|  |TAMS 0x0000000088900000, 0x0000000088900000| Untracked 
| 108|0x0000000088a00000, 0x0000000088a00000, 0x0000000088b00000|  0%| F|  |TAMS 0x0000000088a00000, 0x0000000088a00000| Untracked 
| 109|0x0000000088b00000, 0x0000000088b00000, 0x0000000088c00000|  0%| F|  |TAMS 0x0000000088b00000, 0x0000000088b00000| Untracked 
| 110|0x0000000088c00000, 0x0000000088c00000, 0x0000000088d00000|  0%| F|  |TAMS 0x0000000088c00000, 0x0000000088c00000| Untracked 
| 111|0x0000000088d00000, 0x0000000088d00000, 0x0000000088e00000|  0%| F|  |TAMS 0x0000000088d00000, 0x0000000088d00000| Untracked 
| 112|0x0000000088e00000, 0x0000000088e00000, 0x0000000088f00000|  0%| F|  |TAMS 0x0000000088e00000, 0x0000000088e00000| Untracked 
| 113|0x0000000088f00000, 0x0000000088f00000, 0x0000000089000000|  0%| F|  |TAMS 0x0000000088f00000, 0x0000000088f00000| Untracked 
| 114|0x0000000089000000, 0x0000000089000000, 0x0000000089100000|  0%| F|  |TAMS 0x0000000089000000, 0x0000000089000000| Untracked 
| 115|0x0000000089100000, 0x0000000089100000, 0x0000000089200000|  0%| F|  |TAMS 0x0000000089100000, 0x0000000089100000| Untracked 
| 116|0x0000000089200000, 0x0000000089200000, 0x0000000089300000|  0%| F|  |TAMS 0x0000000089200000, 0x0000000089200000| Untracked 
| 117|0x0000000089300000, 0x0000000089300000, 0x0000000089400000|  0%| F|  |TAMS 0x0000000089300000, 0x0000000089300000| Untracked 
| 118|0x0000000089400000, 0x0000000089400000, 0x0000000089500000|  0%| F|  |TAMS 0x0000000089400000, 0x0000000089400000| Untracked 
| 119|0x0000000089500000, 0x0000000089500000, 0x0000000089600000|  0%| F|  |TAMS 0x0000000089500000, 0x0000000089500000| Untracked 
| 120|0x0000000089600000, 0x0000000089600000, 0x0000000089700000|  0%| F|  |TAMS 0x0000000089600000, 0x0000000089600000| Untracked 
| 121|0x0000000089700000, 0x0000000089700000, 0x0000000089800000|  0%| F|  |TAMS 0x0000000089700000, 0x0000000089700000| Untracked 
| 122|0x0000000089800000, 0x0000000089800000, 0x0000000089900000|  0%| F|  |TAMS 0x0000000089800000, 0x0000000089800000| Untracked 
| 123|0x0000000089900000, 0x0000000089900000, 0x0000000089a00000|  0%| F|  |TAMS 0x0000000089900000, 0x0000000089900000| Untracked 
| 124|0x0000000089a00000, 0x0000000089a00000, 0x0000000089b00000|  0%| F|  |TAMS 0x0000000089a00000, 0x0000000089a00000| Untracked 
| 125|0x0000000089b00000, 0x0000000089b00000, 0x0000000089c00000|  0%| F|  |TAMS 0x0000000089b00000, 0x0000000089b00000| Untracked 
| 126|0x0000000089c00000, 0x0000000089c00000, 0x0000000089d00000|  0%| F|  |TAMS 0x0000000089c00000, 0x0000000089c00000| Untracked 
| 127|0x0000000089d00000, 0x0000000089d00000, 0x0000000089e00000|  0%| F|  |TAMS 0x0000000089d00000, 0x0000000089d00000| Untracked 
| 128|0x0000000089e00000, 0x0000000089e00000, 0x0000000089f00000|  0%| F|  |TAMS 0x0000000089e00000, 0x0000000089e00000| Untracked 
| 129|0x0000000089f00000, 0x0000000089f00000, 0x000000008a000000|  0%| F|  |TAMS 0x0000000089f00000, 0x0000000089f00000| Untracked 
| 130|0x000000008a000000, 0x000000008a000000, 0x000000008a100000|  0%| F|  |TAMS 0x000000008a000000, 0x000000008a000000| Untracked 

Card table byte_map: [0x00000123293b0000,0x00000123297b0000] _byte_map_base: 0x0000012328fa1000

Marking Bits (Prev, Next): (CMBitMap*) 0x0000012323385e80, (CMBitMap*) 0x0000012323385ec0
 Prev Bits: [0x0000012329bb0000, 0x000001232bb38000)
 Next Bits: [0x000001232bb40000, 0x000001232dac8000)

Polling page: 0x0000012321280000

Metaspace:

Usage:
  Non-class:     33.17 MB used.
      Class:      4.80 MB used.
       Both:     37.97 MB used.

Virtual space:
  Non-class space:       40.00 MB reserved,      33.38 MB ( 83%) committed,  5 nodes.
      Class space:        1.00 GB reserved,       4.94 MB ( <1%) committed,  1 nodes.
             Both:        1.04 GB reserved,      38.31 MB (  4%) committed. 

Chunk freelists:
   Non-Class:  1.84 MB
       Class:  3.06 MB
        Both:  4.91 MB

MaxMetaspaceSize: unlimited
CompressedClassSpaceSize: 1.00 GB
Initial GC threshold: 21.00 MB
Current GC threshold: 59.62 MB
CDS: off
MetaspaceReclaimPolicy: balanced
 - commit_granule_bytes: 65536.
 - commit_granule_words: 8192.
 - virtual_space_node_default_size: 1048576.
 - enlarge_chunks_in_place: 1.
 - new_chunks_are_fully_committed: 0.
 - uncommit_free_chunks: 1.
 - use_allocation_guard: 0.
 - handle_deallocations: 1.


Internal statistics:

num_allocs_failed_limit: 6.
num_arena_births: 382.
num_arena_deaths: 0.
num_vsnodes_births: 6.
num_vsnodes_deaths: 0.
num_space_committed: 613.
num_space_uncommitted: 0.
num_chunks_returned_to_freelist: 6.
num_chunks_taken_from_freelist: 1522.
num_chunk_merges: 6.
num_chunk_splits: 1042.
num_chunks_enlarged: 801.
num_purges: 0.
num_inconsistent_stats: 0.

CodeCache: size=49152Kb used=8971Kb max_used=8971Kb free=40180Kb
 bounds [0x0000012325fb0000, 0x0000012326880000, 0x0000012328fb0000]
 total_blobs=4513 nmethods=3979 adapters=459
 compilation: enabled
              stopped_count=0, restarted_count=0
 full_count=0

Compilation events (20 events):
Event: 6.999 Thread 0x000001233091fca0 nmethod 3970 0x000001232686c790 code [0x000001232686c940, 0x000001232686ca88]
Event: 6.999 Thread 0x000001232fddd2b0 3971       1       java.lang.invoke.MethodHandleImpl::makeIntrinsic (14 bytes)
Event: 6.999 Thread 0x0000012330a164d0 nmethod 3969 0x000001232686cb90 code [0x000001232686cda0, 0x000001232686d328]
Event: 6.999 Thread 0x000001232fddd2b0 nmethod 3971 0x000001232686d690 code [0x000001232686d840, 0x000001232686db18]
Event: 6.999 Thread 0x0000012330a164d0 3972       1       java.lang.invoke.MethodHandleImpl$IntrinsicMethodHandle::<init> (8 bytes)
Event: 6.999 Thread 0x0000012330a164d0 nmethod 3972 0x000001232686dc90 code [0x000001232686de40, 0x000001232686e0f8]
Event: 7.000 Thread 0x000001232fddd2b0 3973       1       java.lang.invoke.MethodHandles::constant (88 bytes)
Event: 7.000 Thread 0x0000012330a164d0 3974       1       java.lang.invoke.MethodHandles::identity (87 bytes)
Event: 7.001 Thread 0x000001232fddd2b0 nmethod 3973 0x000001232686e210 code [0x000001232686e480, 0x000001232686ebb8]
Event: 7.001 Thread 0x000001233091fca0 3975       1       java.lang.invoke.DelegatingMethodHandle::rebind (8 bytes)
Event: 7.001 Thread 0x000001233091fca0 nmethod 3975 0x000001232686ef90 code [0x000001232686f140, 0x000001232686f258]
Event: 7.001 Thread 0x000001232fddd2b0 3976       1       java.lang.invoke.SimpleMethodHandle::speciesData (4 bytes)
Event: 7.001 Thread 0x000001232fddd2b0 nmethod 3976 0x000001232686f310 code [0x000001232686f4a0, 0x000001232686f578]
Event: 7.001 Thread 0x0000012330a164d0 nmethod 3974 0x000001232686f610 code [0x000001232686f8c0, 0x0000012326870428]
Event: 7.001 Thread 0x000001233091fca0 3977       1       java.lang.invoke.SimpleMethodHandle::copyWithExtendL (7 bytes)
Event: 7.001 Thread 0x0000012330a164d0 3978       1       java.lang.invoke.BoundMethodHandle::bindSingle (7 bytes)
Event: 7.002 Thread 0x000001233091fca0 nmethod 3977 0x0000012326870b10 code [0x0000012326870ca0, 0x0000012326870e48]
Event: 7.006 Thread 0x0000012330a164d0 nmethod 3978 0x0000012326870f10 code [0x00000123268710a0, 0x0000012326871228]
Event: 7.111 Thread 0x0000012330a164d0 3979  s!   1       jdk.internal.loader.URLClassPath::getLoader (196 bytes)
Event: 7.112 Thread 0x0000012330a164d0 nmethod 3979 0x0000012326871310 code [0x00000123268715c0, 0x0000012326871fd8]

GC Heap History (20 events):
Event: 5.148 GC heap after
{Heap after GC invocations=9 (full 0):
 garbage-first heap   total 75776K, used 17169K [0x0000000081e00000, 0x0000000100000000)
  region size 1024K, 2 young (2048K), 2 survivors (2048K)
 Metaspace       used 32677K, committed 32960K, reserved 1081344K
  class space    used 4156K, committed 4288K, reserved 1048576K
}
Event: 5.659 GC heap before
{Heap before GC invocations=9 (full 0):
 garbage-first heap   total 75776K, used 51985K [0x0000000081e00000, 0x0000000100000000)
  region size 1024K, 37 young (37888K), 2 survivors (2048K)
 Metaspace       used 35182K, committed 35456K, reserved 1081344K
  class space    used 4544K, committed 4672K, reserved 1048576K
}
Event: 5.666 GC heap after
{Heap after GC invocations=10 (full 0):
 garbage-first heap   total 75776K, used 23642K [0x0000000081e00000, 0x0000000100000000)
  region size 1024K, 5 young (5120K), 5 survivors (5120K)
 Metaspace       used 35182K, committed 35456K, reserved 1081344K
  class space    used 4544K, committed 4672K, reserved 1048576K
}
Event: 5.834 GC heap before
{Heap before GC invocations=10 (full 0):
 garbage-first heap   total 75776K, used 51290K [0x0000000081e00000, 0x0000000100000000)
  region size 1024K, 33 young (33792K), 5 survivors (5120K)
 Metaspace       used 35525K, committed 35840K, reserved 1081344K
  class space    used 4599K, committed 4736K, reserved 1048576K
}
Event: 5.841 GC heap after
{Heap after GC invocations=11 (full 0):
 garbage-first heap   total 75776K, used 28485K [0x0000000081e00000, 0x0000000100000000)
  region size 1024K, 5 young (5120K), 5 survivors (5120K)
 Metaspace       used 35525K, committed 35840K, reserved 1081344K
  class space    used 4599K, committed 4736K, reserved 1048576K
}
Event: 5.903 GC heap before
{Heap before GC invocations=11 (full 0):
 garbage-first heap   total 75776K, used 54085K [0x0000000081e00000, 0x0000000100000000)
  region size 1024K, 30 young (30720K), 5 survivors (5120K)
 Metaspace       used 35939K, committed 36288K, reserved 1081344K
  class space    used 4623K, committed 4736K, reserved 1048576K
}
Event: 5.910 GC heap after
{Heap after GC invocations=12 (full 0):
 garbage-first heap   total 75776K, used 32755K [0x0000000081e00000, 0x0000000100000000)
  region size 1024K, 4 young (4096K), 4 survivors (4096K)
 Metaspace       used 35939K, committed 36288K, reserved 1081344K
  class space    used 4623K, committed 4736K, reserved 1048576K
}
Event: 5.920 GC heap before
{Heap before GC invocations=12 (full 0):
 garbage-first heap   total 75776K, used 35827K [0x0000000081e00000, 0x0000000100000000)
  region size 1024K, 8 young (8192K), 4 survivors (4096K)
 Metaspace       used 36001K, committed 36288K, reserved 1081344K
  class space    used 4624K, committed 4736K, reserved 1048576K
}
Event: 5.924 GC heap after
{Heap after GC invocations=13 (full 0):
 garbage-first heap   total 75776K, used 34269K [0x0000000081e00000, 0x0000000100000000)
  region size 1024K, 1 young (1024K), 1 survivors (1024K)
 Metaspace       used 36001K, committed 36288K, reserved 1081344K
  class space    used 4624K, committed 4736K, reserved 1048576K
}
Event: 5.997 GC heap before
{Heap before GC invocations=13 (full 0):
 garbage-first heap   total 89088K, used 55773K [0x0000000081e00000, 0x0000000100000000)
  region size 1024K, 23 young (23552K), 1 survivors (1024K)
 Metaspace       used 36351K, committed 36672K, reserved 1081344K
  class space    used 4661K, committed 4800K, reserved 1048576K
}
Event: 6.003 GC heap after
{Heap after GC invocations=14 (full 0):
 garbage-first heap   total 134144K, used 37696K [0x0000000081e00000, 0x0000000100000000)
  region size 1024K, 3 young (3072K), 3 survivors (3072K)
 Metaspace       used 36351K, committed 36672K, reserved 1081344K
  class space    used 4661K, committed 4800K, reserved 1048576K
}
Event: 6.478 GC heap before
{Heap before GC invocations=15 (full 0):
 garbage-first heap   total 134144K, used 95040K [0x0000000081e00000, 0x0000000100000000)
  region size 1024K, 59 young (60416K), 3 survivors (3072K)
 Metaspace       used 38326K, committed 38656K, reserved 1089536K
  class space    used 4826K, committed 4992K, reserved 1048576K
}
Event: 6.496 GC heap after
{Heap after GC invocations=16 (full 0):
 garbage-first heap   total 134144K, used 52668K [0x0000000081e00000, 0x0000000100000000)
  region size 1024K, 8 young (8192K), 8 survivors (8192K)
 Metaspace       used 38326K, committed 38656K, reserved 1089536K
  class space    used 4826K, committed 4992K, reserved 1048576K
}
Event: 6.970 GC heap before
{Heap before GC invocations=16 (full 0):
 garbage-first heap   total 134144K, used 92604K [0x0000000081e00000, 0x0000000100000000)
  region size 1024K, 47 young (48128K), 8 survivors (8192K)
 Metaspace       used 38746K, committed 39104K, reserved 1089536K
  class space    used 4896K, committed 5056K, reserved 1048576K
}
Event: 6.996 GC heap after
{Heap after GC invocations=17 (full 0):
 garbage-first heap   total 134144K, used 66494K [0x0000000081e00000, 0x0000000100000000)
  region size 1024K, 6 young (6144K), 6 survivors (6144K)
 Metaspace       used 38746K, committed 39104K, reserved 1089536K
  class space    used 4896K, committed 5056K, reserved 1048576K
}
Event: 7.068 GC heap before
{Heap before GC invocations=17 (full 0):
 garbage-first heap   total 134144K, used 98238K [0x0000000081e00000, 0x0000000100000000)
  region size 1024K, 38 young (38912K), 6 survivors (6144K)
 Metaspace       used 38801K, committed 39168K, reserved 1089536K
  class space    used 4911K, committed 5056K, reserved 1048576K
}
Event: 7.073 GC heap after
{Heap after GC invocations=18 (full 0):
 garbage-first heap   total 134144K, used 69553K [0x0000000081e00000, 0x0000000100000000)
  region size 1024K, 2 young (2048K), 2 survivors (2048K)
 Metaspace       used 38801K, committed 39168K, reserved 1089536K
  class space    used 4911K, committed 5056K, reserved 1048576K
}
Event: 7.192 GC heap before
{Heap before GC invocations=18 (full 0):
 garbage-first heap   total 134144K, used 101297K [0x0000000081e00000, 0x0000000100000000)
  region size 1024K, 34 young (34816K), 2 survivors (2048K)
 Metaspace       used 38881K, committed 39232K, reserved 1089536K
  class space    used 4917K, committed 5056K, reserved 1048576K
}
Event: 7.194 GC heap after
{Heap after GC invocations=19 (full 0):
 garbage-first heap   total 134144K, used 70425K [0x0000000081e00000, 0x0000000100000000)
  region size 1024K, 3 young (3072K), 3 survivors (3072K)
 Metaspace       used 38881K, committed 39232K, reserved 1089536K
  class space    used 4917K, committed 5056K, reserved 1048576K
}
Event: 7.273 GC heap before
{Heap before GC invocations=19 (full 0):
 garbage-first heap   total 134144K, used 103193K [0x0000000081e00000, 0x0000000100000000)
  region size 1024K, 36 young (36864K), 3 survivors (3072K)
 Metaspace       used 38881K, committed 39232K, reserved 1089536K
  class space    used 4917K, committed 5056K, reserved 1048576K
}

Dll operation events (8 events):
Event: 0.016 Loaded shared library c:\Users\User\.vscode\extensions\redhat.java-1.13.0-win32-x64\jre\17.0.5-win32-x86_64\bin\java.dll
Event: 0.406 Loaded shared library C:\Users\User\.vscode\extensions\redhat.java-1.13.0-win32-x64\jre\17.0.5-win32-x86_64\bin\net.dll
Event: 0.409 Loaded shared library C:\Users\User\.vscode\extensions\redhat.java-1.13.0-win32-x64\jre\17.0.5-win32-x86_64\bin\nio.dll
Event: 0.430 Loaded shared library C:\Users\User\.vscode\extensions\redhat.java-1.13.0-win32-x64\jre\17.0.5-win32-x86_64\bin\zip.dll
Event: 1.116 Loaded shared library c:\Users\User\.vscode\extensions\redhat.java-1.13.0-win32-x64\jre\17.0.5-win32-x86_64\bin\verify.dll
Event: 1.136 Loaded shared library C:\Users\User\.vscode\extensions\redhat.java-1.13.0-win32-x64\jre\17.0.5-win32-x86_64\bin\jimage.dll
Event: 2.838 Loaded shared library C:\Users\User\.vscode\extensions\redhat.java-1.13.0-win32-x64\jre\17.0.5-win32-x86_64\bin\management.dll
Event: 2.847 Loaded shared library C:\Users\User\.vscode\extensions\redhat.java-1.13.0-win32-x64\jre\17.0.5-win32-x86_64\bin\management_ext.dll

Deoptimization events (10 events):
Event: 3.154 Thread 0x000001232332d9b0 DEOPT PACKING pc=0x000001232647f199 sp=0x0000000b424fd270
Event: 3.154 Thread 0x000001232332d9b0 DEOPT UNPACKING pc=0x0000012326002b43 sp=0x0000000b424fc750 mode 3
Event: 5.329 Thread 0x0000012332911f70 DEOPT PACKING pc=0x00000123266ac3b5 sp=0x0000000b43ffe210
Event: 5.329 Thread 0x0000012332911f70 DEOPT UNPACKING pc=0x0000012326002b43 sp=0x0000000b43ffd728 mode 3
Event: 5.440 Thread 0x0000012332913450 DEOPT PACKING pc=0x00000123266c34ab sp=0x0000000b440fe4e0
Event: 5.440 Thread 0x0000012332913450 DEOPT UNPACKING pc=0x0000012326002b43 sp=0x0000000b440fda28 mode 3
Event: 5.749 Thread 0x0000012331131110 DEOPT PACKING pc=0x000001232647ce81 sp=0x0000000b448ff230
Event: 5.749 Thread 0x0000012331131110 DEOPT UNPACKING pc=0x0000012326002b43 sp=0x0000000b448fe6c0 mode 3
Event: 5.772 Thread 0x000001233112fdd0 DEOPT PACKING pc=0x000001232647a297 sp=0x0000000b445fefb0
Event: 5.772 Thread 0x000001233112fdd0 DEOPT UNPACKING pc=0x0000012326002b43 sp=0x0000000b445fe408 mode 3

Classes unloaded (0 events):
No events

Classes redefined (0 events):
No events

Internal exceptions (20 events):
Event: 5.497 Thread 0x00000123329e54e0 Exception <a 'sun/nio/fs/WindowsException'{0x0000000085a99908}> (0x0000000085a99908) 
thrown [s\src\hotspot\share\prims\jni.cpp, line 516]
Event: 5.497 Thread 0x00000123329e54e0 Exception <a 'sun/nio/fs/WindowsException'{0x0000000085a99ca8}> (0x0000000085a99ca8) 
thrown [s\src\hotspot\share\prims\jni.cpp, line 516]
Event: 5.497 Thread 0x00000123329e54e0 Exception <a 'sun/nio/fs/WindowsException'{0x0000000085a9a6a0}> (0x0000000085a9a6a0) 
thrown [s\src\hotspot\share\prims\jni.cpp, line 516]
Event: 5.497 Thread 0x00000123329e54e0 Exception <a 'sun/nio/fs/WindowsException'{0x0000000085a9aa58}> (0x0000000085a9aa58) 
thrown [s\src\hotspot\share\prims\jni.cpp, line 516]
Event: 5.498 Thread 0x00000123329e54e0 Exception <a 'sun/nio/fs/WindowsException'{0x0000000085a9b440}> (0x0000000085a9b440) 
thrown [s\src\hotspot\share\prims\jni.cpp, line 516]
Event: 5.498 Thread 0x00000123329e54e0 Exception <a 'sun/nio/fs/WindowsException'{0x0000000085a9b7e8}> (0x0000000085a9b7e8) 
thrown [s\src\hotspot\share\prims\jni.cpp, line 516]
Event: 5.498 Thread 0x00000123329e54e0 Exception <a 'sun/nio/fs/WindowsException'{0x0000000085a9c1e0}> (0x0000000085a9c1e0) 
thrown [s\src\hotspot\share\prims\jni.cpp, line 516]
Event: 5.498 Thread 0x00000123329e54e0 Exception <a 'sun/nio/fs/WindowsException'{0x0000000085a9c598}> (0x0000000085a9c598) 
thrown [s\src\hotspot\share\prims\jni.cpp, line 516]
Event: 5.499 Thread 0x00000123329e54e0 Exception <a 'sun/nio/fs/WindowsException'{0x0000000085a9cfa8}> (0x0000000085a9cfa8) 
thrown [s\src\hotspot\share\prims\jni.cpp, line 516]
Event: 5.499 Thread 0x00000123329e54e0 Exception <a 'sun/nio/fs/WindowsException'{0x0000000085a9d380}> (0x0000000085a9d380) 
thrown [s\src\hotspot\share\prims\jni.cpp, line 516]
Event: 5.499 Thread 0x00000123329e54e0 Exception <a 'sun/nio/fs/WindowsException'{0x0000000085a9dda8}> (0x0000000085a9dda8) 
thrown [s\src\hotspot\share\prims\jni.cpp, line 516]
Event: 5.499 Thread 0x00000123329e54e0 Exception <a 'sun/nio/fs/WindowsException'{0x0000000085a9e198}> (0x0000000085a9e198) 
thrown [s\src\hotspot\share\prims\jni.cpp, line 516]
Event: 5.501 Thread 0x00000123329e54e0 Exception <a 'sun/nio/fs/WindowsException'{0x0000000085a9ebb8}> (0x0000000085a9ebb8) 
thrown [s\src\hotspot\share\prims\jni.cpp, line 516]
Event: 5.501 Thread 0x00000123329e54e0 Exception <a 'sun/nio/fs/WindowsException'{0x0000000085a9efa0}> (0x0000000085a9efa0) 
thrown [s\src\hotspot\share\prims\jni.cpp, line 516]
Event: 5.543 Thread 0x0000012332911f70 Exception <a 'java/lang/NoSuchMethodError'{0x0000000085514440}: 'int java.lang.invoke.DirectMethodHandle$Holder.invokeStatic(java.lang.Object)'> (0x0000000085514440) 
thrown [s\src\hotspot\share\interpreter\linkResolver.cpp, line 759]
Event: 5.544 Thread 0x0000012332911f70 Exception <a 'java/lang/NoSuchMethodError'{0x0000000085517ae8}: 'int java.lang.invoke.DirectMethodHandle$Holder.invokeStaticInit(java.lang.Object)'> (0x0000000085517ae8) 
thrown [s\src\hotspot\share\interpreter\linkResolver.cpp, line 759]
Event: 6.279 Thread 0x0000012332911f70 Exception <a 'java/lang/NoSuchMethodError'{0x0000000087415248}: 'java.lang.Object java.lang.invoke.Invokers$Holder.invoke_MT(java.lang.Object, java.lang.Object, java.lang.Object)'> (0x0000000087415248) 
thrown [s\src\hotspot\share\interpreter\linkResolver.cpp, line 759]
Event: 6.584 Thread 0x0000012332911f70 Exception <a 'java/lang/NoSuchMethodError'{0x0000000089b35ce0}: 'java.lang.Object java.lang.invoke.DirectMethodHandle$Holder.newInvokeSpecial(java.lang.Object, java.lang.Object, int)'> (0x0000000089b35ce0) 
thrown [s\src\hotspot\share\interpreter\linkResolver.cpp, line 759]
Event: 6.754 Thread 0x000001233112e5c0 Exception <a 'java/lang/NoSuchMethodError'{0x00000000890622e8}: 'java.lang.Object java.lang.invoke.Invokers$Holder.linkToTargetMethod(java.lang.Object, long, java.lang.Object)'> (0x00000000890622e8) 
thrown [s\src\hotspot\share\interpreter\linkResolver.cpp, line 759]
Event: 6.768 Thread 0x000001233112e5c0 Exception <a 'sun/nio/fs/WindowsException'{0x0000000088f4a768}> (0x0000000088f4a768) 
thrown [s\src\hotspot\share\prims\jni.cpp, line 516]

VM Operations (20 events):
Event: 6.270 Executing VM operation: HandshakeAllThreads done
Event: 6.375 Executing VM operation: HandshakeAllThreads
Event: 6.376 Executing VM operation: HandshakeAllThreads done
Event: 6.474 Executing VM operation: G1CollectForAllocation
Event: 6.496 Executing VM operation: G1CollectForAllocation done
Event: 6.965 Executing VM operation: G1CollectForAllocation
Event: 7.000 Executing VM operation: G1CollectForAllocation done
Event: 7.018 Executing VM operation: HandshakeAllThreads
Event: 7.066 Executing VM operation: HandshakeAllThreads done
Event: 7.067 Executing VM operation: HandshakeAllThreads
Event: 7.067 Executing VM operation: HandshakeAllThreads done
Event: 7.068 Executing VM operation: G1CollectForAllocation
Event: 7.074 Executing VM operation: G1CollectForAllocation done
Event: 7.125 Executing VM operation: G1CollectForAllocation
Event: 7.192 Executing VM operation: G1CollectForAllocation done
Event: 7.192 Executing VM operation: G1CollectForAllocation
Event: 7.194 Executing VM operation: G1CollectForAllocation done
Event: 7.236 Executing VM operation: G1CollectForAllocation
Event: 7.271 Executing VM operation: G1CollectForAllocation done
Event: 7.272 Executing VM operation: G1CollectForAllocation

Events (20 events):
Event: 6.443 loading class java/nio/channels/Channels$ReadableByteChannelImpl done
Event: 6.444 loading class java/nio/channels/NonWritableChannelException
Event: 6.444 loading class java/nio/channels/NonWritableChannelException done
Event: 6.578 loading class java/util/WeakHashMap$EntrySet
Event: 6.578 loading class java/util/WeakHashMap$EntrySet done
Event: 6.578 loading class java/util/WeakHashMap$EntryIterator
Event: 6.578 loading class java/util/WeakHashMap$HashIterator
Event: 6.578 loading class java/util/WeakHashMap$HashIterator done
Event: 6.578 loading class java/util/WeakHashMap$EntryIterator done
Event: 6.622 Thread 0x000001233112e5c0 Thread added: 0x000001233112e5c0
Event: 6.653 Thread 0x00000123311315e0 Thread added: 0x00000123311315e0
Event: 6.755 Thread 0x00000123311302a0 Thread added: 0x00000123311302a0
Event: 6.758 loading class sun/security/provider/MD5
Event: 6.758 loading class sun/security/provider/MD5 done
Event: 6.758 loading class sun/security/provider/ByteArrayAccess$LE
Event: 6.758 loading class sun/security/provider/ByteArrayAccess$LE done
Event: 6.997 loading class java/nio/file/FileTreeIterator
Event: 6.997 loading class java/nio/file/FileTreeIterator done
Event: 6.999 loading class java/util/stream/ForEachOps$ForEachOp$OfRef
Event: 6.999 loading class java/util/stream/ForEachOps$ForEachOp$OfRef done


Dynamic libraries:
0x00007ff709d40000 - 0x00007ff709d4e000 	c:\Users\User\.vscode\extensions\redhat.java-1.13.0-win32-x64\jre\17.0.5-win32-x86_64\bin\java.exe
0x00007ffcf5230000 - 0x00007ffcf5428000 	C:\Windows\SYSTEM32\ntdll.dll
0x00007ffccd5e0000 - 0x00007ffccd5f7000 	C:\Program Files\AVG\Antivirus\aswhook.dll
0x00007ffcf3620000 - 0x00007ffcf36df000 	C:\Windows\System32\KERNEL32.DLL
0x00007ffcf2cc0000 - 0x00007ffcf2f92000 	C:\Windows\System32\KERNELBASE.dll
0x00007ffcf2a60000 - 0x00007ffcf2b60000 	C:\Windows\System32\ucrtbase.dll
0x00007ffcd6e80000 - 0x00007ffcd6e97000 	c:\Users\User\.vscode\extensions\redhat.java-1.13.0-win32-x64\jre\17.0.5-win32-x86_64\bin\jli.dll
0x00007ffcf3fe0000 - 0x00007ffcf417d000 	C:\Windows\System32\USER32.dll
0x00007ffcf2930000 - 0x00007ffcf2952000 	C:\Windows\System32\win32u.dll
0x00007ffcd58e0000 - 0x00007ffcd58f9000 	c:\Users\User\.vscode\extensions\redhat.java-1.13.0-win32-x64\jre\17.0.5-win32-x86_64\bin\VCRUNTIME140.dll
0x00007ffcf3590000 - 0x00007ffcf35bb000 	C:\Windows\System32\GDI32.dll
0x00007ffcf3170000 - 0x00007ffcf327f000 	C:\Windows\System32\gdi32full.dll
0x00007ffcdd050000 - 0x00007ffcdd2ea000 	C:\Windows\WinSxS\amd64_microsoft.windows.common-controls_6595b64144ccf1df_6.0.19041.1110_none_60b5254171f9507e\COMCTL32.dll
0x00007ffcf3040000 - 0x00007ffcf30dd000 	C:\Windows\System32\msvcp_win.dll
0x00007ffcf3bc0000 - 0x00007ffcf3c5e000 	C:\Windows\System32\msvcrt.dll
0x00007ffcf5190000 - 0x00007ffcf51c2000 	C:\Windows\System32\IMM32.DLL
0x00007ffcd9530000 - 0x00007ffcd953c000 	c:\Users\User\.vscode\extensions\redhat.java-1.13.0-win32-x64\jre\17.0.5-win32-x86_64\bin\vcruntime140_1.dll
0x00007ffcb9af0000 - 0x00007ffcb9b81000 	c:\Users\User\.vscode\extensions\redhat.java-1.13.0-win32-x64\jre\17.0.5-win32-x86_64\bin\msvcp140.dll
0x00007ffc5ffa0000 - 0x00007ffc60be4000 	c:\Users\User\.vscode\extensions\redhat.java-1.13.0-win32-x64\jre\17.0.5-win32-x86_64\bin\server\jvm.dll
0x00007ffcf37a0000 - 0x00007ffcf384e000 	C:\Windows\System32\ADVAPI32.dll
0x00007ffcf32e0000 - 0x00007ffcf337c000 	C:\Windows\System32\sechost.dll
0x00007ffcf3460000 - 0x00007ffcf3585000 	C:\Windows\System32\RPCRT4.dll
0x00007ffcecec0000 - 0x00007ffcececa000 	C:\Windows\SYSTEM32\VERSION.dll
0x00007ffce0a00000 - 0x00007ffce0a09000 	C:\Windows\SYSTEM32\WSOCK32.dll
0x00007ffcd8c40000 - 0x00007ffcd8c67000 	C:\Windows\SYSTEM32\WINMM.dll
0x00007ffcf3f10000 - 0x00007ffcf3f7b000 	C:\Windows\System32\WS2_32.dll
0x00007ffcf07b0000 - 0x00007ffcf07c2000 	C:\Windows\SYSTEM32\kernel.appcore.dll
0x00007ffcd9470000 - 0x00007ffcd947a000 	c:\Users\User\.vscode\extensions\redhat.java-1.13.0-win32-x64\jre\17.0.5-win32-x86_64\bin\jimage.dll
0x00007ffceb070000 - 0x00007ffceb254000 	C:\Windows\SYSTEM32\DBGHELP.DLL
0x00007ffceafb0000 - 0x00007ffceafdc000 	C:\Windows\SYSTEM32\dbgcore.DLL
0x00007ffcf30e0000 - 0x00007ffcf3162000 	C:\Windows\System32\bcryptPrimitives.dll
0x00007ffcd5700000 - 0x00007ffcd5725000 	c:\Users\User\.vscode\extensions\redhat.java-1.13.0-win32-x64\jre\17.0.5-win32-x86_64\bin\java.dll
0x00007ffcd56e0000 - 0x00007ffcd56f8000 	c:\Users\User\.vscode\extensions\redhat.java-1.13.0-win32-x64\jre\17.0.5-win32-x86_64\bin\zip.dll
0x00007ffcf4a40000 - 0x00007ffcf5183000 	C:\Windows\System32\SHELL32.dll
0x00007ffcf09b0000 - 0x00007ffcf1142000 	C:\Windows\SYSTEM32\windows.storage.dll
0x00007ffcf4680000 - 0x00007ffcf49d4000 	C:\Windows\System32\combase.dll
0x00007ffcf21d0000 - 0x00007ffcf2200000 	C:\Windows\SYSTEM32\Wldp.dll
0x00007ffcf36f0000 - 0x00007ffcf379d000 	C:\Windows\System32\SHCORE.dll
0x00007ffcf35c0000 - 0x00007ffcf3615000 	C:\Windows\System32\shlwapi.dll
0x00007ffcf2870000 - 0x00007ffcf288f000 	C:\Windows\SYSTEM32\profapi.dll
0x00007ffcd5560000 - 0x00007ffcd5579000 	C:\Users\User\.vscode\extensions\redhat.java-1.13.0-win32-x64\jre\17.0.5-win32-x86_64\bin\net.dll
0x00007ffce7150000 - 0x00007ffce725c000 	C:\Windows\SYSTEM32\WINHTTP.dll
0x00007ffcf1fb0000 - 0x00007ffcf201a000 	C:\Windows\system32\mswsock.dll
0x00007ffcd54a0000 - 0x00007ffcd54b5000 	C:\Users\User\.vscode\extensions\redhat.java-1.13.0-win32-x64\jre\17.0.5-win32-x86_64\bin\nio.dll
0x00007ffcd6e50000 - 0x00007ffcd6e60000 	c:\Users\User\.vscode\extensions\redhat.java-1.13.0-win32-x64\jre\17.0.5-win32-x86_64\bin\verify.dll
0x00007ffcd5980000 - 0x00007ffcd5989000 	C:\Users\User\.vscode\extensions\redhat.java-1.13.0-win32-x64\jre\17.0.5-win32-x86_64\bin\management.dll
0x00007ffcd5460000 - 0x00007ffcd546b000 	C:\Users\User\.vscode\extensions\redhat.java-1.13.0-win32-x64\jre\17.0.5-win32-x86_64\bin\management_ext.dll
0x00007ffcf36e0000 - 0x00007ffcf36e8000 	C:\Windows\System32\PSAPI.DLL
0x00007ffcd4770000 - 0x00007ffcd4787000 	C:\Windows\system32\napinsp.dll
0x00007ffcd4750000 - 0x00007ffcd476b000 	C:\Windows\system32\pnrpnsp.dll
0x00007ffcd4550000 - 0x00007ffcd4565000 	C:\Windows\system32\wshbth.dll
0x00007ffcee410000 - 0x00007ffcee42d000 	C:\Windows\system32\NLAapi.dll
0x00007ffcf1cc0000 - 0x00007ffcf1cfb000 	C:\Windows\SYSTEM32\IPHLPAPI.DLL
0x00007ffcf1d00000 - 0x00007ffcf1dca000 	C:\Windows\SYSTEM32\DNSAPI.dll
0x00007ffcf3380000 - 0x00007ffcf3388000 	C:\Windows\System32\NSI.dll
0x00007ffcd45c0000 - 0x00007ffcd45d2000 	C:\Windows\System32\winrnr.dll
0x00000000560c0000 - 0x00000000560e6000 	C:\Program Files\Bonjour\mdnsNSP.dll
0x00007ffce1c40000 - 0x00007ffce1c4a000 	C:\Windows\System32\rasadhlp.dll
0x00007ffcea030000 - 0x00007ffcea0b0000 	C:\Windows\System32\fwpuclnt.dll
0x00007ffcf3010000 - 0x00007ffcf3037000 	C:\Windows\System32\bcrypt.dll
0x00007ffcf2510000 - 0x00007ffcf2528000 	C:\Windows\SYSTEM32\CRYPTSP.dll
0x00007ffcf18f0000 - 0x00007ffcf1924000 	C:\Windows\system32\rsaenh.dll
0x00007ffcf2830000 - 0x00007ffcf285e000 	C:\Windows\SYSTEM32\USERENV.dll
0x00007ffcf2140000 - 0x00007ffcf214c000 	C:\Windows\SYSTEM32\CRYPTBASE.dll
0x00007ffcebac0000 - 0x00007ffcebad7000 	C:\Windows\SYSTEM32\dhcpcsvc6.DLL
0x00007ffcebda0000 - 0x00007ffcebdbd000 	C:\Windows\SYSTEM32\dhcpcsvc.DLL

dbghelp: loaded successfully - version: 4.0.5 - missing functions: none
symbol engine: initialized successfully - sym options: 0x614 - pdb path: .;c:\Users\User\.vscode\extensions\redhat.java-1.13.0-win32-x64\jre\17.0.5-win32-x86_64\bin;C:\Windows\SYSTEM32;C:\Program Files\AVG\Antivirus;C:\Windows\WinSxS\amd64_microsoft.windows.common-controls_6595b64144ccf1df_6.0.19041.1110_none_60b5254171f9507e;c:\Users\User\.vscode\extensions\redhat.java-1.13.0-win32-x64\jre\17.0.5-win32-x86_64\bin\server;C:\Program Files\Bonjour

VM Arguments:
jvm_args: -Dsts.lsp.client=vscode -Dsts.log.file=/dev/null -XX:TieredStopAtLevel=1 -Xlog:jni+resolve=off -Dspring.config.location=file:c:\Users\User\.vscode\extensions\pivotal.vscode-spring-boot-1.40.0\language-server\BOOT-INF\classes\application.properties 
java_command: org.springframework.ide.vscode.boot.app.BootLanguageServerBootApp
java_class_path (initial): c:\Users\User\.vscode\extensions\pivotal.vscode-spring-boot-1.40.0\language-server\BOOT-INF\classes;c:\Users\User\.vscode\extensions\pivotal.vscode-spring-boot-1.40.0\language-server\BOOT-INF\lib\annotations-23.0.0.jar;c:\Users\User\.vscode\extensions\pivotal.vscode-spring-boot-1.40.0\language-server\BOOT-INF\lib\ant-1.10.12.jar;c:\Users\User\.vscode\extensions\pivotal.vscode-spring-boot-1.40.0\language-server\BOOT-INF\lib\ant-launcher-1.10.12.jar;c:\Users\User\.vscode\extensions\pivotal.vscode-spring-boot-1.40.0\language-server\BOOT-INF\lib\antlr-runtime-3.5.2.jar;c:\Users\User\.vscode\extensions\pivotal.vscode-spring-boot-1.40.0\language-server\BOOT-INF\lib\antlr4-4.9.3.jar;c:\Users\User\.vscode\extensions\pivotal.vscode-spring-boot-1.40.0\language-server\BOOT-INF\lib\antlr4-runtime-4.9.3.jar;c:\Users\User\.vscode\extensions\pivotal.vscode-spring-boot-1.40.0\language-server\BOOT-INF\lib\asm-9.3.jar;c:\Users\User\.vscode\extensions\pivotal.vscode-spring-boot-1.40.0\language-server\BOOT-INF\lib\asm-analysis-9.3.jar;c:\Users\User\.vscode\extensions\pivotal.vscode-spring-boot-1.40.0\language-server\BOOT-INF\lib\asm-tree-9.3.jar;c:\Users\User\.vscode\extensions\pivotal.vscode-spring-boot-1.40.0\language-server\BOOT-INF\lib\asm-util-9.3.jar;c:\Users\User\.vscode\extensions\pivotal.vscode-spring-boot-1.40.0\language-server\BOOT-INF\lib\byte-buddy-1.12.13.jar;c:\Users\User\.vscode\extensions\pivotal.vscode-spring-boot-1.40.0\language-server\BOOT-INF\lib\caffeine-2.9.3.jar;c:\Users\User\.vscode\extensions\pivotal.vscode-spring-boot-1.40.0\language-server\BOOT-INF\lib\checker-qual-3.12.0.jar;c:\Users\User\.vscode\extensions\pivotal.vscode-spring-boot-1.40.0\language-server\BOOT-INF\lib\classgraph-4.8.149.jar;c:\Users\User\.vscode\extensions\pivotal.vscode-spring-boot-1.40.0\language-server\BOOT-INF\lib\commons-codec-1.15.jar;c:\Users\User\.vscode\extensions\pivotal.vscode-spring-boot-1.40.0\language-server\BOOT-INF\lib\commons-compress-1.21.jar;
Launcher Type: SUN_STANDARD

[Global flags]
     intx CICompilerCount                          = 3                                         {product} {ergonomic}
     uint ConcGCThreads                            = 1                                         {product} {ergonomic}
     uint G1ConcRefinementThreads                  = 4                                         {product} {ergonomic}
   size_t G1HeapRegionSize                         = 1048576                                   {product} {ergonomic}
    uintx GCDrainStackTargetSize                   = 64                                        {product} {ergonomic}
   size_t InitialHeapSize                          = 134217728                                 {product} {ergonomic}
   size_t MarkStackSize                            = 4194304                                   {product} {ergonomic}
   size_t MaxHeapSize                              = 2116026368                                {product} {ergonomic}
   size_t MaxNewSize                               = 1268776960                                {product} {ergonomic}
   size_t MinHeapDeltaBytes                        = 1048576                                   {product} {ergonomic}
   size_t MinHeapSize                              = 8388608                                   {product} {ergonomic}
    uintx NonProfiledCodeHeapSize                  = 0                                      {pd product} {ergonomic}
     bool ProfileInterpreter                       = false                                  {pd product} {command line}
    uintx ProfiledCodeHeapSize                     = 0                                      {pd product} {ergonomic}
   size_t SoftMaxHeapSize                          = 2116026368                             {manageable} {ergonomic}
     intx TieredStopAtLevel                        = 1                                         {product} {command line}
     bool UseCompressedClassPointers               = true                           {product lp64_product} {ergonomic}
     bool UseCompressedOops                        = true                           {product lp64_product} {ergonomic}
     bool UseG1GC                                  = true                                      {product} {ergonomic}
     bool UseLargePagesIndividualAllocation        = false                                  {pd product} {ergonomic}

Logging:
Log output configuration:
 #0: stdout all=warning,jni+resolve=off uptime,level,tags
 #1: stderr all=off uptime,level,tags

Environment Variables:
PATH=C:\Program Files\Java\jdk1.8.0_202\bin;C:\Program Files\Common Files\Oracle\Java\javapath;C:\Program Files (x86)\Common Files\Oracle\Java\javapath;C:\Python310\Scripts\;C:\Python310\;C:\Program Files\Java\jdk-17.0.1\bin;C:\Windows\system32;C:\Windows;C:\Windows\System32\Wbem;C:\Windows\System32\WindowsPowerShell\v1.0\;C:\Windows\System32\OpenSSH\;C:\Program Files\Java\jdk1.8.0_311\bin;C:\Program Files\Java\jdk-16.0.2;C:\gradle-7.3.1\bin;C:\Program Files\PostgreSQL\10\bin;C:\Program Files\Git\cmd;C:\MinGW\bin;C:\Program Files (x86)\Vim\vim82;C:\Users\User\Downloads\grupo-1-master-Entrega 1\Entrega 1;C:\ProgramData\chocolatey\bin;C:\Program Files\Docker\Docker\resources\bin;C:\ProgramData\DockerDesktop\version-bin;C:\gradle-7.5.1\bin;C:\Program Files\Java\jdk-16.0.2\bin;C:\Users\User\AppData\Roaming\nvm;C:\Program Files\nodejs;C:\Program Files\Java\jdk1.8.0_202\bin;C:\Program Files\MySQL\MySQL Shell 8.0\bin\;C:\Users\User\AppData\Local\Microsoft\WindowsApps;C:\Program Files\JetBrains\IntelliJ IDEA Community Edition 2021.2.3\bin;C:\john\run;C:\Program Files\JetBrains\IntelliJ IDEA 2021.3\bin;C:\Program Files\JetBrains\PyCharm 2021.3\bin;C:\Users\User\AppData\Local\GitHubDesktop\bin;C:\MinGW\bin;C:\Program Files (x86)\Vim\vim82;C:\Users\User\Downloads\grupo-1-master-Entrega 1\Entrega 1;C:\Users\User\AppData\Roaming\cabal\bin;C:\tools\ghc-9.2.3\bin;C:\tools\msys64;C:\ghcup\bin;C:\Users\User\AppData\Roaming\npm;C:\Users\User\AppData\Local\Programs\Microsoft VS Code\bin;C:\Users\User\apache-maven-3.8.6\bin;C:\Program Files\Java\jdk-18.0.2.1\bin;C:\Program Files\Java\jdk-17.0.4.1\bin;C:\gradle-7.5.1\bin;C:\Program Files\JetBrains\PyCharm 2022.2.3\bin;;C:\Program Files\JetBrains\PyCharm Community Edition 2022.2.3\bin;;C:\Program Files\JetBrains\IntelliJ IDEA 2022.2.3\bin;;C:\Program Files\Java\jdk-16.0.2\bin;C:\Program Files\JetBrains\CLion 2022.2.4\bin;;C:\Users\User\AppData\Roaming\nvm;C:\Program Files\nodejs
USERNAME=User
OS=Windows_NT
PROCESSOR_IDENTIFIER=Intel64 Family 6 Model 142 Stepping 9, GenuineIntel
TMP=C:\Users\User\AppData\Local\Temp
TEMP=C:\Users\User\AppData\Local\Temp



---------------  S Y S T E M  ---------------

OS:
 Windows 10 , 64 bit Build 19041 (10.0.19041.2251)
OS uptime: 0 days 2:55 hours
Hyper-V role detected

CPU: total 4 (initial active 4) (2 cores per cpu, 2 threads per core) family 6 model 142 stepping 9 microcode 0xb4, cx8, cmov, fxsr, ht, mmx, 3dnowpref, sse, sse2, sse3, ssse3, sse4.1, sse4.2, popcnt, lzcnt, tsc, tscinvbit, avx, avx2, aes, erms, clmul, bmi1, bmi2, adx, fma, vzeroupper, clflush, clflushopt, hv

Memory: 4k page, system-wide physical 8067M (324M free)
TotalPageFile size 16259M (AvailPageFile size 56M)
current process WorkingSet (physical memory assigned to process): 237M, peak: 237M
current process commit charge ("private bytes"): 264M, peak: 324M

vm_info: OpenJDK 64-Bit Server VM (17.0.5+8) for windows-amd64 JRE (17.0.5+8), built on Oct 19 2022 04:48:13 by "temurin" with MS VC++ 16.7 (VS2019)

END.
